[2025-07-22T10:10:09.326+0000] {local_task_job_runner.py:123} INFO - ::group::Pre task execution logs
[2025-07-22T10:10:09.354+0000] {taskinstance.py:2613} INFO - Dependencies all met for dep_context=non-requeueable deps ti=<TaskInstance: etl_postgres.load_songplays_fact_table scheduled__2025-07-22T09:00:00+00:00 [queued]>
[2025-07-22T10:10:09.372+0000] {taskinstance.py:2613} INFO - Dependencies all met for dep_context=requeueable deps ti=<TaskInstance: etl_postgres.load_songplays_fact_table scheduled__2025-07-22T09:00:00+00:00 [queued]>
[2025-07-22T10:10:09.374+0000] {taskinstance.py:2866} INFO - Starting attempt 3 of 6
[2025-07-22T10:10:09.393+0000] {taskinstance.py:2889} INFO - Executing <Task(PythonOperator): load_songplays_fact_table> on 2025-07-22 09:00:00+00:00
[2025-07-22T10:10:09.404+0000] {logging_mixin.py:190} WARNING - /home/***/.local/lib/python3.12/site-packages/***/task/task_runner/standard_task_runner.py:70 DeprecationWarning: This process (pid=1189) is multi-threaded, use of fork() may lead to deadlocks in the child.
[2025-07-22T10:10:09.403+0000] {standard_task_runner.py:104} INFO - Running: ['***', 'tasks', 'run', 'etl_postgres', 'load_songplays_fact_table', 'scheduled__2025-07-22T09:00:00+00:00', '--job-id', '47', '--raw', '--subdir', 'DAGS_FOLDER/etl_dag.py', '--cfg-path', '/tmp/tmpeo27niqc']
[2025-07-22T10:10:09.407+0000] {standard_task_runner.py:72} INFO - Started process 1190 to run task
[2025-07-22T10:10:09.407+0000] {standard_task_runner.py:105} INFO - Job 47: Subtask load_songplays_fact_table
[2025-07-22T10:10:09.537+0000] {task_command.py:467} INFO - Running <TaskInstance: etl_postgres.load_songplays_fact_table scheduled__2025-07-22T09:00:00+00:00 [running]> on host 0c6a6447a272
[2025-07-22T10:10:09.689+0000] {taskinstance.py:3132} INFO - Exporting env vars: AIRFLOW_CTX_DAG_OWNER='***' AIRFLOW_CTX_DAG_ID='etl_postgres' AIRFLOW_CTX_TASK_ID='load_songplays_fact_table' AIRFLOW_CTX_EXECUTION_DATE='2025-07-22T09:00:00+00:00' AIRFLOW_CTX_TRY_NUMBER='3' AIRFLOW_CTX_DAG_RUN_ID='scheduled__2025-07-22T09:00:00+00:00'
[2025-07-22T10:10:09.692+0000] {taskinstance.py:731} INFO - ::endgroup::
[2025-07-22T10:10:10.158+0000] {etl_dag.py:49} INFO - Loading songplays fact table
[2025-07-22T10:10:10.165+0000] {etl_dag.py:52} INFO - Songplays fact table loaded successfully
[2025-07-22T10:10:10.166+0000] {python.py:240} INFO - Done. Returned value was: None
[2025-07-22T10:10:10.189+0000] {taskinstance.py:340} INFO - ::group::Post task execution logs
[2025-07-22T10:10:10.191+0000] {taskinstance.py:352} INFO - Marking task as SUCCESS. dag_id=etl_postgres, task_id=load_songplays_fact_table, run_id=scheduled__2025-07-22T09:00:00+00:00, execution_date=20250722T090000, start_date=20250722T101009, end_date=20250722T101010
[2025-07-22T10:10:10.268+0000] {local_task_job_runner.py:266} INFO - Task exited with return code 0
[2025-07-22T10:10:10.305+0000] {taskinstance.py:3895} INFO - 4 downstream tasks scheduled from follow-on schedule check
[2025-07-22T10:10:10.308+0000] {local_task_job_runner.py:245} INFO - ::endgroup::
