[2025-07-26T09:10:50.599+0000] {local_task_job_runner.py:123} INFO - ::group::Pre task execution logs
[2025-07-26T09:10:50.693+0000] {taskinstance.py:2613} INFO - Dependencies all met for dep_context=non-requeueable deps ti=<TaskInstance: etl_postgres2.load_time_dim_table scheduled__2025-07-26T08:00:00+00:00 [queued]>
[2025-07-26T09:10:50.729+0000] {taskinstance.py:2613} INFO - Dependencies all met for dep_context=requeueable deps ti=<TaskInstance: etl_postgres2.load_time_dim_table scheduled__2025-07-26T08:00:00+00:00 [queued]>
[2025-07-26T09:10:50.740+0000] {taskinstance.py:2866} INFO - Starting attempt 1 of 6
[2025-07-26T09:10:50.840+0000] {taskinstance.py:2889} INFO - Executing <Task(PythonOperator): load_time_dim_table> on 2025-07-26 08:00:00+00:00
[2025-07-26T09:10:50.879+0000] {logging_mixin.py:190} WARNING - /home/***/.local/lib/python3.12/site-packages/***/task/task_runner/standard_task_runner.py:70 DeprecationWarning: This process (pid=287) is multi-threaded, use of fork() may lead to deadlocks in the child.
[2025-07-26T09:10:50.883+0000] {standard_task_runner.py:72} INFO - Started process 314 to run task
[2025-07-26T09:10:50.888+0000] {standard_task_runner.py:104} INFO - Running: ['***', 'tasks', 'run', 'etl_postgres2', 'load_time_dim_table', 'scheduled__2025-07-26T08:00:00+00:00', '--job-id', '158', '--raw', '--subdir', 'DAGS_FOLDER/etl_dag.py', '--cfg-path', '/tmp/tmp_lgfff55']
[2025-07-26T09:10:50.899+0000] {standard_task_runner.py:105} INFO - Job 158: Subtask load_time_dim_table
[2025-07-26T09:10:51.217+0000] {task_command.py:467} INFO - Running <TaskInstance: etl_postgres2.load_time_dim_table scheduled__2025-07-26T08:00:00+00:00 [running]> on host 72bd964f8e11
[2025-07-26T09:10:52.377+0000] {taskinstance.py:3132} INFO - Exporting env vars: AIRFLOW_CTX_DAG_OWNER='***' AIRFLOW_CTX_DAG_ID='etl_postgres2' AIRFLOW_CTX_TASK_ID='load_time_dim_table' AIRFLOW_CTX_EXECUTION_DATE='2025-07-26T08:00:00+00:00' AIRFLOW_CTX_TRY_NUMBER='1' AIRFLOW_CTX_DAG_RUN_ID='scheduled__2025-07-26T08:00:00+00:00'
[2025-07-26T09:10:52.379+0000] {taskinstance.py:731} INFO - ::endgroup::
[2025-07-26T09:10:52.420+0000] {etl_dag.py:436} INFO - Loading time dimension table
[2025-07-26T09:10:52.425+0000] {etl_dag.py:462} INFO - Inserted 0 records into time table
[2025-07-26T09:10:52.427+0000] {etl_dag.py:465} INFO - Time dimension table loaded successfully
[2025-07-26T09:10:52.428+0000] {python.py:240} INFO - Done. Returned value was: None
[2025-07-26T09:10:52.448+0000] {taskinstance.py:340} INFO - ::group::Post task execution logs
[2025-07-26T09:10:52.449+0000] {taskinstance.py:352} INFO - Marking task as SUCCESS. dag_id=etl_postgres2, task_id=load_time_dim_table, run_id=scheduled__2025-07-26T08:00:00+00:00, execution_date=20250726T080000, start_date=20250726T091050, end_date=20250726T091052
[2025-07-26T09:10:52.520+0000] {local_task_job_runner.py:266} INFO - Task exited with return code 0
[2025-07-26T09:10:52.569+0000] {taskinstance.py:3895} INFO - 1 downstream tasks scheduled from follow-on schedule check
[2025-07-26T09:10:52.573+0000] {local_task_job_runner.py:245} INFO - ::endgroup::
