[2025-07-25T10:00:10.689+0000] {local_task_job_runner.py:123} INFO - ::group::Pre task execution logs
[2025-07-25T10:00:10.775+0000] {taskinstance.py:2613} INFO - Dependencies all met for dep_context=non-requeueable deps ti=<TaskInstance: etl_postgres2.load_user_dim_table scheduled__2025-07-25T09:00:00+00:00 [queued]>
[2025-07-25T10:00:10.882+0000] {taskinstance.py:2613} INFO - Dependencies all met for dep_context=requeueable deps ti=<TaskInstance: etl_postgres2.load_user_dim_table scheduled__2025-07-25T09:00:00+00:00 [queued]>
[2025-07-25T10:00:10.894+0000] {taskinstance.py:2866} INFO - Starting attempt 1 of 6
[2025-07-25T10:00:10.952+0000] {taskinstance.py:2889} INFO - Executing <Task(PythonOperator): load_user_dim_table> on 2025-07-25 09:00:00+00:00
[2025-07-25T10:00:10.977+0000] {standard_task_runner.py:104} INFO - Running: ['***', 'tasks', 'run', 'etl_postgres2', 'load_user_dim_table', 'scheduled__2025-07-25T09:00:00+00:00', '--job-id', '59', '--raw', '--subdir', 'DAGS_FOLDER/etl_dag.py', '--cfg-path', '/tmp/tmpupp84iw1']
[2025-07-25T10:00:10.997+0000] {standard_task_runner.py:105} INFO - Job 59: Subtask load_user_dim_table
[2025-07-25T10:00:11.007+0000] {logging_mixin.py:190} WARNING - /home/***/.local/lib/python3.12/site-packages/***/task/task_runner/standard_task_runner.py:70 DeprecationWarning: This process (pid=778) is multi-threaded, use of fork() may lead to deadlocks in the child.
[2025-07-25T10:00:11.009+0000] {standard_task_runner.py:72} INFO - Started process 786 to run task
[2025-07-25T10:00:11.367+0000] {task_command.py:467} INFO - Running <TaskInstance: etl_postgres2.load_user_dim_table scheduled__2025-07-25T09:00:00+00:00 [running]> on host 72bd964f8e11
[2025-07-25T10:00:11.676+0000] {taskinstance.py:3132} INFO - Exporting env vars: AIRFLOW_CTX_DAG_OWNER='***' AIRFLOW_CTX_DAG_ID='etl_postgres2' AIRFLOW_CTX_TASK_ID='load_user_dim_table' AIRFLOW_CTX_EXECUTION_DATE='2025-07-25T09:00:00+00:00' AIRFLOW_CTX_TRY_NUMBER='1' AIRFLOW_CTX_DAG_RUN_ID='scheduled__2025-07-25T09:00:00+00:00'
[2025-07-25T10:00:11.678+0000] {taskinstance.py:731} INFO - ::endgroup::
[2025-07-25T10:00:12.246+0000] {etl_dag.py:312} INFO - Loading user dimension table
[2025-07-25T10:00:12.252+0000] {etl_dag.py:332} INFO - Inserted 0 records into users table
[2025-07-25T10:00:12.254+0000] {etl_dag.py:335} INFO - User dimension table loaded successfully
[2025-07-25T10:00:12.255+0000] {python.py:240} INFO - Done. Returned value was: None
[2025-07-25T10:00:12.275+0000] {taskinstance.py:340} INFO - ::group::Post task execution logs
[2025-07-25T10:00:12.277+0000] {taskinstance.py:352} INFO - Marking task as SUCCESS. dag_id=etl_postgres2, task_id=load_user_dim_table, run_id=scheduled__2025-07-25T09:00:00+00:00, execution_date=20250725T090000, start_date=20250725T100010, end_date=20250725T100012
[2025-07-25T10:00:12.349+0000] {local_task_job_runner.py:266} INFO - Task exited with return code 0
[2025-07-25T10:00:12.371+0000] {local_task_job_runner.py:245} INFO - ::endgroup::
