[2025-07-25T09:30:20.513+0000] {processor.py:186} INFO - Started process (PID=176) to work on /opt/airflow/dags/task.py
[2025-07-25T09:30:20.516+0000] {processor.py:914} INFO - Processing file /opt/airflow/dags/task.py for tasks to queue
[2025-07-25T09:30:20.521+0000] {logging_mixin.py:190} INFO - [2025-07-25T09:30:20.520+0000] {dagbag.py:588} INFO - Filling up the DagBag from /opt/airflow/dags/task.py
[2025-07-25T09:30:20.626+0000] {logging_mixin.py:190} INFO - [2025-07-25T09:30:20.603+0000] {dagbag.py:387} ERROR - Failed to import: /opt/airflow/dags/task.py
Traceback (most recent call last):
  File "/home/airflow/.local/lib/python3.12/site-packages/airflow/models/dagbag.py", line 383, in parse
    loader.exec_module(new_module)
  File "<frozen importlib._bootstrap_external>", line 995, in exec_module
  File "<frozen importlib._bootstrap>", line 488, in _call_with_frames_removed
  File "/opt/airflow/dags/task.py", line 2, in <module>
    from airflow.providers.standard.operators.python import PythonOperator
ModuleNotFoundError: No module named 'airflow.providers.standard'
[2025-07-25T09:30:20.630+0000] {processor.py:927} WARNING - No viable dags retrieved from /opt/airflow/dags/task.py
[2025-07-25T09:30:20.718+0000] {processor.py:208} INFO - Processing /opt/airflow/dags/task.py took 0.227 seconds
[2025-07-25T09:30:51.203+0000] {processor.py:186} INFO - Started process (PID=206) to work on /opt/airflow/dags/task.py
[2025-07-25T09:30:51.205+0000] {processor.py:914} INFO - Processing file /opt/airflow/dags/task.py for tasks to queue
[2025-07-25T09:30:51.209+0000] {logging_mixin.py:190} INFO - [2025-07-25T09:30:51.208+0000] {dagbag.py:588} INFO - Filling up the DagBag from /opt/airflow/dags/task.py
[2025-07-25T09:30:51.240+0000] {logging_mixin.py:190} INFO - [2025-07-25T09:30:51.232+0000] {dagbag.py:387} ERROR - Failed to import: /opt/airflow/dags/task.py
Traceback (most recent call last):
  File "/home/airflow/.local/lib/python3.12/site-packages/airflow/models/dagbag.py", line 383, in parse
    loader.exec_module(new_module)
  File "<frozen importlib._bootstrap_external>", line 995, in exec_module
  File "<frozen importlib._bootstrap>", line 488, in _call_with_frames_removed
  File "/opt/airflow/dags/task.py", line 2, in <module>
    from airflow.providers.standard.operators.python import PythonOperator
ModuleNotFoundError: No module named 'airflow.providers.standard'
[2025-07-25T09:30:51.244+0000] {processor.py:927} WARNING - No viable dags retrieved from /opt/airflow/dags/task.py
[2025-07-25T09:30:51.281+0000] {processor.py:208} INFO - Processing /opt/airflow/dags/task.py took 0.088 seconds
[2025-07-25T09:31:21.576+0000] {processor.py:186} INFO - Started process (PID=234) to work on /opt/airflow/dags/task.py
[2025-07-25T09:31:21.578+0000] {processor.py:914} INFO - Processing file /opt/airflow/dags/task.py for tasks to queue
[2025-07-25T09:31:21.582+0000] {logging_mixin.py:190} INFO - [2025-07-25T09:31:21.582+0000] {dagbag.py:588} INFO - Filling up the DagBag from /opt/airflow/dags/task.py
[2025-07-25T09:31:21.606+0000] {logging_mixin.py:190} INFO - [2025-07-25T09:31:21.600+0000] {dagbag.py:387} ERROR - Failed to import: /opt/airflow/dags/task.py
Traceback (most recent call last):
  File "/home/airflow/.local/lib/python3.12/site-packages/airflow/models/dagbag.py", line 383, in parse
    loader.exec_module(new_module)
  File "<frozen importlib._bootstrap_external>", line 995, in exec_module
  File "<frozen importlib._bootstrap>", line 488, in _call_with_frames_removed
  File "/opt/airflow/dags/task.py", line 2, in <module>
    from airflow.providers.standard.operators.python import PythonOperator
ModuleNotFoundError: No module named 'airflow.providers.standard'
[2025-07-25T09:31:21.608+0000] {processor.py:927} WARNING - No viable dags retrieved from /opt/airflow/dags/task.py
[2025-07-25T09:31:21.642+0000] {processor.py:208} INFO - Processing /opt/airflow/dags/task.py took 0.078 seconds
[2025-07-25T09:31:52.812+0000] {processor.py:186} INFO - Started process (PID=262) to work on /opt/airflow/dags/task.py
[2025-07-25T09:31:52.815+0000] {processor.py:914} INFO - Processing file /opt/airflow/dags/task.py for tasks to queue
[2025-07-25T09:31:52.821+0000] {logging_mixin.py:190} INFO - [2025-07-25T09:31:52.820+0000] {dagbag.py:588} INFO - Filling up the DagBag from /opt/airflow/dags/task.py
[2025-07-25T09:31:52.864+0000] {logging_mixin.py:190} INFO - [2025-07-25T09:31:52.857+0000] {dagbag.py:387} ERROR - Failed to import: /opt/airflow/dags/task.py
Traceback (most recent call last):
  File "/home/airflow/.local/lib/python3.12/site-packages/airflow/models/dagbag.py", line 383, in parse
    loader.exec_module(new_module)
  File "<frozen importlib._bootstrap_external>", line 995, in exec_module
  File "<frozen importlib._bootstrap>", line 488, in _call_with_frames_removed
  File "/opt/airflow/dags/task.py", line 2, in <module>
    from airflow.providers.standard.operators.python import PythonOperator
ModuleNotFoundError: No module named 'airflow.providers.standard'
[2025-07-25T09:31:52.867+0000] {processor.py:927} WARNING - No viable dags retrieved from /opt/airflow/dags/task.py
[2025-07-25T09:31:52.904+0000] {processor.py:208} INFO - Processing /opt/airflow/dags/task.py took 0.109 seconds
[2025-07-25T09:32:23.653+0000] {processor.py:186} INFO - Started process (PID=290) to work on /opt/airflow/dags/task.py
[2025-07-25T09:32:23.655+0000] {processor.py:914} INFO - Processing file /opt/airflow/dags/task.py for tasks to queue
[2025-07-25T09:32:23.659+0000] {logging_mixin.py:190} INFO - [2025-07-25T09:32:23.658+0000] {dagbag.py:588} INFO - Filling up the DagBag from /opt/airflow/dags/task.py
[2025-07-25T09:32:23.694+0000] {logging_mixin.py:190} INFO - [2025-07-25T09:32:23.689+0000] {dagbag.py:387} ERROR - Failed to import: /opt/airflow/dags/task.py
Traceback (most recent call last):
  File "/home/airflow/.local/lib/python3.12/site-packages/airflow/models/dagbag.py", line 383, in parse
    loader.exec_module(new_module)
  File "<frozen importlib._bootstrap_external>", line 995, in exec_module
  File "<frozen importlib._bootstrap>", line 488, in _call_with_frames_removed
  File "/opt/airflow/dags/task.py", line 2, in <module>
    from airflow.providers.standard.operators.python import PythonOperator
ModuleNotFoundError: No module named 'airflow.providers.standard'
[2025-07-25T09:32:23.696+0000] {processor.py:927} WARNING - No viable dags retrieved from /opt/airflow/dags/task.py
[2025-07-25T09:32:23.726+0000] {processor.py:208} INFO - Processing /opt/airflow/dags/task.py took 0.088 seconds
[2025-07-25T09:32:54.370+0000] {processor.py:186} INFO - Started process (PID=318) to work on /opt/airflow/dags/task.py
[2025-07-25T09:32:54.372+0000] {processor.py:914} INFO - Processing file /opt/airflow/dags/task.py for tasks to queue
[2025-07-25T09:32:54.377+0000] {logging_mixin.py:190} INFO - [2025-07-25T09:32:54.377+0000] {dagbag.py:588} INFO - Filling up the DagBag from /opt/airflow/dags/task.py
[2025-07-25T09:32:54.409+0000] {logging_mixin.py:190} INFO - [2025-07-25T09:32:54.400+0000] {dagbag.py:387} ERROR - Failed to import: /opt/airflow/dags/task.py
Traceback (most recent call last):
  File "/home/airflow/.local/lib/python3.12/site-packages/airflow/models/dagbag.py", line 383, in parse
    loader.exec_module(new_module)
  File "<frozen importlib._bootstrap_external>", line 995, in exec_module
  File "<frozen importlib._bootstrap>", line 488, in _call_with_frames_removed
  File "/opt/airflow/dags/task.py", line 2, in <module>
    from airflow.providers.standard.operators.python import PythonOperator
ModuleNotFoundError: No module named 'airflow.providers.standard'
[2025-07-25T09:32:54.412+0000] {processor.py:927} WARNING - No viable dags retrieved from /opt/airflow/dags/task.py
[2025-07-25T09:32:54.444+0000] {processor.py:208} INFO - Processing /opt/airflow/dags/task.py took 0.086 seconds
[2025-07-25T09:34:33.676+0000] {processor.py:186} INFO - Started process (PID=175) to work on /opt/airflow/dags/task.py
[2025-07-25T09:34:33.677+0000] {processor.py:914} INFO - Processing file /opt/airflow/dags/task.py for tasks to queue
[2025-07-25T09:34:33.681+0000] {logging_mixin.py:190} INFO - [2025-07-25T09:34:33.680+0000] {dagbag.py:588} INFO - Filling up the DagBag from /opt/airflow/dags/task.py
[2025-07-25T09:34:33.701+0000] {logging_mixin.py:190} INFO - [2025-07-25T09:34:33.696+0000] {dagbag.py:387} ERROR - Failed to import: /opt/airflow/dags/task.py
Traceback (most recent call last):
  File "/home/airflow/.local/lib/python3.12/site-packages/airflow/models/dagbag.py", line 383, in parse
    loader.exec_module(new_module)
  File "<frozen importlib._bootstrap_external>", line 995, in exec_module
  File "<frozen importlib._bootstrap>", line 488, in _call_with_frames_removed
  File "/opt/airflow/dags/task.py", line 2, in <module>
    from airflow.providers.standard.operators.python import PythonOperator
ModuleNotFoundError: No module named 'airflow.providers.standard'
[2025-07-25T09:34:33.703+0000] {processor.py:927} WARNING - No viable dags retrieved from /opt/airflow/dags/task.py
[2025-07-25T09:34:33.725+0000] {processor.py:208} INFO - Processing /opt/airflow/dags/task.py took 0.057 seconds
[2025-07-25T09:35:04.224+0000] {processor.py:186} INFO - Started process (PID=203) to work on /opt/airflow/dags/task.py
[2025-07-25T09:35:04.226+0000] {processor.py:914} INFO - Processing file /opt/airflow/dags/task.py for tasks to queue
[2025-07-25T09:35:04.234+0000] {logging_mixin.py:190} INFO - [2025-07-25T09:35:04.233+0000] {dagbag.py:588} INFO - Filling up the DagBag from /opt/airflow/dags/task.py
[2025-07-25T09:35:04.260+0000] {logging_mixin.py:190} INFO - [2025-07-25T09:35:04.255+0000] {dagbag.py:387} ERROR - Failed to import: /opt/airflow/dags/task.py
Traceback (most recent call last):
  File "/home/airflow/.local/lib/python3.12/site-packages/airflow/models/dagbag.py", line 383, in parse
    loader.exec_module(new_module)
  File "<frozen importlib._bootstrap_external>", line 995, in exec_module
  File "<frozen importlib._bootstrap>", line 488, in _call_with_frames_removed
  File "/opt/airflow/dags/task.py", line 2, in <module>
    from airflow.providers.standard.operators.python import PythonOperator
ModuleNotFoundError: No module named 'airflow.providers.standard'
[2025-07-25T09:35:04.262+0000] {processor.py:927} WARNING - No viable dags retrieved from /opt/airflow/dags/task.py
[2025-07-25T09:35:04.303+0000] {processor.py:208} INFO - Processing /opt/airflow/dags/task.py took 0.098 seconds
[2025-07-25T09:35:34.956+0000] {processor.py:186} INFO - Started process (PID=231) to work on /opt/airflow/dags/task.py
[2025-07-25T09:35:34.957+0000] {processor.py:914} INFO - Processing file /opt/airflow/dags/task.py for tasks to queue
[2025-07-25T09:35:34.963+0000] {logging_mixin.py:190} INFO - [2025-07-25T09:35:34.962+0000] {dagbag.py:588} INFO - Filling up the DagBag from /opt/airflow/dags/task.py
[2025-07-25T09:35:35.001+0000] {logging_mixin.py:190} INFO - [2025-07-25T09:35:34.992+0000] {dagbag.py:387} ERROR - Failed to import: /opt/airflow/dags/task.py
Traceback (most recent call last):
  File "/home/airflow/.local/lib/python3.12/site-packages/airflow/models/dagbag.py", line 383, in parse
    loader.exec_module(new_module)
  File "<frozen importlib._bootstrap_external>", line 995, in exec_module
  File "<frozen importlib._bootstrap>", line 488, in _call_with_frames_removed
  File "/opt/airflow/dags/task.py", line 2, in <module>
    from airflow.providers.standard.operators.python import PythonOperator
ModuleNotFoundError: No module named 'airflow.providers.standard'
[2025-07-25T09:35:35.005+0000] {processor.py:927} WARNING - No viable dags retrieved from /opt/airflow/dags/task.py
[2025-07-25T09:35:35.038+0000] {processor.py:208} INFO - Processing /opt/airflow/dags/task.py took 0.095 seconds
[2025-07-25T09:36:05.779+0000] {processor.py:186} INFO - Started process (PID=259) to work on /opt/airflow/dags/task.py
[2025-07-25T09:36:05.780+0000] {processor.py:914} INFO - Processing file /opt/airflow/dags/task.py for tasks to queue
[2025-07-25T09:36:05.785+0000] {logging_mixin.py:190} INFO - [2025-07-25T09:36:05.785+0000] {dagbag.py:588} INFO - Filling up the DagBag from /opt/airflow/dags/task.py
[2025-07-25T09:36:05.812+0000] {logging_mixin.py:190} INFO - [2025-07-25T09:36:05.805+0000] {dagbag.py:387} ERROR - Failed to import: /opt/airflow/dags/task.py
Traceback (most recent call last):
  File "/home/airflow/.local/lib/python3.12/site-packages/airflow/models/dagbag.py", line 383, in parse
    loader.exec_module(new_module)
  File "<frozen importlib._bootstrap_external>", line 995, in exec_module
  File "<frozen importlib._bootstrap>", line 488, in _call_with_frames_removed
  File "/opt/airflow/dags/task.py", line 2, in <module>
    from airflow.providers.standard.operators.python import PythonOperator
ModuleNotFoundError: No module named 'airflow.providers.standard'
[2025-07-25T09:36:05.818+0000] {processor.py:927} WARNING - No viable dags retrieved from /opt/airflow/dags/task.py
[2025-07-25T09:36:05.870+0000] {processor.py:208} INFO - Processing /opt/airflow/dags/task.py took 0.100 seconds
[2025-07-25T09:36:37.355+0000] {processor.py:186} INFO - Started process (PID=287) to work on /opt/airflow/dags/task.py
[2025-07-25T09:36:37.357+0000] {processor.py:914} INFO - Processing file /opt/airflow/dags/task.py for tasks to queue
[2025-07-25T09:36:37.365+0000] {logging_mixin.py:190} INFO - [2025-07-25T09:36:37.364+0000] {dagbag.py:588} INFO - Filling up the DagBag from /opt/airflow/dags/task.py
[2025-07-25T09:36:37.450+0000] {logging_mixin.py:190} INFO - [2025-07-25T09:36:37.439+0000] {dagbag.py:387} ERROR - Failed to import: /opt/airflow/dags/task.py
Traceback (most recent call last):
  File "/home/airflow/.local/lib/python3.12/site-packages/airflow/models/dagbag.py", line 383, in parse
    loader.exec_module(new_module)
  File "<frozen importlib._bootstrap_external>", line 995, in exec_module
  File "<frozen importlib._bootstrap>", line 488, in _call_with_frames_removed
  File "/opt/airflow/dags/task.py", line 2, in <module>
    from airflow.providers.standard.operators.python import PythonOperator
ModuleNotFoundError: No module named 'airflow.providers.standard'
[2025-07-25T09:36:37.454+0000] {processor.py:927} WARNING - No viable dags retrieved from /opt/airflow/dags/task.py
[2025-07-25T09:36:37.607+0000] {processor.py:208} INFO - Processing /opt/airflow/dags/task.py took 0.268 seconds
[2025-07-25T09:36:58.475+0000] {processor.py:186} INFO - Started process (PID=309) to work on /opt/airflow/dags/task.py
[2025-07-25T09:36:58.478+0000] {processor.py:914} INFO - Processing file /opt/airflow/dags/task.py for tasks to queue
[2025-07-25T09:36:58.488+0000] {logging_mixin.py:190} INFO - [2025-07-25T09:36:58.487+0000] {dagbag.py:588} INFO - Filling up the DagBag from /opt/airflow/dags/task.py
[2025-07-25T09:36:58.525+0000] {processor.py:927} WARNING - No viable dags retrieved from /opt/airflow/dags/task.py
[2025-07-25T09:36:58.560+0000] {processor.py:208} INFO - Processing /opt/airflow/dags/task.py took 0.101 seconds
[2025-07-25T09:37:29.160+0000] {processor.py:186} INFO - Started process (PID=337) to work on /opt/airflow/dags/task.py
[2025-07-25T09:37:29.161+0000] {processor.py:914} INFO - Processing file /opt/airflow/dags/task.py for tasks to queue
[2025-07-25T09:37:29.165+0000] {logging_mixin.py:190} INFO - [2025-07-25T09:37:29.164+0000] {dagbag.py:588} INFO - Filling up the DagBag from /opt/airflow/dags/task.py
[2025-07-25T09:37:29.181+0000] {processor.py:927} WARNING - No viable dags retrieved from /opt/airflow/dags/task.py
[2025-07-25T09:37:29.205+0000] {processor.py:208} INFO - Processing /opt/airflow/dags/task.py took 0.054 seconds
[2025-07-25T09:37:59.944+0000] {processor.py:186} INFO - Started process (PID=365) to work on /opt/airflow/dags/task.py
[2025-07-25T09:37:59.945+0000] {processor.py:914} INFO - Processing file /opt/airflow/dags/task.py for tasks to queue
[2025-07-25T09:37:59.948+0000] {logging_mixin.py:190} INFO - [2025-07-25T09:37:59.948+0000] {dagbag.py:588} INFO - Filling up the DagBag from /opt/airflow/dags/task.py
[2025-07-25T09:37:59.959+0000] {processor.py:927} WARNING - No viable dags retrieved from /opt/airflow/dags/task.py
[2025-07-25T09:37:59.974+0000] {processor.py:208} INFO - Processing /opt/airflow/dags/task.py took 0.036 seconds
[2025-07-25T09:38:30.782+0000] {processor.py:186} INFO - Started process (PID=393) to work on /opt/airflow/dags/task.py
[2025-07-25T09:38:30.784+0000] {processor.py:914} INFO - Processing file /opt/airflow/dags/task.py for tasks to queue
[2025-07-25T09:38:30.788+0000] {logging_mixin.py:190} INFO - [2025-07-25T09:38:30.787+0000] {dagbag.py:588} INFO - Filling up the DagBag from /opt/airflow/dags/task.py
[2025-07-25T09:38:30.801+0000] {processor.py:927} WARNING - No viable dags retrieved from /opt/airflow/dags/task.py
[2025-07-25T09:38:30.816+0000] {processor.py:208} INFO - Processing /opt/airflow/dags/task.py took 0.043 seconds
[2025-07-25T09:39:01.665+0000] {processor.py:186} INFO - Started process (PID=421) to work on /opt/airflow/dags/task.py
[2025-07-25T09:39:01.668+0000] {processor.py:914} INFO - Processing file /opt/airflow/dags/task.py for tasks to queue
[2025-07-25T09:39:01.674+0000] {logging_mixin.py:190} INFO - [2025-07-25T09:39:01.673+0000] {dagbag.py:588} INFO - Filling up the DagBag from /opt/airflow/dags/task.py
[2025-07-25T09:39:01.699+0000] {processor.py:927} WARNING - No viable dags retrieved from /opt/airflow/dags/task.py
[2025-07-25T09:39:01.736+0000] {processor.py:208} INFO - Processing /opt/airflow/dags/task.py took 0.085 seconds
[2025-07-25T09:39:32.517+0000] {processor.py:186} INFO - Started process (PID=449) to work on /opt/airflow/dags/task.py
[2025-07-25T09:39:32.519+0000] {processor.py:914} INFO - Processing file /opt/airflow/dags/task.py for tasks to queue
[2025-07-25T09:39:32.524+0000] {logging_mixin.py:190} INFO - [2025-07-25T09:39:32.523+0000] {dagbag.py:588} INFO - Filling up the DagBag from /opt/airflow/dags/task.py
[2025-07-25T09:39:32.545+0000] {processor.py:927} WARNING - No viable dags retrieved from /opt/airflow/dags/task.py
[2025-07-25T09:39:32.573+0000] {processor.py:208} INFO - Processing /opt/airflow/dags/task.py took 0.068 seconds
[2025-07-25T09:40:03.136+0000] {processor.py:186} INFO - Started process (PID=477) to work on /opt/airflow/dags/task.py
[2025-07-25T09:40:03.138+0000] {processor.py:914} INFO - Processing file /opt/airflow/dags/task.py for tasks to queue
[2025-07-25T09:40:03.140+0000] {logging_mixin.py:190} INFO - [2025-07-25T09:40:03.140+0000] {dagbag.py:588} INFO - Filling up the DagBag from /opt/airflow/dags/task.py
[2025-07-25T09:40:03.150+0000] {processor.py:927} WARNING - No viable dags retrieved from /opt/airflow/dags/task.py
[2025-07-25T09:40:03.168+0000] {processor.py:208} INFO - Processing /opt/airflow/dags/task.py took 0.037 seconds
[2025-07-25T09:40:33.327+0000] {processor.py:186} INFO - Started process (PID=505) to work on /opt/airflow/dags/task.py
[2025-07-25T09:40:33.329+0000] {processor.py:914} INFO - Processing file /opt/airflow/dags/task.py for tasks to queue
[2025-07-25T09:40:33.332+0000] {logging_mixin.py:190} INFO - [2025-07-25T09:40:33.331+0000] {dagbag.py:588} INFO - Filling up the DagBag from /opt/airflow/dags/task.py
[2025-07-25T09:40:33.350+0000] {processor.py:927} WARNING - No viable dags retrieved from /opt/airflow/dags/task.py
[2025-07-25T09:40:33.372+0000] {processor.py:208} INFO - Processing /opt/airflow/dags/task.py took 0.053 seconds
[2025-07-25T09:41:03.972+0000] {processor.py:186} INFO - Started process (PID=533) to work on /opt/airflow/dags/task.py
[2025-07-25T09:41:03.973+0000] {processor.py:914} INFO - Processing file /opt/airflow/dags/task.py for tasks to queue
[2025-07-25T09:41:03.975+0000] {logging_mixin.py:190} INFO - [2025-07-25T09:41:03.975+0000] {dagbag.py:588} INFO - Filling up the DagBag from /opt/airflow/dags/task.py
[2025-07-25T09:41:03.985+0000] {processor.py:927} WARNING - No viable dags retrieved from /opt/airflow/dags/task.py
[2025-07-25T09:41:04.001+0000] {processor.py:208} INFO - Processing /opt/airflow/dags/task.py took 0.036 seconds
[2025-07-25T09:41:34.226+0000] {processor.py:186} INFO - Started process (PID=560) to work on /opt/airflow/dags/task.py
[2025-07-25T09:41:34.228+0000] {processor.py:914} INFO - Processing file /opt/airflow/dags/task.py for tasks to queue
[2025-07-25T09:41:34.234+0000] {logging_mixin.py:190} INFO - [2025-07-25T09:41:34.233+0000] {dagbag.py:588} INFO - Filling up the DagBag from /opt/airflow/dags/task.py
[2025-07-25T09:41:34.257+0000] {processor.py:927} WARNING - No viable dags retrieved from /opt/airflow/dags/task.py
[2025-07-25T09:41:34.283+0000] {processor.py:208} INFO - Processing /opt/airflow/dags/task.py took 0.069 seconds
[2025-07-25T09:42:04.403+0000] {processor.py:186} INFO - Started process (PID=581) to work on /opt/airflow/dags/task.py
[2025-07-25T09:42:04.405+0000] {processor.py:914} INFO - Processing file /opt/airflow/dags/task.py for tasks to queue
[2025-07-25T09:42:04.407+0000] {logging_mixin.py:190} INFO - [2025-07-25T09:42:04.407+0000] {dagbag.py:588} INFO - Filling up the DagBag from /opt/airflow/dags/task.py
[2025-07-25T09:42:04.416+0000] {processor.py:927} WARNING - No viable dags retrieved from /opt/airflow/dags/task.py
[2025-07-25T09:42:04.431+0000] {processor.py:208} INFO - Processing /opt/airflow/dags/task.py took 0.036 seconds
[2025-07-25T09:42:35.054+0000] {processor.py:186} INFO - Started process (PID=609) to work on /opt/airflow/dags/task.py
[2025-07-25T09:42:35.056+0000] {processor.py:914} INFO - Processing file /opt/airflow/dags/task.py for tasks to queue
[2025-07-25T09:42:35.061+0000] {logging_mixin.py:190} INFO - [2025-07-25T09:42:35.060+0000] {dagbag.py:588} INFO - Filling up the DagBag from /opt/airflow/dags/task.py
[2025-07-25T09:42:35.078+0000] {processor.py:927} WARNING - No viable dags retrieved from /opt/airflow/dags/task.py
[2025-07-25T09:42:35.097+0000] {processor.py:208} INFO - Processing /opt/airflow/dags/task.py took 0.053 seconds
[2025-07-25T09:43:05.267+0000] {processor.py:186} INFO - Started process (PID=637) to work on /opt/airflow/dags/task.py
[2025-07-25T09:43:05.269+0000] {processor.py:914} INFO - Processing file /opt/airflow/dags/task.py for tasks to queue
[2025-07-25T09:43:05.272+0000] {logging_mixin.py:190} INFO - [2025-07-25T09:43:05.271+0000] {dagbag.py:588} INFO - Filling up the DagBag from /opt/airflow/dags/task.py
[2025-07-25T09:43:05.284+0000] {processor.py:927} WARNING - No viable dags retrieved from /opt/airflow/dags/task.py
[2025-07-25T09:43:05.301+0000] {processor.py:208} INFO - Processing /opt/airflow/dags/task.py took 0.042 seconds
[2025-07-25T09:43:35.823+0000] {processor.py:186} INFO - Started process (PID=665) to work on /opt/airflow/dags/task.py
[2025-07-25T09:43:35.824+0000] {processor.py:914} INFO - Processing file /opt/airflow/dags/task.py for tasks to queue
[2025-07-25T09:43:35.826+0000] {logging_mixin.py:190} INFO - [2025-07-25T09:43:35.826+0000] {dagbag.py:588} INFO - Filling up the DagBag from /opt/airflow/dags/task.py
[2025-07-25T09:43:35.836+0000] {processor.py:927} WARNING - No viable dags retrieved from /opt/airflow/dags/task.py
[2025-07-25T09:43:35.848+0000] {processor.py:208} INFO - Processing /opt/airflow/dags/task.py took 0.032 seconds
[2025-07-25T09:44:06.639+0000] {processor.py:186} INFO - Started process (PID=693) to work on /opt/airflow/dags/task.py
[2025-07-25T09:44:06.642+0000] {processor.py:914} INFO - Processing file /opt/airflow/dags/task.py for tasks to queue
[2025-07-25T09:44:06.646+0000] {logging_mixin.py:190} INFO - [2025-07-25T09:44:06.646+0000] {dagbag.py:588} INFO - Filling up the DagBag from /opt/airflow/dags/task.py
[2025-07-25T09:44:06.663+0000] {processor.py:927} WARNING - No viable dags retrieved from /opt/airflow/dags/task.py
[2025-07-25T09:44:06.681+0000] {processor.py:208} INFO - Processing /opt/airflow/dags/task.py took 0.055 seconds
[2025-07-25T09:44:37.096+0000] {processor.py:186} INFO - Started process (PID=721) to work on /opt/airflow/dags/task.py
[2025-07-25T09:44:37.099+0000] {processor.py:914} INFO - Processing file /opt/airflow/dags/task.py for tasks to queue
[2025-07-25T09:44:37.104+0000] {logging_mixin.py:190} INFO - [2025-07-25T09:44:37.103+0000] {dagbag.py:588} INFO - Filling up the DagBag from /opt/airflow/dags/task.py
[2025-07-25T09:44:37.126+0000] {processor.py:927} WARNING - No viable dags retrieved from /opt/airflow/dags/task.py
[2025-07-25T09:44:37.151+0000] {processor.py:208} INFO - Processing /opt/airflow/dags/task.py took 0.067 seconds
[2025-07-25T09:45:07.901+0000] {processor.py:186} INFO - Started process (PID=752) to work on /opt/airflow/dags/task.py
[2025-07-25T09:45:07.904+0000] {processor.py:914} INFO - Processing file /opt/airflow/dags/task.py for tasks to queue
[2025-07-25T09:45:07.917+0000] {logging_mixin.py:190} INFO - [2025-07-25T09:45:07.916+0000] {dagbag.py:588} INFO - Filling up the DagBag from /opt/airflow/dags/task.py
[2025-07-25T09:45:07.954+0000] {processor.py:927} WARNING - No viable dags retrieved from /opt/airflow/dags/task.py
[2025-07-25T09:45:07.993+0000] {processor.py:208} INFO - Processing /opt/airflow/dags/task.py took 0.114 seconds
[2025-07-25T09:47:03.491+0000] {processor.py:186} INFO - Started process (PID=175) to work on /opt/airflow/dags/task.py
[2025-07-25T09:47:03.492+0000] {processor.py:914} INFO - Processing file /opt/airflow/dags/task.py for tasks to queue
[2025-07-25T09:47:03.495+0000] {logging_mixin.py:190} INFO - [2025-07-25T09:47:03.495+0000] {dagbag.py:588} INFO - Filling up the DagBag from /opt/airflow/dags/task.py
[2025-07-25T09:47:03.508+0000] {processor.py:927} WARNING - No viable dags retrieved from /opt/airflow/dags/task.py
[2025-07-25T09:47:03.525+0000] {processor.py:208} INFO - Processing /opt/airflow/dags/task.py took 0.041 seconds
[2025-07-25T09:47:33.951+0000] {processor.py:186} INFO - Started process (PID=200) to work on /opt/airflow/dags/task.py
[2025-07-25T09:47:33.952+0000] {processor.py:914} INFO - Processing file /opt/airflow/dags/task.py for tasks to queue
[2025-07-25T09:47:33.955+0000] {logging_mixin.py:190} INFO - [2025-07-25T09:47:33.954+0000] {dagbag.py:588} INFO - Filling up the DagBag from /opt/airflow/dags/task.py
[2025-07-25T09:47:33.968+0000] {processor.py:927} WARNING - No viable dags retrieved from /opt/airflow/dags/task.py
[2025-07-25T09:47:33.983+0000] {processor.py:208} INFO - Processing /opt/airflow/dags/task.py took 0.037 seconds
[2025-07-25T09:48:04.760+0000] {processor.py:186} INFO - Started process (PID=228) to work on /opt/airflow/dags/task.py
[2025-07-25T09:48:04.761+0000] {processor.py:914} INFO - Processing file /opt/airflow/dags/task.py for tasks to queue
[2025-07-25T09:48:04.765+0000] {logging_mixin.py:190} INFO - [2025-07-25T09:48:04.765+0000] {dagbag.py:588} INFO - Filling up the DagBag from /opt/airflow/dags/task.py
[2025-07-25T09:48:04.786+0000] {processor.py:927} WARNING - No viable dags retrieved from /opt/airflow/dags/task.py
[2025-07-25T09:48:04.808+0000] {processor.py:208} INFO - Processing /opt/airflow/dags/task.py took 0.056 seconds
[2025-07-25T09:48:34.938+0000] {processor.py:186} INFO - Started process (PID=261) to work on /opt/airflow/dags/task.py
[2025-07-25T09:48:34.940+0000] {processor.py:914} INFO - Processing file /opt/airflow/dags/task.py for tasks to queue
[2025-07-25T09:48:34.944+0000] {logging_mixin.py:190} INFO - [2025-07-25T09:48:34.943+0000] {dagbag.py:588} INFO - Filling up the DagBag from /opt/airflow/dags/task.py
[2025-07-25T09:48:34.962+0000] {processor.py:927} WARNING - No viable dags retrieved from /opt/airflow/dags/task.py
[2025-07-25T09:48:34.980+0000] {processor.py:208} INFO - Processing /opt/airflow/dags/task.py took 0.051 seconds
[2025-07-25T09:49:05.533+0000] {processor.py:186} INFO - Started process (PID=289) to work on /opt/airflow/dags/task.py
[2025-07-25T09:49:05.535+0000] {processor.py:914} INFO - Processing file /opt/airflow/dags/task.py for tasks to queue
[2025-07-25T09:49:05.539+0000] {logging_mixin.py:190} INFO - [2025-07-25T09:49:05.538+0000] {dagbag.py:588} INFO - Filling up the DagBag from /opt/airflow/dags/task.py
[2025-07-25T09:49:05.560+0000] {processor.py:927} WARNING - No viable dags retrieved from /opt/airflow/dags/task.py
[2025-07-25T09:49:05.588+0000] {processor.py:208} INFO - Processing /opt/airflow/dags/task.py took 0.064 seconds
[2025-07-25T09:50:32.952+0000] {processor.py:186} INFO - Started process (PID=175) to work on /opt/airflow/dags/task.py
[2025-07-25T09:50:32.954+0000] {processor.py:914} INFO - Processing file /opt/airflow/dags/task.py for tasks to queue
[2025-07-25T09:50:32.958+0000] {logging_mixin.py:190} INFO - [2025-07-25T09:50:32.957+0000] {dagbag.py:588} INFO - Filling up the DagBag from /opt/airflow/dags/task.py
[2025-07-25T09:50:32.975+0000] {processor.py:927} WARNING - No viable dags retrieved from /opt/airflow/dags/task.py
[2025-07-25T09:50:32.999+0000] {processor.py:208} INFO - Processing /opt/airflow/dags/task.py took 0.055 seconds
[2025-07-25T09:51:03.606+0000] {processor.py:186} INFO - Started process (PID=207) to work on /opt/airflow/dags/task.py
[2025-07-25T09:51:03.608+0000] {processor.py:914} INFO - Processing file /opt/airflow/dags/task.py for tasks to queue
[2025-07-25T09:51:03.611+0000] {logging_mixin.py:190} INFO - [2025-07-25T09:51:03.610+0000] {dagbag.py:588} INFO - Filling up the DagBag from /opt/airflow/dags/task.py
[2025-07-25T09:51:03.634+0000] {processor.py:927} WARNING - No viable dags retrieved from /opt/airflow/dags/task.py
[2025-07-25T09:51:03.663+0000] {processor.py:208} INFO - Processing /opt/airflow/dags/task.py took 0.071 seconds
[2025-07-25T09:51:33.880+0000] {processor.py:186} INFO - Started process (PID=230) to work on /opt/airflow/dags/task.py
[2025-07-25T09:51:33.882+0000] {processor.py:914} INFO - Processing file /opt/airflow/dags/task.py for tasks to queue
[2025-07-25T09:51:33.885+0000] {logging_mixin.py:190} INFO - [2025-07-25T09:51:33.885+0000] {dagbag.py:588} INFO - Filling up the DagBag from /opt/airflow/dags/task.py
[2025-07-25T09:51:33.904+0000] {processor.py:927} WARNING - No viable dags retrieved from /opt/airflow/dags/task.py
[2025-07-25T09:51:33.935+0000] {processor.py:208} INFO - Processing /opt/airflow/dags/task.py took 0.064 seconds
[2025-07-25T09:52:04.296+0000] {processor.py:186} INFO - Started process (PID=253) to work on /opt/airflow/dags/task.py
[2025-07-25T09:52:04.297+0000] {processor.py:914} INFO - Processing file /opt/airflow/dags/task.py for tasks to queue
[2025-07-25T09:52:04.299+0000] {logging_mixin.py:190} INFO - [2025-07-25T09:52:04.299+0000] {dagbag.py:588} INFO - Filling up the DagBag from /opt/airflow/dags/task.py
[2025-07-25T09:52:04.316+0000] {processor.py:927} WARNING - No viable dags retrieved from /opt/airflow/dags/task.py
[2025-07-25T09:52:04.338+0000] {processor.py:208} INFO - Processing /opt/airflow/dags/task.py took 0.050 seconds
[2025-07-25T09:52:34.814+0000] {processor.py:186} INFO - Started process (PID=276) to work on /opt/airflow/dags/task.py
[2025-07-25T09:52:34.816+0000] {processor.py:914} INFO - Processing file /opt/airflow/dags/task.py for tasks to queue
[2025-07-25T09:52:34.818+0000] {logging_mixin.py:190} INFO - [2025-07-25T09:52:34.817+0000] {dagbag.py:588} INFO - Filling up the DagBag from /opt/airflow/dags/task.py
[2025-07-25T09:52:34.831+0000] {processor.py:927} WARNING - No viable dags retrieved from /opt/airflow/dags/task.py
[2025-07-25T09:52:34.849+0000] {processor.py:208} INFO - Processing /opt/airflow/dags/task.py took 0.043 seconds
[2025-07-25T09:53:05.277+0000] {processor.py:186} INFO - Started process (PID=299) to work on /opt/airflow/dags/task.py
[2025-07-25T09:53:05.278+0000] {processor.py:914} INFO - Processing file /opt/airflow/dags/task.py for tasks to queue
[2025-07-25T09:53:05.282+0000] {logging_mixin.py:190} INFO - [2025-07-25T09:53:05.281+0000] {dagbag.py:588} INFO - Filling up the DagBag from /opt/airflow/dags/task.py
[2025-07-25T09:53:05.305+0000] {processor.py:927} WARNING - No viable dags retrieved from /opt/airflow/dags/task.py
[2025-07-25T09:53:05.333+0000] {processor.py:208} INFO - Processing /opt/airflow/dags/task.py took 0.067 seconds
[2025-07-25T09:53:35.739+0000] {processor.py:186} INFO - Started process (PID=328) to work on /opt/airflow/dags/task.py
[2025-07-25T09:53:35.741+0000] {processor.py:914} INFO - Processing file /opt/airflow/dags/task.py for tasks to queue
[2025-07-25T09:53:35.743+0000] {logging_mixin.py:190} INFO - [2025-07-25T09:53:35.742+0000] {dagbag.py:588} INFO - Filling up the DagBag from /opt/airflow/dags/task.py
[2025-07-25T09:53:35.763+0000] {processor.py:927} WARNING - No viable dags retrieved from /opt/airflow/dags/task.py
[2025-07-25T09:53:35.795+0000] {processor.py:208} INFO - Processing /opt/airflow/dags/task.py took 0.066 seconds
[2025-07-25T09:54:06.573+0000] {processor.py:186} INFO - Started process (PID=351) to work on /opt/airflow/dags/task.py
[2025-07-25T09:54:06.574+0000] {processor.py:914} INFO - Processing file /opt/airflow/dags/task.py for tasks to queue
[2025-07-25T09:54:06.575+0000] {logging_mixin.py:190} INFO - [2025-07-25T09:54:06.575+0000] {dagbag.py:588} INFO - Filling up the DagBag from /opt/airflow/dags/task.py
[2025-07-25T09:54:06.585+0000] {processor.py:927} WARNING - No viable dags retrieved from /opt/airflow/dags/task.py
[2025-07-25T09:54:06.597+0000] {processor.py:208} INFO - Processing /opt/airflow/dags/task.py took 0.030 seconds
[2025-07-25T09:54:37.215+0000] {processor.py:186} INFO - Started process (PID=373) to work on /opt/airflow/dags/task.py
[2025-07-25T09:54:37.217+0000] {processor.py:914} INFO - Processing file /opt/airflow/dags/task.py for tasks to queue
[2025-07-25T09:54:37.220+0000] {logging_mixin.py:190} INFO - [2025-07-25T09:54:37.219+0000] {dagbag.py:588} INFO - Filling up the DagBag from /opt/airflow/dags/task.py
[2025-07-25T09:54:37.240+0000] {processor.py:927} WARNING - No viable dags retrieved from /opt/airflow/dags/task.py
[2025-07-25T09:54:37.259+0000] {processor.py:208} INFO - Processing /opt/airflow/dags/task.py took 0.063 seconds
[2025-07-25T09:55:07.993+0000] {processor.py:186} INFO - Started process (PID=389) to work on /opt/airflow/dags/task.py
[2025-07-25T09:55:07.996+0000] {processor.py:914} INFO - Processing file /opt/airflow/dags/task.py for tasks to queue
[2025-07-25T09:55:08.004+0000] {logging_mixin.py:190} INFO - [2025-07-25T09:55:08.001+0000] {dagbag.py:588} INFO - Filling up the DagBag from /opt/airflow/dags/task.py
[2025-07-25T09:55:08.036+0000] {processor.py:927} WARNING - No viable dags retrieved from /opt/airflow/dags/task.py
[2025-07-25T09:55:08.064+0000] {processor.py:208} INFO - Processing /opt/airflow/dags/task.py took 0.104 seconds
[2025-07-25T09:55:38.723+0000] {processor.py:186} INFO - Started process (PID=412) to work on /opt/airflow/dags/task.py
[2025-07-25T09:55:38.724+0000] {processor.py:914} INFO - Processing file /opt/airflow/dags/task.py for tasks to queue
[2025-07-25T09:55:38.726+0000] {logging_mixin.py:190} INFO - [2025-07-25T09:55:38.725+0000] {dagbag.py:588} INFO - Filling up the DagBag from /opt/airflow/dags/task.py
[2025-07-25T09:55:38.736+0000] {processor.py:927} WARNING - No viable dags retrieved from /opt/airflow/dags/task.py
[2025-07-25T09:55:38.751+0000] {processor.py:208} INFO - Processing /opt/airflow/dags/task.py took 0.036 seconds
[2025-07-25T09:56:09.284+0000] {processor.py:186} INFO - Started process (PID=462) to work on /opt/airflow/dags/task.py
[2025-07-25T09:56:09.286+0000] {processor.py:914} INFO - Processing file /opt/airflow/dags/task.py for tasks to queue
[2025-07-25T09:56:09.288+0000] {logging_mixin.py:190} INFO - [2025-07-25T09:56:09.287+0000] {dagbag.py:588} INFO - Filling up the DagBag from /opt/airflow/dags/task.py
[2025-07-25T09:56:09.303+0000] {processor.py:927} WARNING - No viable dags retrieved from /opt/airflow/dags/task.py
[2025-07-25T09:56:09.322+0000] {processor.py:208} INFO - Processing /opt/airflow/dags/task.py took 0.049 seconds
[2025-07-25T09:56:39.865+0000] {processor.py:186} INFO - Started process (PID=485) to work on /opt/airflow/dags/task.py
[2025-07-25T09:56:39.866+0000] {processor.py:914} INFO - Processing file /opt/airflow/dags/task.py for tasks to queue
[2025-07-25T09:56:39.869+0000] {logging_mixin.py:190} INFO - [2025-07-25T09:56:39.869+0000] {dagbag.py:588} INFO - Filling up the DagBag from /opt/airflow/dags/task.py
[2025-07-25T09:56:39.895+0000] {processor.py:927} WARNING - No viable dags retrieved from /opt/airflow/dags/task.py
[2025-07-25T09:56:39.928+0000] {processor.py:208} INFO - Processing /opt/airflow/dags/task.py took 0.076 seconds
[2025-07-25T09:57:10.616+0000] {processor.py:186} INFO - Started process (PID=513) to work on /opt/airflow/dags/task.py
[2025-07-25T09:57:10.617+0000] {processor.py:914} INFO - Processing file /opt/airflow/dags/task.py for tasks to queue
[2025-07-25T09:57:10.620+0000] {logging_mixin.py:190} INFO - [2025-07-25T09:57:10.619+0000] {dagbag.py:588} INFO - Filling up the DagBag from /opt/airflow/dags/task.py
[2025-07-25T09:57:10.639+0000] {processor.py:927} WARNING - No viable dags retrieved from /opt/airflow/dags/task.py
[2025-07-25T09:57:10.659+0000] {processor.py:208} INFO - Processing /opt/airflow/dags/task.py took 0.055 seconds
[2025-07-25T09:57:41.073+0000] {processor.py:186} INFO - Started process (PID=536) to work on /opt/airflow/dags/task.py
[2025-07-25T09:57:41.075+0000] {processor.py:914} INFO - Processing file /opt/airflow/dags/task.py for tasks to queue
[2025-07-25T09:57:41.078+0000] {logging_mixin.py:190} INFO - [2025-07-25T09:57:41.078+0000] {dagbag.py:588} INFO - Filling up the DagBag from /opt/airflow/dags/task.py
[2025-07-25T09:57:41.101+0000] {processor.py:927} WARNING - No viable dags retrieved from /opt/airflow/dags/task.py
[2025-07-25T09:57:41.124+0000] {processor.py:208} INFO - Processing /opt/airflow/dags/task.py took 0.061 seconds
[2025-07-25T09:58:11.743+0000] {processor.py:186} INFO - Started process (PID=559) to work on /opt/airflow/dags/task.py
[2025-07-25T09:58:11.744+0000] {processor.py:914} INFO - Processing file /opt/airflow/dags/task.py for tasks to queue
[2025-07-25T09:58:11.747+0000] {logging_mixin.py:190} INFO - [2025-07-25T09:58:11.747+0000] {dagbag.py:588} INFO - Filling up the DagBag from /opt/airflow/dags/task.py
[2025-07-25T09:58:11.764+0000] {processor.py:927} WARNING - No viable dags retrieved from /opt/airflow/dags/task.py
[2025-07-25T09:58:11.783+0000] {processor.py:208} INFO - Processing /opt/airflow/dags/task.py took 0.049 seconds
[2025-07-25T09:58:42.431+0000] {processor.py:186} INFO - Started process (PID=649) to work on /opt/airflow/dags/task.py
[2025-07-25T09:58:42.436+0000] {processor.py:914} INFO - Processing file /opt/airflow/dags/task.py for tasks to queue
[2025-07-25T09:58:42.439+0000] {logging_mixin.py:190} INFO - [2025-07-25T09:58:42.439+0000] {dagbag.py:588} INFO - Filling up the DagBag from /opt/airflow/dags/task.py
[2025-07-25T09:58:42.462+0000] {processor.py:927} WARNING - No viable dags retrieved from /opt/airflow/dags/task.py
[2025-07-25T09:58:42.496+0000] {processor.py:208} INFO - Processing /opt/airflow/dags/task.py took 0.077 seconds
[2025-07-25T09:59:12.801+0000] {processor.py:186} INFO - Started process (PID=707) to work on /opt/airflow/dags/task.py
[2025-07-25T09:59:12.802+0000] {processor.py:914} INFO - Processing file /opt/airflow/dags/task.py for tasks to queue
[2025-07-25T09:59:12.804+0000] {logging_mixin.py:190} INFO - [2025-07-25T09:59:12.804+0000] {dagbag.py:588} INFO - Filling up the DagBag from /opt/airflow/dags/task.py
[2025-07-25T09:59:12.822+0000] {processor.py:927} WARNING - No viable dags retrieved from /opt/airflow/dags/task.py
[2025-07-25T09:59:12.843+0000] {processor.py:208} INFO - Processing /opt/airflow/dags/task.py took 0.055 seconds
[2025-07-25T09:59:43.322+0000] {processor.py:186} INFO - Started process (PID=730) to work on /opt/airflow/dags/task.py
[2025-07-25T09:59:43.324+0000] {processor.py:914} INFO - Processing file /opt/airflow/dags/task.py for tasks to queue
[2025-07-25T09:59:43.326+0000] {logging_mixin.py:190} INFO - [2025-07-25T09:59:43.325+0000] {dagbag.py:588} INFO - Filling up the DagBag from /opt/airflow/dags/task.py
[2025-07-25T09:59:43.342+0000] {processor.py:927} WARNING - No viable dags retrieved from /opt/airflow/dags/task.py
[2025-07-25T09:59:43.362+0000] {processor.py:208} INFO - Processing /opt/airflow/dags/task.py took 0.048 seconds
[2025-07-25T10:00:13.990+0000] {processor.py:186} INFO - Started process (PID=804) to work on /opt/airflow/dags/task.py
[2025-07-25T10:00:13.992+0000] {processor.py:914} INFO - Processing file /opt/airflow/dags/task.py for tasks to queue
[2025-07-25T10:00:13.996+0000] {logging_mixin.py:190} INFO - [2025-07-25T10:00:13.995+0000] {dagbag.py:588} INFO - Filling up the DagBag from /opt/airflow/dags/task.py
[2025-07-25T10:00:14.027+0000] {processor.py:927} WARNING - No viable dags retrieved from /opt/airflow/dags/task.py
[2025-07-25T10:00:14.065+0000] {processor.py:208} INFO - Processing /opt/airflow/dags/task.py took 0.093 seconds
[2025-07-25T10:00:44.744+0000] {processor.py:186} INFO - Started process (PID=820) to work on /opt/airflow/dags/task.py
[2025-07-25T10:00:44.745+0000] {processor.py:914} INFO - Processing file /opt/airflow/dags/task.py for tasks to queue
[2025-07-25T10:00:44.746+0000] {logging_mixin.py:190} INFO - [2025-07-25T10:00:44.745+0000] {dagbag.py:588} INFO - Filling up the DagBag from /opt/airflow/dags/task.py
[2025-07-25T10:00:44.756+0000] {processor.py:927} WARNING - No viable dags retrieved from /opt/airflow/dags/task.py
[2025-07-25T10:00:44.769+0000] {processor.py:208} INFO - Processing /opt/airflow/dags/task.py took 0.031 seconds
[2025-07-25T10:01:15.162+0000] {processor.py:186} INFO - Started process (PID=846) to work on /opt/airflow/dags/task.py
[2025-07-25T10:01:15.163+0000] {processor.py:914} INFO - Processing file /opt/airflow/dags/task.py for tasks to queue
[2025-07-25T10:01:15.165+0000] {logging_mixin.py:190} INFO - [2025-07-25T10:01:15.164+0000] {dagbag.py:588} INFO - Filling up the DagBag from /opt/airflow/dags/task.py
[2025-07-25T10:01:15.176+0000] {processor.py:927} WARNING - No viable dags retrieved from /opt/airflow/dags/task.py
[2025-07-25T10:01:15.191+0000] {processor.py:208} INFO - Processing /opt/airflow/dags/task.py took 0.035 seconds
[2025-07-25T10:01:45.570+0000] {processor.py:186} INFO - Started process (PID=869) to work on /opt/airflow/dags/task.py
[2025-07-25T10:01:45.571+0000] {processor.py:914} INFO - Processing file /opt/airflow/dags/task.py for tasks to queue
[2025-07-25T10:01:45.573+0000] {logging_mixin.py:190} INFO - [2025-07-25T10:01:45.573+0000] {dagbag.py:588} INFO - Filling up the DagBag from /opt/airflow/dags/task.py
[2025-07-25T10:01:45.583+0000] {processor.py:927} WARNING - No viable dags retrieved from /opt/airflow/dags/task.py
[2025-07-25T10:01:45.597+0000] {processor.py:208} INFO - Processing /opt/airflow/dags/task.py took 0.033 seconds
[2025-07-25T10:02:16.168+0000] {processor.py:186} INFO - Started process (PID=892) to work on /opt/airflow/dags/task.py
[2025-07-25T10:02:16.169+0000] {processor.py:914} INFO - Processing file /opt/airflow/dags/task.py for tasks to queue
[2025-07-25T10:02:16.172+0000] {logging_mixin.py:190} INFO - [2025-07-25T10:02:16.171+0000] {dagbag.py:588} INFO - Filling up the DagBag from /opt/airflow/dags/task.py
[2025-07-25T10:02:16.198+0000] {processor.py:927} WARNING - No viable dags retrieved from /opt/airflow/dags/task.py
[2025-07-25T10:02:16.228+0000] {processor.py:208} INFO - Processing /opt/airflow/dags/task.py took 0.069 seconds
[2025-07-25T10:02:46.774+0000] {processor.py:186} INFO - Started process (PID=915) to work on /opt/airflow/dags/task.py
[2025-07-25T10:02:46.775+0000] {processor.py:914} INFO - Processing file /opt/airflow/dags/task.py for tasks to queue
[2025-07-25T10:02:46.777+0000] {logging_mixin.py:190} INFO - [2025-07-25T10:02:46.776+0000] {dagbag.py:588} INFO - Filling up the DagBag from /opt/airflow/dags/task.py
[2025-07-25T10:02:46.795+0000] {processor.py:927} WARNING - No viable dags retrieved from /opt/airflow/dags/task.py
[2025-07-25T10:02:46.823+0000] {processor.py:208} INFO - Processing /opt/airflow/dags/task.py took 0.056 seconds
[2025-07-25T10:03:17.542+0000] {processor.py:186} INFO - Started process (PID=948) to work on /opt/airflow/dags/task.py
[2025-07-25T10:03:17.543+0000] {processor.py:914} INFO - Processing file /opt/airflow/dags/task.py for tasks to queue
[2025-07-25T10:03:17.546+0000] {logging_mixin.py:190} INFO - [2025-07-25T10:03:17.545+0000] {dagbag.py:588} INFO - Filling up the DagBag from /opt/airflow/dags/task.py
[2025-07-25T10:03:17.560+0000] {processor.py:927} WARNING - No viable dags retrieved from /opt/airflow/dags/task.py
[2025-07-25T10:03:17.577+0000] {processor.py:208} INFO - Processing /opt/airflow/dags/task.py took 0.041 seconds
[2025-07-25T10:03:48.118+0000] {processor.py:186} INFO - Started process (PID=979) to work on /opt/airflow/dags/task.py
[2025-07-25T10:03:48.119+0000] {processor.py:914} INFO - Processing file /opt/airflow/dags/task.py for tasks to queue
[2025-07-25T10:03:48.123+0000] {logging_mixin.py:190} INFO - [2025-07-25T10:03:48.121+0000] {dagbag.py:588} INFO - Filling up the DagBag from /opt/airflow/dags/task.py
[2025-07-25T10:03:48.145+0000] {processor.py:927} WARNING - No viable dags retrieved from /opt/airflow/dags/task.py
[2025-07-25T10:03:48.172+0000] {processor.py:208} INFO - Processing /opt/airflow/dags/task.py took 0.065 seconds
[2025-07-25T10:04:18.729+0000] {processor.py:186} INFO - Started process (PID=1006) to work on /opt/airflow/dags/task.py
[2025-07-25T10:04:18.732+0000] {processor.py:914} INFO - Processing file /opt/airflow/dags/task.py for tasks to queue
[2025-07-25T10:04:18.736+0000] {logging_mixin.py:190} INFO - [2025-07-25T10:04:18.735+0000] {dagbag.py:588} INFO - Filling up the DagBag from /opt/airflow/dags/task.py
[2025-07-25T10:04:18.765+0000] {processor.py:927} WARNING - No viable dags retrieved from /opt/airflow/dags/task.py
[2025-07-25T10:04:18.794+0000] {processor.py:208} INFO - Processing /opt/airflow/dags/task.py took 0.082 seconds
[2025-07-25T10:04:49.217+0000] {processor.py:186} INFO - Started process (PID=1029) to work on /opt/airflow/dags/task.py
[2025-07-25T10:04:49.219+0000] {processor.py:914} INFO - Processing file /opt/airflow/dags/task.py for tasks to queue
[2025-07-25T10:04:49.220+0000] {logging_mixin.py:190} INFO - [2025-07-25T10:04:49.220+0000] {dagbag.py:588} INFO - Filling up the DagBag from /opt/airflow/dags/task.py
[2025-07-25T10:04:49.231+0000] {processor.py:927} WARNING - No viable dags retrieved from /opt/airflow/dags/task.py
[2025-07-25T10:04:49.244+0000] {processor.py:208} INFO - Processing /opt/airflow/dags/task.py took 0.033 seconds
[2025-07-25T10:05:19.843+0000] {processor.py:186} INFO - Started process (PID=1058) to work on /opt/airflow/dags/task.py
[2025-07-25T10:05:19.844+0000] {processor.py:914} INFO - Processing file /opt/airflow/dags/task.py for tasks to queue
[2025-07-25T10:05:19.847+0000] {logging_mixin.py:190} INFO - [2025-07-25T10:05:19.846+0000] {dagbag.py:588} INFO - Filling up the DagBag from /opt/airflow/dags/task.py
[2025-07-25T10:05:19.869+0000] {processor.py:927} WARNING - No viable dags retrieved from /opt/airflow/dags/task.py
[2025-07-25T10:05:19.891+0000] {processor.py:208} INFO - Processing /opt/airflow/dags/task.py took 0.062 seconds
[2025-07-25T10:05:50.658+0000] {processor.py:186} INFO - Started process (PID=1085) to work on /opt/airflow/dags/task.py
[2025-07-25T10:05:50.660+0000] {processor.py:914} INFO - Processing file /opt/airflow/dags/task.py for tasks to queue
[2025-07-25T10:05:50.662+0000] {logging_mixin.py:190} INFO - [2025-07-25T10:05:50.662+0000] {dagbag.py:588} INFO - Filling up the DagBag from /opt/airflow/dags/task.py
[2025-07-25T10:05:50.684+0000] {processor.py:927} WARNING - No viable dags retrieved from /opt/airflow/dags/task.py
[2025-07-25T10:05:50.709+0000] {processor.py:208} INFO - Processing /opt/airflow/dags/task.py took 0.063 seconds
[2025-07-25T10:06:21.010+0000] {processor.py:186} INFO - Started process (PID=1114) to work on /opt/airflow/dags/task.py
[2025-07-25T10:06:21.012+0000] {processor.py:914} INFO - Processing file /opt/airflow/dags/task.py for tasks to queue
[2025-07-25T10:06:21.018+0000] {logging_mixin.py:190} INFO - [2025-07-25T10:06:21.017+0000] {dagbag.py:588} INFO - Filling up the DagBag from /opt/airflow/dags/task.py
[2025-07-25T10:06:21.044+0000] {processor.py:927} WARNING - No viable dags retrieved from /opt/airflow/dags/task.py
[2025-07-25T10:06:21.075+0000] {processor.py:208} INFO - Processing /opt/airflow/dags/task.py took 0.084 seconds
[2025-07-25T10:06:51.586+0000] {processor.py:186} INFO - Started process (PID=1158) to work on /opt/airflow/dags/task.py
[2025-07-25T10:06:51.588+0000] {processor.py:914} INFO - Processing file /opt/airflow/dags/task.py for tasks to queue
[2025-07-25T10:06:51.591+0000] {logging_mixin.py:190} INFO - [2025-07-25T10:06:51.590+0000] {dagbag.py:588} INFO - Filling up the DagBag from /opt/airflow/dags/task.py
[2025-07-25T10:06:51.621+0000] {processor.py:927} WARNING - No viable dags retrieved from /opt/airflow/dags/task.py
[2025-07-25T10:06:51.661+0000] {processor.py:208} INFO - Processing /opt/airflow/dags/task.py took 0.086 seconds
[2025-07-25T10:07:22.163+0000] {processor.py:186} INFO - Started process (PID=1184) to work on /opt/airflow/dags/task.py
[2025-07-25T10:07:22.165+0000] {processor.py:914} INFO - Processing file /opt/airflow/dags/task.py for tasks to queue
[2025-07-25T10:07:22.167+0000] {logging_mixin.py:190} INFO - [2025-07-25T10:07:22.167+0000] {dagbag.py:588} INFO - Filling up the DagBag from /opt/airflow/dags/task.py
[2025-07-25T10:07:22.186+0000] {processor.py:927} WARNING - No viable dags retrieved from /opt/airflow/dags/task.py
[2025-07-25T10:07:22.223+0000] {processor.py:208} INFO - Processing /opt/airflow/dags/task.py took 0.069 seconds
[2025-07-25T10:07:52.677+0000] {processor.py:186} INFO - Started process (PID=1207) to work on /opt/airflow/dags/task.py
[2025-07-25T10:07:52.678+0000] {processor.py:914} INFO - Processing file /opt/airflow/dags/task.py for tasks to queue
[2025-07-25T10:07:52.679+0000] {logging_mixin.py:190} INFO - [2025-07-25T10:07:52.679+0000] {dagbag.py:588} INFO - Filling up the DagBag from /opt/airflow/dags/task.py
[2025-07-25T10:07:52.690+0000] {processor.py:927} WARNING - No viable dags retrieved from /opt/airflow/dags/task.py
[2025-07-25T10:07:52.706+0000] {processor.py:208} INFO - Processing /opt/airflow/dags/task.py took 0.036 seconds
[2025-07-25T10:08:23.213+0000] {processor.py:186} INFO - Started process (PID=1230) to work on /opt/airflow/dags/task.py
[2025-07-25T10:08:23.214+0000] {processor.py:914} INFO - Processing file /opt/airflow/dags/task.py for tasks to queue
[2025-07-25T10:08:23.216+0000] {logging_mixin.py:190} INFO - [2025-07-25T10:08:23.215+0000] {dagbag.py:588} INFO - Filling up the DagBag from /opt/airflow/dags/task.py
[2025-07-25T10:08:23.228+0000] {processor.py:927} WARNING - No viable dags retrieved from /opt/airflow/dags/task.py
[2025-07-25T10:08:23.241+0000] {processor.py:208} INFO - Processing /opt/airflow/dags/task.py took 0.034 seconds
[2025-07-25T10:08:36.560+0000] {processor.py:186} INFO - Started process (PID=1244) to work on /opt/airflow/dags/task.py
[2025-07-25T10:08:36.565+0000] {processor.py:914} INFO - Processing file /opt/airflow/dags/task.py for tasks to queue
[2025-07-25T10:08:36.570+0000] {logging_mixin.py:190} INFO - [2025-07-25T10:08:36.569+0000] {dagbag.py:588} INFO - Filling up the DagBag from /opt/airflow/dags/task.py
[2025-07-25T10:08:36.664+0000] {logging_mixin.py:190} INFO - [2025-07-25T10:08:36.652+0000] {dagbag.py:387} ERROR - Failed to import: /opt/airflow/dags/task.py
Traceback (most recent call last):
  File "/home/airflow/.local/lib/python3.12/site-packages/airflow/models/dagbag.py", line 383, in parse
    loader.exec_module(new_module)
  File "<frozen importlib._bootstrap_external>", line 995, in exec_module
  File "<frozen importlib._bootstrap>", line 488, in _call_with_frames_removed
  File "/opt/airflow/dags/task.py", line 2, in <module>
    from airflow.providers.standard.operators.python import PythonOperator
ModuleNotFoundError: No module named 'airflow.providers.standard'
[2025-07-25T10:08:36.670+0000] {processor.py:927} WARNING - No viable dags retrieved from /opt/airflow/dags/task.py
[2025-07-25T10:08:36.718+0000] {processor.py:208} INFO - Processing /opt/airflow/dags/task.py took 0.178 seconds
[2025-07-25T10:09:07.240+0000] {processor.py:186} INFO - Started process (PID=1275) to work on /opt/airflow/dags/task.py
[2025-07-25T10:09:07.243+0000] {processor.py:914} INFO - Processing file /opt/airflow/dags/task.py for tasks to queue
[2025-07-25T10:09:07.245+0000] {logging_mixin.py:190} INFO - [2025-07-25T10:09:07.245+0000] {dagbag.py:588} INFO - Filling up the DagBag from /opt/airflow/dags/task.py
[2025-07-25T10:09:07.275+0000] {logging_mixin.py:190} INFO - [2025-07-25T10:09:07.267+0000] {dagbag.py:387} ERROR - Failed to import: /opt/airflow/dags/task.py
Traceback (most recent call last):
  File "/home/airflow/.local/lib/python3.12/site-packages/airflow/models/dagbag.py", line 383, in parse
    loader.exec_module(new_module)
  File "<frozen importlib._bootstrap_external>", line 995, in exec_module
  File "<frozen importlib._bootstrap>", line 488, in _call_with_frames_removed
  File "/opt/airflow/dags/task.py", line 2, in <module>
    from airflow.providers.standard.operators.python import PythonOperator
ModuleNotFoundError: No module named 'airflow.providers.standard'
[2025-07-25T10:09:07.278+0000] {processor.py:927} WARNING - No viable dags retrieved from /opt/airflow/dags/task.py
[2025-07-25T10:09:07.312+0000] {processor.py:208} INFO - Processing /opt/airflow/dags/task.py took 0.083 seconds
[2025-07-25T10:09:37.939+0000] {processor.py:186} INFO - Started process (PID=1303) to work on /opt/airflow/dags/task.py
[2025-07-25T10:09:37.940+0000] {processor.py:914} INFO - Processing file /opt/airflow/dags/task.py for tasks to queue
[2025-07-25T10:09:37.944+0000] {logging_mixin.py:190} INFO - [2025-07-25T10:09:37.943+0000] {dagbag.py:588} INFO - Filling up the DagBag from /opt/airflow/dags/task.py
[2025-07-25T10:09:37.978+0000] {logging_mixin.py:190} INFO - [2025-07-25T10:09:37.970+0000] {dagbag.py:387} ERROR - Failed to import: /opt/airflow/dags/task.py
Traceback (most recent call last):
  File "/home/airflow/.local/lib/python3.12/site-packages/airflow/models/dagbag.py", line 383, in parse
    loader.exec_module(new_module)
  File "<frozen importlib._bootstrap_external>", line 995, in exec_module
  File "<frozen importlib._bootstrap>", line 488, in _call_with_frames_removed
  File "/opt/airflow/dags/task.py", line 2, in <module>
    from airflow.providers.standard.operators.python import PythonOperator
ModuleNotFoundError: No module named 'airflow.providers.standard'
[2025-07-25T10:09:37.981+0000] {processor.py:927} WARNING - No viable dags retrieved from /opt/airflow/dags/task.py
[2025-07-25T10:09:38.016+0000] {processor.py:208} INFO - Processing /opt/airflow/dags/task.py took 0.092 seconds
[2025-07-25T10:10:08.700+0000] {processor.py:186} INFO - Started process (PID=1336) to work on /opt/airflow/dags/task.py
[2025-07-25T10:10:08.702+0000] {processor.py:914} INFO - Processing file /opt/airflow/dags/task.py for tasks to queue
[2025-07-25T10:10:08.706+0000] {logging_mixin.py:190} INFO - [2025-07-25T10:10:08.705+0000] {dagbag.py:588} INFO - Filling up the DagBag from /opt/airflow/dags/task.py
[2025-07-25T10:10:08.745+0000] {logging_mixin.py:190} INFO - [2025-07-25T10:10:08.735+0000] {dagbag.py:387} ERROR - Failed to import: /opt/airflow/dags/task.py
Traceback (most recent call last):
  File "/home/airflow/.local/lib/python3.12/site-packages/airflow/models/dagbag.py", line 383, in parse
    loader.exec_module(new_module)
  File "<frozen importlib._bootstrap_external>", line 995, in exec_module
  File "<frozen importlib._bootstrap>", line 488, in _call_with_frames_removed
  File "/opt/airflow/dags/task.py", line 2, in <module>
    from airflow.providers.standard.operators.python import PythonOperator
ModuleNotFoundError: No module named 'airflow.providers.standard'
[2025-07-25T10:10:08.749+0000] {processor.py:927} WARNING - No viable dags retrieved from /opt/airflow/dags/task.py
[2025-07-25T10:10:08.792+0000] {processor.py:208} INFO - Processing /opt/airflow/dags/task.py took 0.102 seconds
[2025-07-25T10:10:39.293+0000] {processor.py:186} INFO - Started process (PID=1370) to work on /opt/airflow/dags/task.py
[2025-07-25T10:10:39.295+0000] {processor.py:914} INFO - Processing file /opt/airflow/dags/task.py for tasks to queue
[2025-07-25T10:10:39.298+0000] {logging_mixin.py:190} INFO - [2025-07-25T10:10:39.297+0000] {dagbag.py:588} INFO - Filling up the DagBag from /opt/airflow/dags/task.py
[2025-07-25T10:10:39.323+0000] {logging_mixin.py:190} INFO - [2025-07-25T10:10:39.316+0000] {dagbag.py:387} ERROR - Failed to import: /opt/airflow/dags/task.py
Traceback (most recent call last):
  File "/home/airflow/.local/lib/python3.12/site-packages/airflow/models/dagbag.py", line 383, in parse
    loader.exec_module(new_module)
  File "<frozen importlib._bootstrap_external>", line 995, in exec_module
  File "<frozen importlib._bootstrap>", line 488, in _call_with_frames_removed
  File "/opt/airflow/dags/task.py", line 2, in <module>
    from airflow.providers.standard.operators.python import PythonOperator
ModuleNotFoundError: No module named 'airflow.providers.standard'
[2025-07-25T10:10:39.325+0000] {processor.py:927} WARNING - No viable dags retrieved from /opt/airflow/dags/task.py
[2025-07-25T10:10:39.352+0000] {processor.py:208} INFO - Processing /opt/airflow/dags/task.py took 0.069 seconds
[2025-07-25T10:11:10.056+0000] {processor.py:186} INFO - Started process (PID=1420) to work on /opt/airflow/dags/task.py
[2025-07-25T10:11:10.059+0000] {processor.py:914} INFO - Processing file /opt/airflow/dags/task.py for tasks to queue
[2025-07-25T10:11:10.064+0000] {logging_mixin.py:190} INFO - [2025-07-25T10:11:10.062+0000] {dagbag.py:588} INFO - Filling up the DagBag from /opt/airflow/dags/task.py
[2025-07-25T10:11:10.111+0000] {logging_mixin.py:190} INFO - [2025-07-25T10:11:10.100+0000] {dagbag.py:387} ERROR - Failed to import: /opt/airflow/dags/task.py
Traceback (most recent call last):
  File "/home/airflow/.local/lib/python3.12/site-packages/airflow/models/dagbag.py", line 383, in parse
    loader.exec_module(new_module)
  File "<frozen importlib._bootstrap_external>", line 995, in exec_module
  File "<frozen importlib._bootstrap>", line 488, in _call_with_frames_removed
  File "/opt/airflow/dags/task.py", line 2, in <module>
    from airflow.providers.standard.operators.python import PythonOperator
ModuleNotFoundError: No module named 'airflow.providers.standard'
[2025-07-25T10:11:10.115+0000] {processor.py:927} WARNING - No viable dags retrieved from /opt/airflow/dags/task.py
[2025-07-25T10:11:10.161+0000] {processor.py:208} INFO - Processing /opt/airflow/dags/task.py took 0.126 seconds
[2025-07-25T10:11:40.597+0000] {processor.py:186} INFO - Started process (PID=1443) to work on /opt/airflow/dags/task.py
[2025-07-25T10:11:40.598+0000] {processor.py:914} INFO - Processing file /opt/airflow/dags/task.py for tasks to queue
[2025-07-25T10:11:40.600+0000] {logging_mixin.py:190} INFO - [2025-07-25T10:11:40.599+0000] {dagbag.py:588} INFO - Filling up the DagBag from /opt/airflow/dags/task.py
[2025-07-25T10:11:40.622+0000] {logging_mixin.py:190} INFO - [2025-07-25T10:11:40.616+0000] {dagbag.py:387} ERROR - Failed to import: /opt/airflow/dags/task.py
Traceback (most recent call last):
  File "/home/airflow/.local/lib/python3.12/site-packages/airflow/models/dagbag.py", line 383, in parse
    loader.exec_module(new_module)
  File "<frozen importlib._bootstrap_external>", line 995, in exec_module
  File "<frozen importlib._bootstrap>", line 488, in _call_with_frames_removed
  File "/opt/airflow/dags/task.py", line 2, in <module>
    from airflow.providers.standard.operators.python import PythonOperator
ModuleNotFoundError: No module named 'airflow.providers.standard'
[2025-07-25T10:11:40.624+0000] {processor.py:927} WARNING - No viable dags retrieved from /opt/airflow/dags/task.py
[2025-07-25T10:11:40.665+0000] {processor.py:208} INFO - Processing /opt/airflow/dags/task.py took 0.076 seconds
[2025-07-25T10:12:11.037+0000] {processor.py:186} INFO - Started process (PID=1469) to work on /opt/airflow/dags/task.py
[2025-07-25T10:12:11.038+0000] {processor.py:914} INFO - Processing file /opt/airflow/dags/task.py for tasks to queue
[2025-07-25T10:12:11.041+0000] {logging_mixin.py:190} INFO - [2025-07-25T10:12:11.040+0000] {dagbag.py:588} INFO - Filling up the DagBag from /opt/airflow/dags/task.py
[2025-07-25T10:12:11.067+0000] {logging_mixin.py:190} INFO - [2025-07-25T10:12:11.060+0000] {dagbag.py:387} ERROR - Failed to import: /opt/airflow/dags/task.py
Traceback (most recent call last):
  File "/home/airflow/.local/lib/python3.12/site-packages/airflow/models/dagbag.py", line 383, in parse
    loader.exec_module(new_module)
  File "<frozen importlib._bootstrap_external>", line 995, in exec_module
  File "<frozen importlib._bootstrap>", line 488, in _call_with_frames_removed
  File "/opt/airflow/dags/task.py", line 2, in <module>
    from airflow.providers.standard.operators.python import PythonOperator
ModuleNotFoundError: No module named 'airflow.providers.standard'
[2025-07-25T10:12:11.070+0000] {processor.py:927} WARNING - No viable dags retrieved from /opt/airflow/dags/task.py
[2025-07-25T10:12:11.101+0000] {processor.py:208} INFO - Processing /opt/airflow/dags/task.py took 0.074 seconds
[2025-07-25T10:12:41.782+0000] {processor.py:186} INFO - Started process (PID=1491) to work on /opt/airflow/dags/task.py
[2025-07-25T10:12:41.785+0000] {processor.py:914} INFO - Processing file /opt/airflow/dags/task.py for tasks to queue
[2025-07-25T10:12:41.790+0000] {logging_mixin.py:190} INFO - [2025-07-25T10:12:41.789+0000] {dagbag.py:588} INFO - Filling up the DagBag from /opt/airflow/dags/task.py
[2025-07-25T10:12:41.833+0000] {logging_mixin.py:190} INFO - [2025-07-25T10:12:41.821+0000] {dagbag.py:387} ERROR - Failed to import: /opt/airflow/dags/task.py
Traceback (most recent call last):
  File "/home/airflow/.local/lib/python3.12/site-packages/airflow/models/dagbag.py", line 383, in parse
    loader.exec_module(new_module)
  File "<frozen importlib._bootstrap_external>", line 995, in exec_module
  File "<frozen importlib._bootstrap>", line 488, in _call_with_frames_removed
  File "/opt/airflow/dags/task.py", line 2, in <module>
    from airflow.providers.standard.operators.python import PythonOperator
ModuleNotFoundError: No module named 'airflow.providers.standard'
[2025-07-25T10:12:41.837+0000] {processor.py:927} WARNING - No viable dags retrieved from /opt/airflow/dags/task.py
[2025-07-25T10:12:41.903+0000] {processor.py:208} INFO - Processing /opt/airflow/dags/task.py took 0.139 seconds
[2025-07-25T10:13:12.505+0000] {processor.py:186} INFO - Started process (PID=1514) to work on /opt/airflow/dags/task.py
[2025-07-25T10:13:12.507+0000] {processor.py:914} INFO - Processing file /opt/airflow/dags/task.py for tasks to queue
[2025-07-25T10:13:12.509+0000] {logging_mixin.py:190} INFO - [2025-07-25T10:13:12.509+0000] {dagbag.py:588} INFO - Filling up the DagBag from /opt/airflow/dags/task.py
[2025-07-25T10:13:12.535+0000] {logging_mixin.py:190} INFO - [2025-07-25T10:13:12.528+0000] {dagbag.py:387} ERROR - Failed to import: /opt/airflow/dags/task.py
Traceback (most recent call last):
  File "/home/airflow/.local/lib/python3.12/site-packages/airflow/models/dagbag.py", line 383, in parse
    loader.exec_module(new_module)
  File "<frozen importlib._bootstrap_external>", line 995, in exec_module
  File "<frozen importlib._bootstrap>", line 488, in _call_with_frames_removed
  File "/opt/airflow/dags/task.py", line 2, in <module>
    from airflow.providers.standard.operators.python import PythonOperator
ModuleNotFoundError: No module named 'airflow.providers.standard'
[2025-07-25T10:13:12.538+0000] {processor.py:927} WARNING - No viable dags retrieved from /opt/airflow/dags/task.py
[2025-07-25T10:13:12.565+0000] {processor.py:208} INFO - Processing /opt/airflow/dags/task.py took 0.070 seconds
[2025-07-25T10:13:43.089+0000] {processor.py:186} INFO - Started process (PID=1543) to work on /opt/airflow/dags/task.py
[2025-07-25T10:13:43.091+0000] {processor.py:914} INFO - Processing file /opt/airflow/dags/task.py for tasks to queue
[2025-07-25T10:13:43.094+0000] {logging_mixin.py:190} INFO - [2025-07-25T10:13:43.093+0000] {dagbag.py:588} INFO - Filling up the DagBag from /opt/airflow/dags/task.py
[2025-07-25T10:13:43.124+0000] {logging_mixin.py:190} INFO - [2025-07-25T10:13:43.115+0000] {dagbag.py:387} ERROR - Failed to import: /opt/airflow/dags/task.py
Traceback (most recent call last):
  File "/home/airflow/.local/lib/python3.12/site-packages/airflow/models/dagbag.py", line 383, in parse
    loader.exec_module(new_module)
  File "<frozen importlib._bootstrap_external>", line 995, in exec_module
  File "<frozen importlib._bootstrap>", line 488, in _call_with_frames_removed
  File "/opt/airflow/dags/task.py", line 2, in <module>
    from airflow.providers.standard.operators.python import PythonOperator
ModuleNotFoundError: No module named 'airflow.providers.standard'
[2025-07-25T10:13:43.126+0000] {processor.py:927} WARNING - No viable dags retrieved from /opt/airflow/dags/task.py
[2025-07-25T10:13:43.166+0000] {processor.py:208} INFO - Processing /opt/airflow/dags/task.py took 0.088 seconds
[2025-07-25T10:14:13.775+0000] {processor.py:186} INFO - Started process (PID=1572) to work on /opt/airflow/dags/task.py
[2025-07-25T10:14:13.777+0000] {processor.py:914} INFO - Processing file /opt/airflow/dags/task.py for tasks to queue
[2025-07-25T10:14:13.780+0000] {logging_mixin.py:190} INFO - [2025-07-25T10:14:13.779+0000] {dagbag.py:588} INFO - Filling up the DagBag from /opt/airflow/dags/task.py
[2025-07-25T10:14:13.803+0000] {logging_mixin.py:190} INFO - [2025-07-25T10:14:13.797+0000] {dagbag.py:387} ERROR - Failed to import: /opt/airflow/dags/task.py
Traceback (most recent call last):
  File "/home/airflow/.local/lib/python3.12/site-packages/airflow/models/dagbag.py", line 383, in parse
    loader.exec_module(new_module)
  File "<frozen importlib._bootstrap_external>", line 995, in exec_module
  File "<frozen importlib._bootstrap>", line 488, in _call_with_frames_removed
  File "/opt/airflow/dags/task.py", line 2, in <module>
    from airflow.providers.standard.operators.python import PythonOperator
ModuleNotFoundError: No module named 'airflow.providers.standard'
[2025-07-25T10:14:13.806+0000] {processor.py:927} WARNING - No viable dags retrieved from /opt/airflow/dags/task.py
[2025-07-25T10:14:13.834+0000] {processor.py:208} INFO - Processing /opt/airflow/dags/task.py took 0.068 seconds
[2025-07-25T10:14:44.269+0000] {processor.py:186} INFO - Started process (PID=1587) to work on /opt/airflow/dags/task.py
[2025-07-25T10:14:44.271+0000] {processor.py:914} INFO - Processing file /opt/airflow/dags/task.py for tasks to queue
[2025-07-25T10:14:44.272+0000] {logging_mixin.py:190} INFO - [2025-07-25T10:14:44.272+0000] {dagbag.py:588} INFO - Filling up the DagBag from /opt/airflow/dags/task.py
[2025-07-25T10:14:44.293+0000] {logging_mixin.py:190} INFO - [2025-07-25T10:14:44.288+0000] {dagbag.py:387} ERROR - Failed to import: /opt/airflow/dags/task.py
Traceback (most recent call last):
  File "/home/airflow/.local/lib/python3.12/site-packages/airflow/models/dagbag.py", line 383, in parse
    loader.exec_module(new_module)
  File "<frozen importlib._bootstrap_external>", line 995, in exec_module
  File "<frozen importlib._bootstrap>", line 488, in _call_with_frames_removed
  File "/opt/airflow/dags/task.py", line 2, in <module>
    from airflow.providers.standard.operators.python import PythonOperator
ModuleNotFoundError: No module named 'airflow.providers.standard'
[2025-07-25T10:14:44.296+0000] {processor.py:927} WARNING - No viable dags retrieved from /opt/airflow/dags/task.py
[2025-07-25T10:14:44.321+0000] {processor.py:208} INFO - Processing /opt/airflow/dags/task.py took 0.060 seconds
