[2025-07-25T09:58:28.345+0000] {local_task_job_runner.py:123} INFO - ::group::Pre task execution logs
[2025-07-25T09:58:28.396+0000] {taskinstance.py:2613} INFO - Dependencies all met for dep_context=non-requeueable deps ti=<TaskInstance: etl_postgres2.load_songplays_fact_table manual__2025-07-25T09:53:21.463693+00:00 [queued]>
[2025-07-25T09:58:28.418+0000] {taskinstance.py:2613} INFO - Dependencies all met for dep_context=requeueable deps ti=<TaskInstance: etl_postgres2.load_songplays_fact_table manual__2025-07-25T09:53:21.463693+00:00 [queued]>
[2025-07-25T09:58:28.419+0000] {taskinstance.py:2866} INFO - Starting attempt 1 of 6
[2025-07-25T09:58:28.446+0000] {taskinstance.py:2889} INFO - Executing <Task(PythonOperator): load_songplays_fact_table> on 2025-07-25 09:53:21.463693+00:00
[2025-07-25T09:58:28.465+0000] {logging_mixin.py:190} WARNING - /home/***/.local/lib/python3.12/site-packages/***/task/task_runner/standard_task_runner.py:70 DeprecationWarning: This process (pid=593) is multi-threaded, use of fork() may lead to deadlocks in the child.
[2025-07-25T09:58:28.468+0000] {standard_task_runner.py:72} INFO - Started process 596 to run task
[2025-07-25T09:58:28.463+0000] {standard_task_runner.py:104} INFO - Running: ['***', 'tasks', 'run', 'etl_postgres2', 'load_songplays_fact_table', 'manual__2025-07-25T09:53:21.463693+00:00', '--job-id', '20', '--raw', '--subdir', 'DAGS_FOLDER/etl_dag.py', '--cfg-path', '/tmp/tmp47zytg3n']
[2025-07-25T09:58:28.472+0000] {standard_task_runner.py:105} INFO - Job 20: Subtask load_songplays_fact_table
[2025-07-25T09:58:28.695+0000] {task_command.py:467} INFO - Running <TaskInstance: etl_postgres2.load_songplays_fact_table manual__2025-07-25T09:53:21.463693+00:00 [running]> on host 72bd964f8e11
[2025-07-25T09:58:28.921+0000] {taskinstance.py:3132} INFO - Exporting env vars: AIRFLOW_CTX_DAG_OWNER='***' AIRFLOW_CTX_DAG_ID='etl_postgres2' AIRFLOW_CTX_TASK_ID='load_songplays_fact_table' AIRFLOW_CTX_EXECUTION_DATE='2025-07-25T09:53:21.463693+00:00' AIRFLOW_CTX_TRY_NUMBER='1' AIRFLOW_CTX_DAG_RUN_ID='manual__2025-07-25T09:53:21.463693+00:00'
[2025-07-25T09:58:28.924+0000] {taskinstance.py:731} INFO - ::endgroup::
[2025-07-25T09:58:28.975+0000] {etl_dag.py:253} INFO - Loading songplays fact table
[2025-07-25T09:58:28.980+0000] {etl_dag.py:290} INFO - Inserted 0 records into songplays table
[2025-07-25T09:58:28.981+0000] {etl_dag.py:293} INFO - Songplays fact table loaded successfully
[2025-07-25T09:58:28.982+0000] {python.py:240} INFO - Done. Returned value was: None
[2025-07-25T09:58:29.293+0000] {taskinstance.py:340} INFO - ::group::Post task execution logs
[2025-07-25T09:58:29.295+0000] {taskinstance.py:352} INFO - Marking task as SUCCESS. dag_id=etl_postgres2, task_id=load_songplays_fact_table, run_id=manual__2025-07-25T09:53:21.463693+00:00, execution_date=20250725T095321, start_date=20250725T095828, end_date=20250725T095829
[2025-07-25T09:58:29.331+0000] {local_task_job_runner.py:266} INFO - Task exited with return code 0
[2025-07-25T09:58:29.389+0000] {taskinstance.py:3895} INFO - 4 downstream tasks scheduled from follow-on schedule check
[2025-07-25T09:58:29.392+0000] {local_task_job_runner.py:245} INFO - ::endgroup::
