[2025-07-25T01:47:15.644+0000] {local_task_job_runner.py:123} INFO - ::group::Pre task execution logs
[2025-07-25T01:47:15.696+0000] {taskinstance.py:2613} INFO - Dependencies all met for dep_context=non-requeueable deps ti=<TaskInstance: etl_postgres.load_artist_dim_table manual__2025-07-25T01:47:05.470453+00:00 [queued]>
[2025-07-25T01:47:15.725+0000] {taskinstance.py:2613} INFO - Dependencies all met for dep_context=requeueable deps ti=<TaskInstance: etl_postgres.load_artist_dim_table manual__2025-07-25T01:47:05.470453+00:00 [queued]>
[2025-07-25T01:47:15.752+0000] {taskinstance.py:2866} INFO - Starting attempt 1 of 6
[2025-07-25T01:47:15.795+0000] {taskinstance.py:2889} INFO - Executing <Task(PythonOperator): load_artist_dim_table> on 2025-07-25 01:47:05.470453+00:00
[2025-07-25T01:47:15.834+0000] {logging_mixin.py:190} WARNING - /home/***/.local/lib/python3.12/site-packages/***/task/task_runner/standard_task_runner.py:70 DeprecationWarning: This process (pid=426) is multi-threaded, use of fork() may lead to deadlocks in the child.
[2025-07-25T01:47:15.832+0000] {standard_task_runner.py:104} INFO - Running: ['***', 'tasks', 'run', 'etl_postgres', 'load_artist_dim_table', 'manual__2025-07-25T01:47:05.470453+00:00', '--job-id', '106', '--raw', '--subdir', 'DAGS_FOLDER/etl_dag.py', '--cfg-path', '/tmp/tmpr0dvd1hc']
[2025-07-25T01:47:15.838+0000] {standard_task_runner.py:72} INFO - Started process 430 to run task
[2025-07-25T01:47:15.842+0000] {standard_task_runner.py:105} INFO - Job 106: Subtask load_artist_dim_table
[2025-07-25T01:47:16.059+0000] {task_command.py:467} INFO - Running <TaskInstance: etl_postgres.load_artist_dim_table manual__2025-07-25T01:47:05.470453+00:00 [running]> on host 0c6a6447a272
[2025-07-25T01:47:16.895+0000] {taskinstance.py:3132} INFO - Exporting env vars: AIRFLOW_CTX_DAG_OWNER='***' AIRFLOW_CTX_DAG_ID='etl_postgres' AIRFLOW_CTX_TASK_ID='load_artist_dim_table' AIRFLOW_CTX_EXECUTION_DATE='2025-07-25T01:47:05.470453+00:00' AIRFLOW_CTX_TRY_NUMBER='1' AIRFLOW_CTX_DAG_RUN_ID='manual__2025-07-25T01:47:05.470453+00:00'
[2025-07-25T01:47:16.897+0000] {taskinstance.py:731} INFO - ::endgroup::
[2025-07-25T01:47:16.948+0000] {etl_dag.py:91} INFO - Loading artist dimension table
[2025-07-25T01:47:16.953+0000] {etl_dag.py:94} INFO - Artist dimension table loaded successfully
[2025-07-25T01:47:16.956+0000] {python.py:240} INFO - Done. Returned value was: None
[2025-07-25T01:47:16.984+0000] {taskinstance.py:340} INFO - ::group::Post task execution logs
[2025-07-25T01:47:16.986+0000] {taskinstance.py:352} INFO - Marking task as SUCCESS. dag_id=etl_postgres, task_id=load_artist_dim_table, run_id=manual__2025-07-25T01:47:05.470453+00:00, execution_date=20250725T014705, start_date=20250725T014715, end_date=20250725T014716
[2025-07-25T01:47:17.043+0000] {local_task_job_runner.py:266} INFO - Task exited with return code 0
[2025-07-25T01:47:17.099+0000] {taskinstance.py:3895} INFO - 0 downstream tasks scheduled from follow-on schedule check
[2025-07-25T01:47:17.103+0000] {local_task_job_runner.py:245} INFO - ::endgroup::
