[2025-07-25T02:00:06.612+0000] {local_task_job_runner.py:123} INFO - ::group::Pre task execution logs
[2025-07-25T02:00:06.638+0000] {taskinstance.py:2613} INFO - Dependencies all met for dep_context=non-requeueable deps ti=<TaskInstance: etl_postgres.load_songplays_fact_table scheduled__2025-07-25T01:00:00+00:00 [queued]>
[2025-07-25T02:00:06.652+0000] {taskinstance.py:2613} INFO - Dependencies all met for dep_context=requeueable deps ti=<TaskInstance: etl_postgres.load_songplays_fact_table scheduled__2025-07-25T01:00:00+00:00 [queued]>
[2025-07-25T02:00:06.663+0000] {taskinstance.py:2866} INFO - Starting attempt 1 of 6
[2025-07-25T02:00:06.685+0000] {taskinstance.py:2889} INFO - Executing <Task(PythonOperator): load_songplays_fact_table> on 2025-07-25 01:00:00+00:00
[2025-07-25T02:00:06.699+0000] {standard_task_runner.py:104} INFO - Running: ['***', 'tasks', 'run', 'etl_postgres', 'load_songplays_fact_table', 'scheduled__2025-07-25T01:00:00+00:00', '--job-id', '120', '--raw', '--subdir', 'DAGS_FOLDER/etl_dag.py', '--cfg-path', '/tmp/tmpt7e47shd']
[2025-07-25T02:00:06.705+0000] {standard_task_runner.py:105} INFO - Job 120: Subtask load_songplays_fact_table
[2025-07-25T02:00:06.714+0000] {logging_mixin.py:190} WARNING - /home/***/.local/lib/python3.12/site-packages/***/task/task_runner/standard_task_runner.py:70 DeprecationWarning: This process (pid=905) is multi-threaded, use of fork() may lead to deadlocks in the child.
[2025-07-25T02:00:06.715+0000] {standard_task_runner.py:72} INFO - Started process 906 to run task
[2025-07-25T02:00:06.809+0000] {task_command.py:467} INFO - Running <TaskInstance: etl_postgres.load_songplays_fact_table scheduled__2025-07-25T01:00:00+00:00 [running]> on host 0c6a6447a272
[2025-07-25T02:00:07.179+0000] {taskinstance.py:3132} INFO - Exporting env vars: AIRFLOW_CTX_DAG_OWNER='***' AIRFLOW_CTX_DAG_ID='etl_postgres' AIRFLOW_CTX_TASK_ID='load_songplays_fact_table' AIRFLOW_CTX_EXECUTION_DATE='2025-07-25T01:00:00+00:00' AIRFLOW_CTX_TRY_NUMBER='1' AIRFLOW_CTX_DAG_RUN_ID='scheduled__2025-07-25T01:00:00+00:00'
[2025-07-25T02:00:07.181+0000] {taskinstance.py:731} INFO - ::endgroup::
[2025-07-25T02:00:07.212+0000] {etl_dag.py:49} INFO - Loading songplays fact table
[2025-07-25T02:00:07.218+0000] {etl_dag.py:52} INFO - Songplays fact table loaded successfully
[2025-07-25T02:00:07.219+0000] {python.py:240} INFO - Done. Returned value was: None
[2025-07-25T02:00:07.233+0000] {taskinstance.py:340} INFO - ::group::Post task execution logs
[2025-07-25T02:00:07.234+0000] {taskinstance.py:352} INFO - Marking task as SUCCESS. dag_id=etl_postgres, task_id=load_songplays_fact_table, run_id=scheduled__2025-07-25T01:00:00+00:00, execution_date=20250725T010000, start_date=20250725T020006, end_date=20250725T020007
[2025-07-25T02:00:07.293+0000] {local_task_job_runner.py:266} INFO - Task exited with return code 0
[2025-07-25T02:00:07.345+0000] {taskinstance.py:3895} INFO - 4 downstream tasks scheduled from follow-on schedule check
[2025-07-25T02:00:07.349+0000] {local_task_job_runner.py:245} INFO - ::endgroup::
