[2025-07-25T09:58:28.177+0000] {local_task_job_runner.py:123} INFO - ::group::Pre task execution logs
[2025-07-25T09:58:28.259+0000] {taskinstance.py:2613} INFO - Dependencies all met for dep_context=non-requeueable deps ti=<TaskInstance: etl_postgres2.load_songplays_fact_table scheduled__2025-07-25T08:00:00+00:00 [queued]>
[2025-07-25T09:58:28.296+0000] {taskinstance.py:2613} INFO - Dependencies all met for dep_context=requeueable deps ti=<TaskInstance: etl_postgres2.load_songplays_fact_table scheduled__2025-07-25T08:00:00+00:00 [queued]>
[2025-07-25T09:58:28.298+0000] {taskinstance.py:2866} INFO - Starting attempt 1 of 6
[2025-07-25T09:58:28.338+0000] {taskinstance.py:2889} INFO - Executing <Task(PythonOperator): load_songplays_fact_table> on 2025-07-25 08:00:00+00:00
[2025-07-25T09:58:28.363+0000] {logging_mixin.py:190} WARNING - /home/***/.local/lib/python3.12/site-packages/***/task/task_runner/standard_task_runner.py:70 DeprecationWarning: This process (pid=592) is multi-threaded, use of fork() may lead to deadlocks in the child.
[2025-07-25T09:58:28.361+0000] {standard_task_runner.py:104} INFO - Running: ['***', 'tasks', 'run', 'etl_postgres2', 'load_songplays_fact_table', 'scheduled__2025-07-25T08:00:00+00:00', '--job-id', '19', '--raw', '--subdir', 'DAGS_FOLDER/etl_dag.py', '--cfg-path', '/tmp/tmpcp70qfz6']
[2025-07-25T09:58:28.367+0000] {standard_task_runner.py:72} INFO - Started process 594 to run task
[2025-07-25T09:58:28.367+0000] {standard_task_runner.py:105} INFO - Job 19: Subtask load_songplays_fact_table
[2025-07-25T09:58:28.523+0000] {task_command.py:467} INFO - Running <TaskInstance: etl_postgres2.load_songplays_fact_table scheduled__2025-07-25T08:00:00+00:00 [running]> on host 72bd964f8e11
[2025-07-25T09:58:28.795+0000] {taskinstance.py:3132} INFO - Exporting env vars: AIRFLOW_CTX_DAG_OWNER='***' AIRFLOW_CTX_DAG_ID='etl_postgres2' AIRFLOW_CTX_TASK_ID='load_songplays_fact_table' AIRFLOW_CTX_EXECUTION_DATE='2025-07-25T08:00:00+00:00' AIRFLOW_CTX_TRY_NUMBER='1' AIRFLOW_CTX_DAG_RUN_ID='scheduled__2025-07-25T08:00:00+00:00'
[2025-07-25T09:58:28.801+0000] {taskinstance.py:731} INFO - ::endgroup::
[2025-07-25T09:58:29.237+0000] {etl_dag.py:253} INFO - Loading songplays fact table
[2025-07-25T09:58:29.242+0000] {etl_dag.py:290} INFO - Inserted 0 records into songplays table
[2025-07-25T09:58:29.244+0000] {etl_dag.py:293} INFO - Songplays fact table loaded successfully
[2025-07-25T09:58:29.245+0000] {python.py:240} INFO - Done. Returned value was: None
[2025-07-25T09:58:29.262+0000] {taskinstance.py:340} INFO - ::group::Post task execution logs
[2025-07-25T09:58:29.263+0000] {taskinstance.py:352} INFO - Marking task as SUCCESS. dag_id=etl_postgres2, task_id=load_songplays_fact_table, run_id=scheduled__2025-07-25T08:00:00+00:00, execution_date=20250725T080000, start_date=20250725T095828, end_date=20250725T095829
[2025-07-25T09:58:29.312+0000] {local_task_job_runner.py:266} INFO - Task exited with return code 0
[2025-07-25T09:58:29.367+0000] {taskinstance.py:3895} INFO - 4 downstream tasks scheduled from follow-on schedule check
[2025-07-25T09:58:29.371+0000] {local_task_job_runner.py:245} INFO - ::endgroup::
