[2025-07-25T02:00:04.726+0000] {local_task_job_runner.py:123} INFO - ::group::Pre task execution logs
[2025-07-25T02:00:04.761+0000] {taskinstance.py:2613} INFO - Dependencies all met for dep_context=non-requeueable deps ti=<TaskInstance: etl_postgres.stage_songs scheduled__2025-07-25T01:00:00+00:00 [queued]>
[2025-07-25T02:00:04.794+0000] {taskinstance.py:2613} INFO - Dependencies all met for dep_context=requeueable deps ti=<TaskInstance: etl_postgres.stage_songs scheduled__2025-07-25T01:00:00+00:00 [queued]>
[2025-07-25T02:00:04.807+0000] {taskinstance.py:2866} INFO - Starting attempt 1 of 6
[2025-07-25T02:00:04.852+0000] {taskinstance.py:2889} INFO - Executing <Task(PythonOperator): stage_songs> on 2025-07-25 01:00:00+00:00
[2025-07-25T02:00:04.871+0000] {standard_task_runner.py:104} INFO - Running: ['***', 'tasks', 'run', 'etl_postgres', 'stage_songs', 'scheduled__2025-07-25T01:00:00+00:00', '--job-id', '119', '--raw', '--subdir', 'DAGS_FOLDER/etl_dag.py', '--cfg-path', '/tmp/tmppa_0vkk8']
[2025-07-25T02:00:04.882+0000] {standard_task_runner.py:105} INFO - Job 119: Subtask stage_songs
[2025-07-25T02:00:04.884+0000] {logging_mixin.py:190} WARNING - /home/***/.local/lib/python3.12/site-packages/***/task/task_runner/standard_task_runner.py:70 DeprecationWarning: This process (pid=900) is multi-threaded, use of fork() may lead to deadlocks in the child.
[2025-07-25T02:00:04.886+0000] {standard_task_runner.py:72} INFO - Started process 903 to run task
[2025-07-25T02:00:05.021+0000] {task_command.py:467} INFO - Running <TaskInstance: etl_postgres.stage_songs scheduled__2025-07-25T01:00:00+00:00 [running]> on host 0c6a6447a272
[2025-07-25T02:00:05.516+0000] {taskinstance.py:3132} INFO - Exporting env vars: AIRFLOW_CTX_DAG_OWNER='***' AIRFLOW_CTX_DAG_ID='etl_postgres' AIRFLOW_CTX_TASK_ID='stage_songs' AIRFLOW_CTX_EXECUTION_DATE='2025-07-25T01:00:00+00:00' AIRFLOW_CTX_TRY_NUMBER='1' AIRFLOW_CTX_DAG_RUN_ID='scheduled__2025-07-25T01:00:00+00:00'
[2025-07-25T02:00:05.518+0000] {taskinstance.py:731} INFO - ::endgroup::
[2025-07-25T02:00:05.561+0000] {etl_dag.py:134} INFO - Staging songs data
[2025-07-25T02:00:05.562+0000] {etl_dag.py:156} INFO - Songs data staged successfully
[2025-07-25T02:00:05.563+0000] {python.py:240} INFO - Done. Returned value was: None
[2025-07-25T02:00:05.575+0000] {taskinstance.py:340} INFO - ::group::Post task execution logs
[2025-07-25T02:00:05.576+0000] {taskinstance.py:352} INFO - Marking task as SUCCESS. dag_id=etl_postgres, task_id=stage_songs, run_id=scheduled__2025-07-25T01:00:00+00:00, execution_date=20250725T010000, start_date=20250725T020004, end_date=20250725T020005
[2025-07-25T02:00:05.628+0000] {local_task_job_runner.py:266} INFO - Task exited with return code 0
[2025-07-25T02:00:05.660+0000] {taskinstance.py:3895} INFO - 1 downstream tasks scheduled from follow-on schedule check
[2025-07-25T02:00:05.668+0000] {local_task_job_runner.py:245} INFO - ::endgroup::
