[2025-07-25T10:00:10.665+0000] {local_task_job_runner.py:123} INFO - ::group::Pre task execution logs
[2025-07-25T10:00:10.745+0000] {taskinstance.py:2613} INFO - Dependencies all met for dep_context=non-requeueable deps ti=<TaskInstance: etl_postgres2.load_song_dim_table scheduled__2025-07-25T09:00:00+00:00 [queued]>
[2025-07-25T10:00:10.867+0000] {taskinstance.py:2613} INFO - Dependencies all met for dep_context=requeueable deps ti=<TaskInstance: etl_postgres2.load_song_dim_table scheduled__2025-07-25T09:00:00+00:00 [queued]>
[2025-07-25T10:00:10.868+0000] {taskinstance.py:2866} INFO - Starting attempt 1 of 6
[2025-07-25T10:00:10.943+0000] {taskinstance.py:2889} INFO - Executing <Task(PythonOperator): load_song_dim_table> on 2025-07-25 09:00:00+00:00
[2025-07-25T10:00:10.972+0000] {logging_mixin.py:190} WARNING - /home/***/.local/lib/python3.12/site-packages/***/task/task_runner/standard_task_runner.py:70 DeprecationWarning: This process (pid=782) is multi-threaded, use of fork() may lead to deadlocks in the child.
[2025-07-25T10:00:10.971+0000] {standard_task_runner.py:104} INFO - Running: ['***', 'tasks', 'run', 'etl_postgres2', 'load_song_dim_table', 'scheduled__2025-07-25T09:00:00+00:00', '--job-id', '60', '--raw', '--subdir', 'DAGS_FOLDER/etl_dag.py', '--cfg-path', '/tmp/tmpslvcdpc_']
[2025-07-25T10:00:10.976+0000] {standard_task_runner.py:105} INFO - Job 60: Subtask load_song_dim_table
[2025-07-25T10:00:10.975+0000] {standard_task_runner.py:72} INFO - Started process 785 to run task
[2025-07-25T10:00:11.263+0000] {task_command.py:467} INFO - Running <TaskInstance: etl_postgres2.load_song_dim_table scheduled__2025-07-25T09:00:00+00:00 [running]> on host 72bd964f8e11
[2025-07-25T10:00:11.626+0000] {taskinstance.py:3132} INFO - Exporting env vars: AIRFLOW_CTX_DAG_OWNER='***' AIRFLOW_CTX_DAG_ID='etl_postgres2' AIRFLOW_CTX_TASK_ID='load_song_dim_table' AIRFLOW_CTX_EXECUTION_DATE='2025-07-25T09:00:00+00:00' AIRFLOW_CTX_TRY_NUMBER='1' AIRFLOW_CTX_DAG_RUN_ID='scheduled__2025-07-25T09:00:00+00:00'
[2025-07-25T10:00:11.635+0000] {taskinstance.py:731} INFO - ::endgroup::
[2025-07-25T10:00:12.208+0000] {etl_dag.py:354} INFO - Loading song dimension table
[2025-07-25T10:00:12.214+0000] {etl_dag.py:373} INFO - Inserted 0 records into songs table
[2025-07-25T10:00:12.215+0000] {etl_dag.py:376} INFO - Song dimension table loaded successfully
[2025-07-25T10:00:12.217+0000] {python.py:240} INFO - Done. Returned value was: None
[2025-07-25T10:00:12.241+0000] {taskinstance.py:340} INFO - ::group::Post task execution logs
[2025-07-25T10:00:12.242+0000] {taskinstance.py:352} INFO - Marking task as SUCCESS. dag_id=etl_postgres2, task_id=load_song_dim_table, run_id=scheduled__2025-07-25T09:00:00+00:00, execution_date=20250725T090000, start_date=20250725T100010, end_date=20250725T100012
[2025-07-25T10:00:12.328+0000] {local_task_job_runner.py:266} INFO - Task exited with return code 0
[2025-07-25T10:00:12.381+0000] {taskinstance.py:3895} INFO - 0 downstream tasks scheduled from follow-on schedule check
[2025-07-25T10:00:12.385+0000] {local_task_job_runner.py:245} INFO - ::endgroup::
