[2025-07-26T09:10:44.495+0000] {local_task_job_runner.py:123} INFO - ::group::Pre task execution logs
[2025-07-26T09:10:44.593+0000] {taskinstance.py:2613} INFO - Dependencies all met for dep_context=non-requeueable deps ti=<TaskInstance: etl_postgres2.stage_events scheduled__2025-07-26T08:00:00+00:00 [queued]>
[2025-07-26T09:10:44.617+0000] {taskinstance.py:2613} INFO - Dependencies all met for dep_context=requeueable deps ti=<TaskInstance: etl_postgres2.stage_events scheduled__2025-07-26T08:00:00+00:00 [queued]>
[2025-07-26T09:10:44.619+0000] {taskinstance.py:2866} INFO - Starting attempt 1 of 6
[2025-07-26T09:10:44.671+0000] {taskinstance.py:2889} INFO - Executing <Task(PythonOperator): stage_events> on 2025-07-26 08:00:00+00:00
[2025-07-26T09:10:44.697+0000] {standard_task_runner.py:104} INFO - Running: ['***', 'tasks', 'run', 'etl_postgres2', 'stage_events', 'scheduled__2025-07-26T08:00:00+00:00', '--job-id', '136', '--raw', '--subdir', 'DAGS_FOLDER/etl_dag.py', '--cfg-path', '/tmp/tmphpi3zp78']
[2025-07-26T09:10:44.702+0000] {logging_mixin.py:190} WARNING - /home/***/.local/lib/python3.12/site-packages/***/task/task_runner/standard_task_runner.py:70 DeprecationWarning: This process (pid=241) is multi-threaded, use of fork() may lead to deadlocks in the child.
[2025-07-26T09:10:44.706+0000] {standard_task_runner.py:105} INFO - Job 136: Subtask stage_events
[2025-07-26T09:10:44.707+0000] {standard_task_runner.py:72} INFO - Started process 252 to run task
[2025-07-26T09:10:44.913+0000] {task_command.py:467} INFO - Running <TaskInstance: etl_postgres2.stage_events scheduled__2025-07-26T08:00:00+00:00 [running]> on host 72bd964f8e11
[2025-07-26T09:10:45.479+0000] {taskinstance.py:3132} INFO - Exporting env vars: AIRFLOW_CTX_DAG_OWNER='***' AIRFLOW_CTX_DAG_ID='etl_postgres2' AIRFLOW_CTX_TASK_ID='stage_events' AIRFLOW_CTX_EXECUTION_DATE='2025-07-26T08:00:00+00:00' AIRFLOW_CTX_TRY_NUMBER='1' AIRFLOW_CTX_DAG_RUN_ID='scheduled__2025-07-26T08:00:00+00:00'
[2025-07-26T09:10:45.486+0000] {taskinstance.py:731} INFO - ::endgroup::
[2025-07-26T09:10:45.560+0000] {etl_dag.py:149} INFO - Staging events data
[2025-07-26T09:10:45.569+0000] {etl_dag.py:234} INFO - Staging events completed: 0 records loaded
[2025-07-26T09:10:45.571+0000] {python.py:240} INFO - Done. Returned value was: None
[2025-07-26T09:10:45.597+0000] {taskinstance.py:340} INFO - ::group::Post task execution logs
[2025-07-26T09:10:45.604+0000] {taskinstance.py:352} INFO - Marking task as SUCCESS. dag_id=etl_postgres2, task_id=stage_events, run_id=scheduled__2025-07-26T08:00:00+00:00, execution_date=20250726T080000, start_date=20250726T091044, end_date=20250726T091045
[2025-07-26T09:10:45.739+0000] {local_task_job_runner.py:266} INFO - Task exited with return code 0
[2025-07-26T09:10:45.815+0000] {taskinstance.py:3895} INFO - 1 downstream tasks scheduled from follow-on schedule check
[2025-07-26T09:10:45.821+0000] {local_task_job_runner.py:245} INFO - ::endgroup::
