[2025-07-25T09:58:30.683+0000] {local_task_job_runner.py:123} INFO - ::group::Pre task execution logs
[2025-07-25T09:58:30.737+0000] {taskinstance.py:2613} INFO - Dependencies all met for dep_context=non-requeueable deps ti=<TaskInstance: etl_postgres2.load_song_dim_table manual__2025-07-25T09:53:21.463693+00:00 [queued]>
[2025-07-25T09:58:30.768+0000] {taskinstance.py:2613} INFO - Dependencies all met for dep_context=requeueable deps ti=<TaskInstance: etl_postgres2.load_song_dim_table manual__2025-07-25T09:53:21.463693+00:00 [queued]>
[2025-07-25T09:58:30.770+0000] {taskinstance.py:2866} INFO - Starting attempt 1 of 6
[2025-07-25T09:58:30.825+0000] {taskinstance.py:2889} INFO - Executing <Task(PythonOperator): load_song_dim_table> on 2025-07-25 09:53:21.463693+00:00
[2025-07-25T09:58:30.853+0000] {standard_task_runner.py:104} INFO - Running: ['***', 'tasks', 'run', 'etl_postgres2', 'load_song_dim_table', 'manual__2025-07-25T09:53:21.463693+00:00', '--job-id', '25', '--raw', '--subdir', 'DAGS_FOLDER/etl_dag.py', '--cfg-path', '/tmp/tmpnni73oj1']
[2025-07-25T09:58:30.862+0000] {logging_mixin.py:190} WARNING - /home/***/.local/lib/python3.12/site-packages/***/task/task_runner/standard_task_runner.py:70 DeprecationWarning: This process (pid=599) is multi-threaded, use of fork() may lead to deadlocks in the child.
[2025-07-25T09:58:30.863+0000] {standard_task_runner.py:105} INFO - Job 25: Subtask load_song_dim_table
[2025-07-25T09:58:30.864+0000] {standard_task_runner.py:72} INFO - Started process 614 to run task
[2025-07-25T09:58:31.067+0000] {task_command.py:467} INFO - Running <TaskInstance: etl_postgres2.load_song_dim_table manual__2025-07-25T09:53:21.463693+00:00 [running]> on host 72bd964f8e11
[2025-07-25T09:58:31.288+0000] {taskinstance.py:3132} INFO - Exporting env vars: AIRFLOW_CTX_DAG_OWNER='***' AIRFLOW_CTX_DAG_ID='etl_postgres2' AIRFLOW_CTX_TASK_ID='load_song_dim_table' AIRFLOW_CTX_EXECUTION_DATE='2025-07-25T09:53:21.463693+00:00' AIRFLOW_CTX_TRY_NUMBER='1' AIRFLOW_CTX_DAG_RUN_ID='manual__2025-07-25T09:53:21.463693+00:00'
[2025-07-25T09:58:31.290+0000] {taskinstance.py:731} INFO - ::endgroup::
[2025-07-25T09:58:32.123+0000] {etl_dag.py:354} INFO - Loading song dimension table
[2025-07-25T09:58:32.131+0000] {etl_dag.py:373} INFO - Inserted 0 records into songs table
[2025-07-25T09:58:32.133+0000] {etl_dag.py:376} INFO - Song dimension table loaded successfully
[2025-07-25T09:58:32.135+0000] {python.py:240} INFO - Done. Returned value was: None
[2025-07-25T09:58:32.168+0000] {taskinstance.py:340} INFO - ::group::Post task execution logs
[2025-07-25T09:58:32.177+0000] {taskinstance.py:352} INFO - Marking task as SUCCESS. dag_id=etl_postgres2, task_id=load_song_dim_table, run_id=manual__2025-07-25T09:53:21.463693+00:00, execution_date=20250725T095321, start_date=20250725T095830, end_date=20250725T095832
[2025-07-25T09:58:32.286+0000] {local_task_job_runner.py:266} INFO - Task exited with return code 0
[2025-07-25T09:58:32.336+0000] {local_task_job_runner.py:245} INFO - ::endgroup::
