[2025-07-22T09:12:39.726+0000] {local_task_job_runner.py:123} INFO - ::group::Pre task execution logs
[2025-07-22T09:12:39.753+0000] {taskinstance.py:2613} INFO - Dependencies all met for dep_context=non-requeueable deps ti=<TaskInstance: etl_postgres.stage_songs manual__2025-07-22T09:12:36.674628+00:00 [queued]>
[2025-07-22T09:12:39.765+0000] {taskinstance.py:2613} INFO - Dependencies all met for dep_context=requeueable deps ti=<TaskInstance: etl_postgres.stage_songs manual__2025-07-22T09:12:36.674628+00:00 [queued]>
[2025-07-22T09:12:39.766+0000] {taskinstance.py:2866} INFO - Starting attempt 1 of 6
[2025-07-22T09:12:39.783+0000] {taskinstance.py:2889} INFO - Executing <Task(PythonOperator): stage_songs> on 2025-07-22 09:12:36.674628+00:00
[2025-07-22T09:12:39.793+0000] {logging_mixin.py:190} WARNING - /home/***/.local/lib/python3.12/site-packages/***/task/task_runner/standard_task_runner.py:70 DeprecationWarning: This process (pid=242) is multi-threaded, use of fork() may lead to deadlocks in the child.
[2025-07-22T09:12:39.794+0000] {standard_task_runner.py:72} INFO - Started process 246 to run task
[2025-07-22T09:12:39.792+0000] {standard_task_runner.py:104} INFO - Running: ['***', 'tasks', 'run', 'etl_postgres', 'stage_songs', 'manual__2025-07-22T09:12:36.674628+00:00', '--job-id', '5', '--raw', '--subdir', 'DAGS_FOLDER/etl_dag.py', '--cfg-path', '/tmp/tmpa5qow8rn']
[2025-07-22T09:12:39.795+0000] {standard_task_runner.py:105} INFO - Job 5: Subtask stage_songs
[2025-07-22T09:12:39.859+0000] {task_command.py:467} INFO - Running <TaskInstance: etl_postgres.stage_songs manual__2025-07-22T09:12:36.674628+00:00 [running]> on host 8bfe7d387f3f
[2025-07-22T09:12:39.933+0000] {taskinstance.py:3132} INFO - Exporting env vars: AIRFLOW_CTX_DAG_OWNER='***' AIRFLOW_CTX_DAG_ID='etl_postgres' AIRFLOW_CTX_TASK_ID='stage_songs' AIRFLOW_CTX_EXECUTION_DATE='2025-07-22T09:12:36.674628+00:00' AIRFLOW_CTX_TRY_NUMBER='1' AIRFLOW_CTX_DAG_RUN_ID='manual__2025-07-22T09:12:36.674628+00:00'
[2025-07-22T09:12:39.934+0000] {taskinstance.py:731} INFO - ::endgroup::
[2025-07-22T09:12:39.968+0000] {etl_dag.py:134} INFO - Staging songs data
[2025-07-22T09:12:39.969+0000] {etl_dag.py:153} INFO - Songs data staged successfully
[2025-07-22T09:12:39.970+0000] {python.py:240} INFO - Done. Returned value was: None
[2025-07-22T09:12:39.983+0000] {taskinstance.py:340} INFO - ::group::Post task execution logs
[2025-07-22T09:12:39.985+0000] {taskinstance.py:352} INFO - Marking task as SUCCESS. dag_id=etl_postgres, task_id=stage_songs, run_id=manual__2025-07-22T09:12:36.674628+00:00, execution_date=20250722T091236, start_date=20250722T091239, end_date=20250722T091239
[2025-07-22T09:12:40.011+0000] {local_task_job_runner.py:266} INFO - Task exited with return code 0
[2025-07-22T09:12:40.050+0000] {taskinstance.py:3895} INFO - 1 downstream tasks scheduled from follow-on schedule check
[2025-07-22T09:12:40.053+0000] {local_task_job_runner.py:245} INFO - ::endgroup::
