[2025-07-25T09:58:30.676+0000] {local_task_job_runner.py:123} INFO - ::group::Pre task execution logs
[2025-07-25T09:58:30.720+0000] {taskinstance.py:2613} INFO - Dependencies all met for dep_context=non-requeueable deps ti=<TaskInstance: etl_postgres2.load_song_dim_table scheduled__2025-07-25T08:00:00+00:00 [queued]>
[2025-07-25T09:58:30.746+0000] {taskinstance.py:2613} INFO - Dependencies all met for dep_context=requeueable deps ti=<TaskInstance: etl_postgres2.load_song_dim_table scheduled__2025-07-25T08:00:00+00:00 [queued]>
[2025-07-25T09:58:30.748+0000] {taskinstance.py:2866} INFO - Starting attempt 1 of 6
[2025-07-25T09:58:30.785+0000] {taskinstance.py:2889} INFO - Executing <Task(PythonOperator): load_song_dim_table> on 2025-07-25 08:00:00+00:00
[2025-07-25T09:58:30.804+0000] {logging_mixin.py:190} WARNING - /home/***/.local/lib/python3.12/site-packages/***/task/task_runner/standard_task_runner.py:70 DeprecationWarning: This process (pid=602) is multi-threaded, use of fork() may lead to deadlocks in the child.
[2025-07-25T09:58:30.809+0000] {standard_task_runner.py:72} INFO - Started process 606 to run task
[2025-07-25T09:58:30.811+0000] {standard_task_runner.py:104} INFO - Running: ['***', 'tasks', 'run', 'etl_postgres2', 'load_song_dim_table', 'scheduled__2025-07-25T08:00:00+00:00', '--job-id', '22', '--raw', '--subdir', 'DAGS_FOLDER/etl_dag.py', '--cfg-path', '/tmp/tmp83y8a_bk']
[2025-07-25T09:58:30.816+0000] {standard_task_runner.py:105} INFO - Job 22: Subtask load_song_dim_table
[2025-07-25T09:58:31.035+0000] {task_command.py:467} INFO - Running <TaskInstance: etl_postgres2.load_song_dim_table scheduled__2025-07-25T08:00:00+00:00 [running]> on host 72bd964f8e11
[2025-07-25T09:58:31.273+0000] {taskinstance.py:3132} INFO - Exporting env vars: AIRFLOW_CTX_DAG_OWNER='***' AIRFLOW_CTX_DAG_ID='etl_postgres2' AIRFLOW_CTX_TASK_ID='load_song_dim_table' AIRFLOW_CTX_EXECUTION_DATE='2025-07-25T08:00:00+00:00' AIRFLOW_CTX_TRY_NUMBER='1' AIRFLOW_CTX_DAG_RUN_ID='scheduled__2025-07-25T08:00:00+00:00'
[2025-07-25T09:58:31.279+0000] {taskinstance.py:731} INFO - ::endgroup::
[2025-07-25T09:58:32.156+0000] {etl_dag.py:354} INFO - Loading song dimension table
[2025-07-25T09:58:32.163+0000] {etl_dag.py:373} INFO - Inserted 0 records into songs table
[2025-07-25T09:58:32.166+0000] {etl_dag.py:376} INFO - Song dimension table loaded successfully
[2025-07-25T09:58:32.171+0000] {python.py:240} INFO - Done. Returned value was: None
[2025-07-25T09:58:32.204+0000] {taskinstance.py:340} INFO - ::group::Post task execution logs
[2025-07-25T09:58:32.206+0000] {taskinstance.py:352} INFO - Marking task as SUCCESS. dag_id=etl_postgres2, task_id=load_song_dim_table, run_id=scheduled__2025-07-25T08:00:00+00:00, execution_date=20250725T080000, start_date=20250725T095830, end_date=20250725T095832
[2025-07-25T09:58:32.321+0000] {local_task_job_runner.py:266} INFO - Task exited with return code 0
[2025-07-25T09:58:32.347+0000] {local_task_job_runner.py:245} INFO - ::endgroup::
