[2025-07-22T10:08:06.849+0000] {local_task_job_runner.py:123} INFO - ::group::Pre task execution logs
[2025-07-22T10:08:06.881+0000] {taskinstance.py:2613} INFO - Dependencies all met for dep_context=non-requeueable deps ti=<TaskInstance: etl_postgres.stage_songs manual__2025-07-22T10:08:02.664164+00:00 [queued]>
[2025-07-22T10:08:06.920+0000] {taskinstance.py:2613} INFO - Dependencies all met for dep_context=requeueable deps ti=<TaskInstance: etl_postgres.stage_songs manual__2025-07-22T10:08:02.664164+00:00 [queued]>
[2025-07-22T10:08:06.927+0000] {taskinstance.py:2866} INFO - Starting attempt 1 of 6
[2025-07-22T10:08:06.989+0000] {taskinstance.py:2889} INFO - Executing <Task(PythonOperator): stage_songs> on 2025-07-22 10:08:02.664164+00:00
[2025-07-22T10:08:07.015+0000] {logging_mixin.py:190} WARNING - /home/***/.local/lib/python3.12/site-packages/***/task/task_runner/standard_task_runner.py:70 DeprecationWarning: This process (pid=1101) is multi-threaded, use of fork() may lead to deadlocks in the child.
[2025-07-22T10:08:07.019+0000] {standard_task_runner.py:72} INFO - Started process 1103 to run task
[2025-07-22T10:08:07.011+0000] {standard_task_runner.py:104} INFO - Running: ['***', 'tasks', 'run', 'etl_postgres', 'stage_songs', 'manual__2025-07-22T10:08:02.664164+00:00', '--job-id', '39', '--raw', '--subdir', 'DAGS_FOLDER/etl_dag.py', '--cfg-path', '/tmp/tmpqayyifk9']
[2025-07-22T10:08:07.021+0000] {standard_task_runner.py:105} INFO - Job 39: Subtask stage_songs
[2025-07-22T10:08:07.148+0000] {task_command.py:467} INFO - Running <TaskInstance: etl_postgres.stage_songs manual__2025-07-22T10:08:02.664164+00:00 [running]> on host 0c6a6447a272
[2025-07-22T10:08:07.288+0000] {taskinstance.py:3132} INFO - Exporting env vars: AIRFLOW_CTX_DAG_OWNER='***' AIRFLOW_CTX_DAG_ID='etl_postgres' AIRFLOW_CTX_TASK_ID='stage_songs' AIRFLOW_CTX_EXECUTION_DATE='2025-07-22T10:08:02.664164+00:00' AIRFLOW_CTX_TRY_NUMBER='1' AIRFLOW_CTX_DAG_RUN_ID='manual__2025-07-22T10:08:02.664164+00:00'
[2025-07-22T10:08:07.291+0000] {taskinstance.py:731} INFO - ::endgroup::
[2025-07-22T10:08:07.681+0000] {etl_dag.py:134} INFO - Staging songs data
[2025-07-22T10:08:07.682+0000] {etl_dag.py:153} INFO - Songs data staged successfully
[2025-07-22T10:08:07.683+0000] {python.py:240} INFO - Done. Returned value was: None
[2025-07-22T10:08:07.703+0000] {taskinstance.py:340} INFO - ::group::Post task execution logs
[2025-07-22T10:08:07.704+0000] {taskinstance.py:352} INFO - Marking task as SUCCESS. dag_id=etl_postgres, task_id=stage_songs, run_id=manual__2025-07-22T10:08:02.664164+00:00, execution_date=20250722T100802, start_date=20250722T100806, end_date=20250722T100807
[2025-07-22T10:08:07.767+0000] {local_task_job_runner.py:266} INFO - Task exited with return code 0
[2025-07-22T10:08:07.815+0000] {taskinstance.py:3895} INFO - 1 downstream tasks scheduled from follow-on schedule check
[2025-07-22T10:08:07.820+0000] {local_task_job_runner.py:245} INFO - ::endgroup::
