[2025-07-25T01:42:11.695+0000] {local_task_job_runner.py:123} INFO - ::group::Pre task execution logs
[2025-07-25T01:42:11.829+0000] {taskinstance.py:2613} INFO - Dependencies all met for dep_context=non-requeueable deps ti=<TaskInstance: etl_postgres.load_user_dim_table scheduled__2025-07-25T00:00:00+00:00 [queued]>
[2025-07-25T01:42:11.964+0000] {taskinstance.py:2613} INFO - Dependencies all met for dep_context=requeueable deps ti=<TaskInstance: etl_postgres.load_user_dim_table scheduled__2025-07-25T00:00:00+00:00 [queued]>
[2025-07-25T01:42:12.084+0000] {taskinstance.py:2866} INFO - Starting attempt 1 of 6
[2025-07-25T01:42:12.197+0000] {taskinstance.py:2889} INFO - Executing <Task(PythonOperator): load_user_dim_table> on 2025-07-25 00:00:00+00:00
[2025-07-25T01:42:12.396+0000] {logging_mixin.py:190} WARNING - /home/***/.local/lib/python3.12/site-packages/***/task/task_runner/standard_task_runner.py:70 DeprecationWarning: This process (pid=230) is multi-threaded, use of fork() may lead to deadlocks in the child.
[2025-07-25T01:42:12.385+0000] {standard_task_runner.py:104} INFO - Running: ['***', 'tasks', 'run', 'etl_postgres', 'load_user_dim_table', 'scheduled__2025-07-25T00:00:00+00:00', '--job-id', '94', '--raw', '--subdir', 'DAGS_FOLDER/etl_dag.py', '--cfg-path', '/tmp/tmpwhw89yf5']
[2025-07-25T01:42:12.812+0000] {standard_task_runner.py:72} INFO - Started process 233 to run task
[2025-07-25T01:42:13.117+0000] {standard_task_runner.py:105} INFO - Job 94: Subtask load_user_dim_table
[2025-07-25T01:42:15.409+0000] {task_command.py:467} INFO - Running <TaskInstance: etl_postgres.load_user_dim_table scheduled__2025-07-25T00:00:00+00:00 [running]> on host 0c6a6447a272
[2025-07-25T01:42:16.519+0000] {taskinstance.py:3132} INFO - Exporting env vars: AIRFLOW_CTX_DAG_OWNER='***' AIRFLOW_CTX_DAG_ID='etl_postgres' AIRFLOW_CTX_TASK_ID='load_user_dim_table' AIRFLOW_CTX_EXECUTION_DATE='2025-07-25T00:00:00+00:00' AIRFLOW_CTX_TRY_NUMBER='1' AIRFLOW_CTX_DAG_RUN_ID='scheduled__2025-07-25T00:00:00+00:00'
[2025-07-25T01:42:16.618+0000] {taskinstance.py:731} INFO - ::endgroup::
[2025-07-25T01:42:16.745+0000] {etl_dag.py:63} INFO - Loading user dimension table
[2025-07-25T01:42:16.757+0000] {etl_dag.py:66} INFO - User dimension table loaded successfully
[2025-07-25T01:42:16.761+0000] {python.py:240} INFO - Done. Returned value was: None
[2025-07-25T01:42:16.797+0000] {taskinstance.py:340} INFO - ::group::Post task execution logs
[2025-07-25T01:42:16.800+0000] {taskinstance.py:352} INFO - Marking task as SUCCESS. dag_id=etl_postgres, task_id=load_user_dim_table, run_id=scheduled__2025-07-25T00:00:00+00:00, execution_date=20250725T000000, start_date=20250725T014211, end_date=20250725T014216
[2025-07-25T01:42:17.554+0000] {local_task_job_runner.py:266} INFO - Task exited with return code 0
[2025-07-25T01:42:17.835+0000] {taskinstance.py:3895} INFO - 1 downstream tasks scheduled from follow-on schedule check
[2025-07-25T01:42:17.859+0000] {local_task_job_runner.py:245} INFO - ::endgroup::
