[2025-07-26T09:10:44.462+0000] {local_task_job_runner.py:123} INFO - ::group::Pre task execution logs
[2025-07-26T09:10:44.529+0000] {taskinstance.py:2613} INFO - Dependencies all met for dep_context=non-requeueable deps ti=<TaskInstance: etl_postgres2.stage_songs scheduled__2025-07-25T10:00:00+00:00 [queued]>
[2025-07-26T09:10:44.582+0000] {taskinstance.py:2613} INFO - Dependencies all met for dep_context=requeueable deps ti=<TaskInstance: etl_postgres2.stage_songs scheduled__2025-07-25T10:00:00+00:00 [queued]>
[2025-07-26T09:10:44.583+0000] {taskinstance.py:2866} INFO - Starting attempt 1 of 6
[2025-07-26T09:10:44.627+0000] {taskinstance.py:2889} INFO - Executing <Task(PythonOperator): stage_songs> on 2025-07-25 10:00:00+00:00
[2025-07-26T09:10:44.647+0000] {logging_mixin.py:190} WARNING - /home/***/.local/lib/python3.12/site-packages/***/task/task_runner/standard_task_runner.py:70 DeprecationWarning: This process (pid=243) is multi-threaded, use of fork() may lead to deadlocks in the child.
[2025-07-26T09:10:44.650+0000] {standard_task_runner.py:72} INFO - Started process 245 to run task
[2025-07-26T09:10:44.645+0000] {standard_task_runner.py:104} INFO - Running: ['***', 'tasks', 'run', 'etl_postgres2', 'stage_songs', 'scheduled__2025-07-25T10:00:00+00:00', '--job-id', '134', '--raw', '--subdir', 'DAGS_FOLDER/etl_dag.py', '--cfg-path', '/tmp/tmpqqfccgrz']
[2025-07-26T09:10:44.652+0000] {standard_task_runner.py:105} INFO - Job 134: Subtask stage_songs
[2025-07-26T09:10:44.895+0000] {task_command.py:467} INFO - Running <TaskInstance: etl_postgres2.stage_songs scheduled__2025-07-25T10:00:00+00:00 [running]> on host 72bd964f8e11
[2025-07-26T09:10:45.472+0000] {taskinstance.py:3132} INFO - Exporting env vars: AIRFLOW_CTX_DAG_OWNER='***' AIRFLOW_CTX_DAG_ID='etl_postgres2' AIRFLOW_CTX_TASK_ID='stage_songs' AIRFLOW_CTX_EXECUTION_DATE='2025-07-25T10:00:00+00:00' AIRFLOW_CTX_TRY_NUMBER='1' AIRFLOW_CTX_DAG_RUN_ID='scheduled__2025-07-25T10:00:00+00:00'
[2025-07-26T09:10:45.474+0000] {taskinstance.py:731} INFO - ::endgroup::
[2025-07-26T09:10:45.537+0000] {etl_dag.py:58} INFO - Staging songs data
[2025-07-26T09:10:45.543+0000] {etl_dag.py:130} INFO - Staging songs completed: 0 records loaded
[2025-07-26T09:10:45.553+0000] {python.py:240} INFO - Done. Returned value was: None
[2025-07-26T09:10:45.578+0000] {taskinstance.py:340} INFO - ::group::Post task execution logs
[2025-07-26T09:10:45.580+0000] {taskinstance.py:352} INFO - Marking task as SUCCESS. dag_id=etl_postgres2, task_id=stage_songs, run_id=scheduled__2025-07-25T10:00:00+00:00, execution_date=20250725T100000, start_date=20250726T091044, end_date=20250726T091045
[2025-07-26T09:10:45.743+0000] {local_task_job_runner.py:266} INFO - Task exited with return code 0
[2025-07-26T09:10:45.813+0000] {taskinstance.py:3895} INFO - 1 downstream tasks scheduled from follow-on schedule check
[2025-07-26T09:10:45.825+0000] {local_task_job_runner.py:245} INFO - ::endgroup::
