[2025-07-25T01:42:12.352+0000] {local_task_job_runner.py:123} INFO - ::group::Pre task execution logs
[2025-07-25T01:42:12.423+0000] {taskinstance.py:2613} INFO - Dependencies all met for dep_context=non-requeueable deps ti=<TaskInstance: etl_postgres.load_time_dim_table scheduled__2025-07-25T00:00:00+00:00 [queued]>
[2025-07-25T01:42:12.557+0000] {taskinstance.py:2613} INFO - Dependencies all met for dep_context=requeueable deps ti=<TaskInstance: etl_postgres.load_time_dim_table scheduled__2025-07-25T00:00:00+00:00 [queued]>
[2025-07-25T01:42:12.589+0000] {taskinstance.py:2866} INFO - Starting attempt 1 of 6
[2025-07-25T01:42:12.697+0000] {taskinstance.py:2889} INFO - Executing <Task(PythonOperator): load_time_dim_table> on 2025-07-25 00:00:00+00:00
[2025-07-25T01:42:12.738+0000] {logging_mixin.py:190} WARNING - /home/***/.local/lib/python3.12/site-packages/***/task/task_runner/standard_task_runner.py:70 DeprecationWarning: This process (pid=227) is multi-threaded, use of fork() may lead to deadlocks in the child.
[2025-07-25T01:42:12.728+0000] {standard_task_runner.py:104} INFO - Running: ['***', 'tasks', 'run', 'etl_postgres', 'load_time_dim_table', 'scheduled__2025-07-25T00:00:00+00:00', '--job-id', '96', '--raw', '--subdir', 'DAGS_FOLDER/etl_dag.py', '--cfg-path', '/tmp/tmpaeuvh6ww']
[2025-07-25T01:42:12.743+0000] {standard_task_runner.py:72} INFO - Started process 236 to run task
[2025-07-25T01:42:12.750+0000] {standard_task_runner.py:105} INFO - Job 96: Subtask load_time_dim_table
[2025-07-25T01:42:13.563+0000] {task_command.py:467} INFO - Running <TaskInstance: etl_postgres.load_time_dim_table scheduled__2025-07-25T00:00:00+00:00 [running]> on host 0c6a6447a272
[2025-07-25T01:42:14.554+0000] {taskinstance.py:3132} INFO - Exporting env vars: AIRFLOW_CTX_DAG_OWNER='***' AIRFLOW_CTX_DAG_ID='etl_postgres' AIRFLOW_CTX_TASK_ID='load_time_dim_table' AIRFLOW_CTX_EXECUTION_DATE='2025-07-25T00:00:00+00:00' AIRFLOW_CTX_TRY_NUMBER='1' AIRFLOW_CTX_DAG_RUN_ID='scheduled__2025-07-25T00:00:00+00:00'
[2025-07-25T01:42:14.599+0000] {taskinstance.py:731} INFO - ::endgroup::
[2025-07-25T01:42:14.886+0000] {etl_dag.py:105} INFO - Loading time dimension table
[2025-07-25T01:42:14.898+0000] {etl_dag.py:108} INFO - Time dimension table loaded successfully
[2025-07-25T01:42:14.901+0000] {python.py:240} INFO - Done. Returned value was: None
[2025-07-25T01:42:14.945+0000] {taskinstance.py:340} INFO - ::group::Post task execution logs
[2025-07-25T01:42:14.947+0000] {taskinstance.py:352} INFO - Marking task as SUCCESS. dag_id=etl_postgres, task_id=load_time_dim_table, run_id=scheduled__2025-07-25T00:00:00+00:00, execution_date=20250725T000000, start_date=20250725T014212, end_date=20250725T014214
[2025-07-25T01:42:15.052+0000] {local_task_job_runner.py:266} INFO - Task exited with return code 0
[2025-07-25T01:42:15.336+0000] {taskinstance.py:3895} INFO - 0 downstream tasks scheduled from follow-on schedule check
[2025-07-25T01:42:15.342+0000] {local_task_job_runner.py:245} INFO - ::endgroup::
