[2025-07-25T02:12:38.072+0000] {local_task_job_runner.py:123} INFO - ::group::Pre task execution logs
[2025-07-25T02:12:38.123+0000] {taskinstance.py:2613} INFO - Dependencies all met for dep_context=non-requeueable deps ti=<TaskInstance: etl_postgres.stage_events manual__2025-07-25T02:12:33.272121+00:00 [queued]>
[2025-07-25T02:12:38.160+0000] {taskinstance.py:2613} INFO - Dependencies all met for dep_context=requeueable deps ti=<TaskInstance: etl_postgres.stage_events manual__2025-07-25T02:12:33.272121+00:00 [queued]>
[2025-07-25T02:12:38.162+0000] {taskinstance.py:2866} INFO - Starting attempt 1 of 6
[2025-07-25T02:12:38.216+0000] {taskinstance.py:2889} INFO - Executing <Task(PythonOperator): stage_events> on 2025-07-25 02:12:33.272121+00:00
[2025-07-25T02:12:38.244+0000] {logging_mixin.py:190} WARNING - /home/***/.local/lib/python3.12/site-packages/***/task/task_runner/standard_task_runner.py:70 DeprecationWarning: This process (pid=1407) is multi-threaded, use of fork() may lead to deadlocks in the child.
[2025-07-25T02:12:38.249+0000] {standard_task_runner.py:72} INFO - Started process 1408 to run task
[2025-07-25T02:12:38.243+0000] {standard_task_runner.py:104} INFO - Running: ['***', 'tasks', 'run', 'etl_postgres', 'stage_events', 'manual__2025-07-25T02:12:33.272121+00:00', '--job-id', '136', '--raw', '--subdir', 'DAGS_FOLDER/etl_dag.py', '--cfg-path', '/tmp/tmpqz3h4mr4']
[2025-07-25T02:12:38.255+0000] {standard_task_runner.py:105} INFO - Job 136: Subtask stage_events
[2025-07-25T02:12:38.414+0000] {task_command.py:467} INFO - Running <TaskInstance: etl_postgres.stage_events manual__2025-07-25T02:12:33.272121+00:00 [running]> on host 0c6a6447a272
[2025-07-25T02:12:39.167+0000] {taskinstance.py:3132} INFO - Exporting env vars: AIRFLOW_CTX_DAG_OWNER='***' AIRFLOW_CTX_DAG_ID='etl_postgres' AIRFLOW_CTX_TASK_ID='stage_events' AIRFLOW_CTX_EXECUTION_DATE='2025-07-25T02:12:33.272121+00:00' AIRFLOW_CTX_TRY_NUMBER='1' AIRFLOW_CTX_DAG_RUN_ID='manual__2025-07-25T02:12:33.272121+00:00'
[2025-07-25T02:12:39.169+0000] {taskinstance.py:731} INFO - ::endgroup::
[2025-07-25T02:12:39.251+0000] {etl_dag.py:298} INFO - Staging events data
[2025-07-25T02:12:39.259+0000] {etl_dag.py:389} INFO - Events data staged successfully. Processed 0 files, 0 records, skipped 0 records
[2025-07-25T02:12:39.261+0000] {python.py:240} INFO - Done. Returned value was: None
[2025-07-25T02:12:39.306+0000] {taskinstance.py:340} INFO - ::group::Post task execution logs
[2025-07-25T02:12:39.308+0000] {taskinstance.py:352} INFO - Marking task as SUCCESS. dag_id=etl_postgres, task_id=stage_events, run_id=manual__2025-07-25T02:12:33.272121+00:00, execution_date=20250725T021233, start_date=20250725T021238, end_date=20250725T021239
[2025-07-25T02:12:39.450+0000] {local_task_job_runner.py:266} INFO - Task exited with return code 0
[2025-07-25T02:12:39.544+0000] {taskinstance.py:3895} INFO - 0 downstream tasks scheduled from follow-on schedule check
[2025-07-25T02:12:39.553+0000] {local_task_job_runner.py:245} INFO - ::endgroup::
