[2025-07-22T04:25:46.794+0000] {local_task_job_runner.py:123} INFO - ::group::Pre task execution logs
[2025-07-22T04:25:46.832+0000] {taskinstance.py:2613} INFO - Dependencies all met for dep_context=non-requeueable deps ti=<TaskInstance: my_dag.echo_input_number manual__2025-07-22T04:25:44.696391+00:00 [queued]>
[2025-07-22T04:25:46.849+0000] {taskinstance.py:2613} INFO - Dependencies all met for dep_context=requeueable deps ti=<TaskInstance: my_dag.echo_input_number manual__2025-07-22T04:25:44.696391+00:00 [queued]>
[2025-07-22T04:25:46.851+0000] {taskinstance.py:2866} INFO - Starting attempt 1 of 2
[2025-07-22T04:25:46.875+0000] {taskinstance.py:2889} INFO - Executing <Task(BashOperator): echo_input_number> on 2025-07-22 04:25:44.696391+00:00
[2025-07-22T04:25:46.889+0000] {logging_mixin.py:190} WARNING - /home/***/.local/lib/python3.12/site-packages/***/task/task_runner/standard_task_runner.py:70 DeprecationWarning: This process (pid=194) is multi-threaded, use of fork() may lead to deadlocks in the child.
[2025-07-22T04:25:46.892+0000] {standard_task_runner.py:72} INFO - Started process 196 to run task
[2025-07-22T04:25:46.889+0000] {standard_task_runner.py:104} INFO - Running: ['***', 'tasks', 'run', 'my_dag', 'echo_input_number', 'manual__2025-07-22T04:25:44.696391+00:00', '--job-id', '5', '--raw', '--subdir', 'DAGS_FOLDER/my_dags.py', '--cfg-path', '/tmp/tmpxlbb40z7']
[2025-07-22T04:25:46.894+0000] {standard_task_runner.py:105} INFO - Job 5: Subtask echo_input_number
[2025-07-22T04:25:47.002+0000] {task_command.py:467} INFO - Running <TaskInstance: my_dag.echo_input_number manual__2025-07-22T04:25:44.696391+00:00 [running]> on host 163049dd0076
[2025-07-22T04:25:47.180+0000] {taskinstance.py:3132} INFO - Exporting env vars: AIRFLOW_CTX_DAG_OWNER='***' AIRFLOW_CTX_DAG_ID='my_dag' AIRFLOW_CTX_TASK_ID='echo_input_number' AIRFLOW_CTX_EXECUTION_DATE='2025-07-22T04:25:44.696391+00:00' AIRFLOW_CTX_TRY_NUMBER='1' AIRFLOW_CTX_DAG_RUN_ID='manual__2025-07-22T04:25:44.696391+00:00'
[2025-07-22T04:25:47.182+0000] {taskinstance.py:731} INFO - ::endgroup::
[2025-07-22T04:25:47.205+0000] {subprocess.py:78} INFO - Tmp dir root location: /tmp
[2025-07-22T04:25:47.206+0000] {subprocess.py:88} INFO - Running command: ['/usr/bin/bash', '-c', 'echo "Input number from config: 10"']
[2025-07-22T04:25:47.217+0000] {subprocess.py:99} INFO - Output:
[2025-07-22T04:25:47.219+0000] {subprocess.py:106} INFO - Input number from config: 10
[2025-07-22T04:25:47.220+0000] {subprocess.py:110} INFO - Command exited with return code 0
[2025-07-22T04:25:47.251+0000] {taskinstance.py:340} INFO - ::group::Post task execution logs
[2025-07-22T04:25:47.252+0000] {taskinstance.py:352} INFO - Marking task as SUCCESS. dag_id=my_dag, task_id=echo_input_number, run_id=manual__2025-07-22T04:25:44.696391+00:00, execution_date=20250722T042544, start_date=20250722T042546, end_date=20250722T042547
[2025-07-22T04:25:47.310+0000] {local_task_job_runner.py:266} INFO - Task exited with return code 0
[2025-07-22T04:25:47.335+0000] {taskinstance.py:3895} INFO - 0 downstream tasks scheduled from follow-on schedule check
[2025-07-22T04:25:47.338+0000] {local_task_job_runner.py:245} INFO - ::endgroup::
