[2025-07-25T01:41:58.065+0000] {local_task_job_runner.py:123} INFO - ::group::Pre task execution logs
[2025-07-25T01:41:58.241+0000] {taskinstance.py:2613} INFO - Dependencies all met for dep_context=non-requeueable deps ti=<TaskInstance: etl_postgres.load_songplays_fact_table scheduled__2025-07-22T10:00:00+00:00 [queued]>
[2025-07-25T01:41:58.326+0000] {taskinstance.py:2613} INFO - Dependencies all met for dep_context=requeueable deps ti=<TaskInstance: etl_postgres.load_songplays_fact_table scheduled__2025-07-22T10:00:00+00:00 [queued]>
[2025-07-25T01:41:58.346+0000] {taskinstance.py:2866} INFO - Starting attempt 1 of 6
[2025-07-25T01:41:58.524+0000] {taskinstance.py:2889} INFO - Executing <Task(PythonOperator): load_songplays_fact_table> on 2025-07-22 10:00:00+00:00
[2025-07-25T01:41:58.574+0000] {standard_task_runner.py:104} INFO - Running: ['***', 'tasks', 'run', 'etl_postgres', 'load_songplays_fact_table', 'scheduled__2025-07-22T10:00:00+00:00', '--job-id', '88', '--raw', '--subdir', 'DAGS_FOLDER/etl_dag.py', '--cfg-path', '/tmp/tmpqwfb25ev']
[2025-07-25T01:41:58.588+0000] {standard_task_runner.py:105} INFO - Job 88: Subtask load_songplays_fact_table
[2025-07-25T01:41:58.602+0000] {logging_mixin.py:190} WARNING - /home/***/.local/lib/python3.12/site-packages/***/task/task_runner/standard_task_runner.py:70 DeprecationWarning: This process (pid=211) is multi-threaded, use of fork() may lead to deadlocks in the child.
[2025-07-25T01:41:58.643+0000] {standard_task_runner.py:72} INFO - Started process 213 to run task
[2025-07-25T01:41:59.120+0000] {task_command.py:467} INFO - Running <TaskInstance: etl_postgres.load_songplays_fact_table scheduled__2025-07-22T10:00:00+00:00 [running]> on host 0c6a6447a272
[2025-07-25T01:42:00.240+0000] {taskinstance.py:3132} INFO - Exporting env vars: AIRFLOW_CTX_DAG_OWNER='***' AIRFLOW_CTX_DAG_ID='etl_postgres' AIRFLOW_CTX_TASK_ID='load_songplays_fact_table' AIRFLOW_CTX_EXECUTION_DATE='2025-07-22T10:00:00+00:00' AIRFLOW_CTX_TRY_NUMBER='1' AIRFLOW_CTX_DAG_RUN_ID='scheduled__2025-07-22T10:00:00+00:00'
[2025-07-25T01:42:00.583+0000] {taskinstance.py:731} INFO - ::endgroup::
[2025-07-25T01:42:00.669+0000] {etl_dag.py:49} INFO - Loading songplays fact table
[2025-07-25T01:42:00.771+0000] {etl_dag.py:52} INFO - Songplays fact table loaded successfully
[2025-07-25T01:42:00.773+0000] {python.py:240} INFO - Done. Returned value was: None
[2025-07-25T01:42:00.817+0000] {taskinstance.py:340} INFO - ::group::Post task execution logs
[2025-07-25T01:42:00.822+0000] {taskinstance.py:352} INFO - Marking task as SUCCESS. dag_id=etl_postgres, task_id=load_songplays_fact_table, run_id=scheduled__2025-07-22T10:00:00+00:00, execution_date=20250722T100000, start_date=20250725T014158, end_date=20250725T014200
[2025-07-25T01:42:01.079+0000] {local_task_job_runner.py:266} INFO - Task exited with return code 0
[2025-07-25T01:42:01.270+0000] {taskinstance.py:3895} INFO - 4 downstream tasks scheduled from follow-on schedule check
[2025-07-25T01:42:01.311+0000] {local_task_job_runner.py:245} INFO - ::endgroup::
