[2025-07-26T09:10:34.058+0000] {processor.py:186} INFO - Started process (PID=179) to work on /opt/airflow/dags/etl_dag.py
[2025-07-26T09:10:34.067+0000] {processor.py:914} INFO - Processing file /opt/airflow/dags/etl_dag.py for tasks to queue
[2025-07-26T09:10:34.105+0000] {logging_mixin.py:190} INFO - [2025-07-26T09:10:34.099+0000] {dagbag.py:588} INFO - Filling up the DagBag from /opt/airflow/dags/etl_dag.py
[2025-07-26T09:10:34.494+0000] {processor.py:925} INFO - DAG(s) 'etl_postgres2' retrieved from /opt/airflow/dags/etl_dag.py
[2025-07-26T09:10:36.736+0000] {logging_mixin.py:190} INFO - [2025-07-26T09:10:36.736+0000] {dag.py:3239} INFO - Sync 1 DAGs
[2025-07-26T09:10:36.860+0000] {logging_mixin.py:190} INFO - [2025-07-26T09:10:36.859+0000] {dag.py:4180} INFO - Setting next_dagrun for etl_postgres2 to 2025-07-26 09:00:00+00:00, run_after=2025-07-26 10:00:00+00:00
[2025-07-26T09:10:37.072+0000] {processor.py:208} INFO - Processing /opt/airflow/dags/etl_dag.py took 3.062 seconds
[2025-07-26T09:11:08.107+0000] {processor.py:186} INFO - Started process (PID=332) to work on /opt/airflow/dags/etl_dag.py
[2025-07-26T09:11:08.108+0000] {processor.py:914} INFO - Processing file /opt/airflow/dags/etl_dag.py for tasks to queue
[2025-07-26T09:11:08.111+0000] {logging_mixin.py:190} INFO - [2025-07-26T09:11:08.111+0000] {dagbag.py:588} INFO - Filling up the DagBag from /opt/airflow/dags/etl_dag.py
[2025-07-26T09:11:08.182+0000] {processor.py:925} INFO - DAG(s) 'etl_postgres2' retrieved from /opt/airflow/dags/etl_dag.py
[2025-07-26T09:11:08.224+0000] {logging_mixin.py:190} INFO - [2025-07-26T09:11:08.224+0000] {dag.py:3239} INFO - Sync 1 DAGs
[2025-07-26T09:11:08.485+0000] {logging_mixin.py:190} INFO - [2025-07-26T09:11:08.485+0000] {dag.py:4180} INFO - Setting next_dagrun for etl_postgres2 to 2025-07-26 09:00:00+00:00, run_after=2025-07-26 10:00:00+00:00
[2025-07-26T09:11:08.513+0000] {processor.py:208} INFO - Processing /opt/airflow/dags/etl_dag.py took 0.414 seconds
[2025-07-26T09:11:38.863+0000] {processor.py:186} INFO - Started process (PID=355) to work on /opt/airflow/dags/etl_dag.py
[2025-07-26T09:11:38.865+0000] {processor.py:914} INFO - Processing file /opt/airflow/dags/etl_dag.py for tasks to queue
[2025-07-26T09:11:38.868+0000] {logging_mixin.py:190} INFO - [2025-07-26T09:11:38.868+0000] {dagbag.py:588} INFO - Filling up the DagBag from /opt/airflow/dags/etl_dag.py
[2025-07-26T09:11:38.940+0000] {processor.py:925} INFO - DAG(s) 'etl_postgres2' retrieved from /opt/airflow/dags/etl_dag.py
[2025-07-26T09:11:38.982+0000] {logging_mixin.py:190} INFO - [2025-07-26T09:11:38.981+0000] {dag.py:3239} INFO - Sync 1 DAGs
[2025-07-26T09:11:39.328+0000] {logging_mixin.py:190} INFO - [2025-07-26T09:11:39.327+0000] {dag.py:4180} INFO - Setting next_dagrun for etl_postgres2 to 2025-07-26 09:00:00+00:00, run_after=2025-07-26 10:00:00+00:00
[2025-07-26T09:11:39.364+0000] {processor.py:208} INFO - Processing /opt/airflow/dags/etl_dag.py took 0.511 seconds
[2025-07-26T09:12:09.754+0000] {processor.py:186} INFO - Started process (PID=378) to work on /opt/airflow/dags/etl_dag.py
[2025-07-26T09:12:09.755+0000] {processor.py:914} INFO - Processing file /opt/airflow/dags/etl_dag.py for tasks to queue
[2025-07-26T09:12:09.758+0000] {logging_mixin.py:190} INFO - [2025-07-26T09:12:09.758+0000] {dagbag.py:588} INFO - Filling up the DagBag from /opt/airflow/dags/etl_dag.py
[2025-07-26T09:12:10.054+0000] {processor.py:925} INFO - DAG(s) 'etl_postgres2' retrieved from /opt/airflow/dags/etl_dag.py
[2025-07-26T09:12:10.116+0000] {logging_mixin.py:190} INFO - [2025-07-26T09:12:10.116+0000] {dag.py:3239} INFO - Sync 1 DAGs
[2025-07-26T09:12:10.163+0000] {logging_mixin.py:190} INFO - [2025-07-26T09:12:10.163+0000] {dag.py:4180} INFO - Setting next_dagrun for etl_postgres2 to 2025-07-26 09:00:00+00:00, run_after=2025-07-26 10:00:00+00:00
[2025-07-26T09:12:10.203+0000] {processor.py:208} INFO - Processing /opt/airflow/dags/etl_dag.py took 0.456 seconds
[2025-07-26T09:12:40.610+0000] {processor.py:186} INFO - Started process (PID=401) to work on /opt/airflow/dags/etl_dag.py
[2025-07-26T09:12:40.612+0000] {processor.py:914} INFO - Processing file /opt/airflow/dags/etl_dag.py for tasks to queue
[2025-07-26T09:12:40.617+0000] {logging_mixin.py:190} INFO - [2025-07-26T09:12:40.616+0000] {dagbag.py:588} INFO - Filling up the DagBag from /opt/airflow/dags/etl_dag.py
[2025-07-26T09:12:40.680+0000] {processor.py:925} INFO - DAG(s) 'etl_postgres2' retrieved from /opt/airflow/dags/etl_dag.py
[2025-07-26T09:12:40.720+0000] {logging_mixin.py:190} INFO - [2025-07-26T09:12:40.719+0000] {dag.py:3239} INFO - Sync 1 DAGs
[2025-07-26T09:12:40.765+0000] {logging_mixin.py:190} INFO - [2025-07-26T09:12:40.765+0000] {dag.py:4180} INFO - Setting next_dagrun for etl_postgres2 to 2025-07-26 09:00:00+00:00, run_after=2025-07-26 10:00:00+00:00
[2025-07-26T09:12:40.804+0000] {processor.py:208} INFO - Processing /opt/airflow/dags/etl_dag.py took 0.205 seconds
[2025-07-26T09:13:11.143+0000] {processor.py:186} INFO - Started process (PID=424) to work on /opt/airflow/dags/etl_dag.py
[2025-07-26T09:13:11.145+0000] {processor.py:914} INFO - Processing file /opt/airflow/dags/etl_dag.py for tasks to queue
[2025-07-26T09:13:11.148+0000] {logging_mixin.py:190} INFO - [2025-07-26T09:13:11.147+0000] {dagbag.py:588} INFO - Filling up the DagBag from /opt/airflow/dags/etl_dag.py
[2025-07-26T09:13:11.192+0000] {processor.py:925} INFO - DAG(s) 'etl_postgres2' retrieved from /opt/airflow/dags/etl_dag.py
[2025-07-26T09:13:11.225+0000] {logging_mixin.py:190} INFO - [2025-07-26T09:13:11.225+0000] {dag.py:3239} INFO - Sync 1 DAGs
[2025-07-26T09:13:11.258+0000] {logging_mixin.py:190} INFO - [2025-07-26T09:13:11.258+0000] {dag.py:4180} INFO - Setting next_dagrun for etl_postgres2 to 2025-07-26 09:00:00+00:00, run_after=2025-07-26 10:00:00+00:00
[2025-07-26T09:13:11.282+0000] {processor.py:208} INFO - Processing /opt/airflow/dags/etl_dag.py took 0.145 seconds
[2025-07-26T09:13:41.577+0000] {processor.py:186} INFO - Started process (PID=447) to work on /opt/airflow/dags/etl_dag.py
[2025-07-26T09:13:41.579+0000] {processor.py:914} INFO - Processing file /opt/airflow/dags/etl_dag.py for tasks to queue
[2025-07-26T09:13:41.582+0000] {logging_mixin.py:190} INFO - [2025-07-26T09:13:41.582+0000] {dagbag.py:588} INFO - Filling up the DagBag from /opt/airflow/dags/etl_dag.py
[2025-07-26T09:13:41.636+0000] {processor.py:925} INFO - DAG(s) 'etl_postgres2' retrieved from /opt/airflow/dags/etl_dag.py
[2025-07-26T09:13:41.690+0000] {logging_mixin.py:190} INFO - [2025-07-26T09:13:41.690+0000] {dag.py:3239} INFO - Sync 1 DAGs
[2025-07-26T09:13:41.735+0000] {logging_mixin.py:190} INFO - [2025-07-26T09:13:41.735+0000] {dag.py:4180} INFO - Setting next_dagrun for etl_postgres2 to 2025-07-26 09:00:00+00:00, run_after=2025-07-26 10:00:00+00:00
[2025-07-26T09:13:41.763+0000] {processor.py:208} INFO - Processing /opt/airflow/dags/etl_dag.py took 0.192 seconds
[2025-07-26T09:14:12.125+0000] {processor.py:186} INFO - Started process (PID=470) to work on /opt/airflow/dags/etl_dag.py
[2025-07-26T09:14:12.127+0000] {processor.py:914} INFO - Processing file /opt/airflow/dags/etl_dag.py for tasks to queue
[2025-07-26T09:14:12.131+0000] {logging_mixin.py:190} INFO - [2025-07-26T09:14:12.130+0000] {dagbag.py:588} INFO - Filling up the DagBag from /opt/airflow/dags/etl_dag.py
[2025-07-26T09:14:12.188+0000] {processor.py:925} INFO - DAG(s) 'etl_postgres2' retrieved from /opt/airflow/dags/etl_dag.py
[2025-07-26T09:14:12.228+0000] {logging_mixin.py:190} INFO - [2025-07-26T09:14:12.228+0000] {dag.py:3239} INFO - Sync 1 DAGs
[2025-07-26T09:14:12.277+0000] {logging_mixin.py:190} INFO - [2025-07-26T09:14:12.276+0000] {dag.py:4180} INFO - Setting next_dagrun for etl_postgres2 to 2025-07-26 09:00:00+00:00, run_after=2025-07-26 10:00:00+00:00
[2025-07-26T09:14:12.303+0000] {processor.py:208} INFO - Processing /opt/airflow/dags/etl_dag.py took 0.187 seconds
[2025-07-26T09:14:42.638+0000] {processor.py:186} INFO - Started process (PID=493) to work on /opt/airflow/dags/etl_dag.py
[2025-07-26T09:14:42.640+0000] {processor.py:914} INFO - Processing file /opt/airflow/dags/etl_dag.py for tasks to queue
[2025-07-26T09:14:42.643+0000] {logging_mixin.py:190} INFO - [2025-07-26T09:14:42.643+0000] {dagbag.py:588} INFO - Filling up the DagBag from /opt/airflow/dags/etl_dag.py
[2025-07-26T09:14:42.706+0000] {processor.py:925} INFO - DAG(s) 'etl_postgres2' retrieved from /opt/airflow/dags/etl_dag.py
[2025-07-26T09:14:42.753+0000] {logging_mixin.py:190} INFO - [2025-07-26T09:14:42.752+0000] {dag.py:3239} INFO - Sync 1 DAGs
[2025-07-26T09:14:42.787+0000] {logging_mixin.py:190} INFO - [2025-07-26T09:14:42.787+0000] {dag.py:4180} INFO - Setting next_dagrun for etl_postgres2 to 2025-07-26 09:00:00+00:00, run_after=2025-07-26 10:00:00+00:00
[2025-07-26T09:14:42.823+0000] {processor.py:208} INFO - Processing /opt/airflow/dags/etl_dag.py took 0.196 seconds
[2025-07-26T09:15:13.276+0000] {processor.py:186} INFO - Started process (PID=516) to work on /opt/airflow/dags/etl_dag.py
[2025-07-26T09:15:13.279+0000] {processor.py:914} INFO - Processing file /opt/airflow/dags/etl_dag.py for tasks to queue
[2025-07-26T09:15:13.285+0000] {logging_mixin.py:190} INFO - [2025-07-26T09:15:13.284+0000] {dagbag.py:588} INFO - Filling up the DagBag from /opt/airflow/dags/etl_dag.py
[2025-07-26T09:15:13.379+0000] {processor.py:925} INFO - DAG(s) 'etl_postgres2' retrieved from /opt/airflow/dags/etl_dag.py
[2025-07-26T09:15:13.459+0000] {logging_mixin.py:190} INFO - [2025-07-26T09:15:13.458+0000] {dag.py:3239} INFO - Sync 1 DAGs
[2025-07-26T09:15:13.524+0000] {logging_mixin.py:190} INFO - [2025-07-26T09:15:13.524+0000] {dag.py:4180} INFO - Setting next_dagrun for etl_postgres2 to 2025-07-26 09:00:00+00:00, run_after=2025-07-26 10:00:00+00:00
[2025-07-26T09:15:13.574+0000] {processor.py:208} INFO - Processing /opt/airflow/dags/etl_dag.py took 0.316 seconds
[2025-07-26T09:15:44.187+0000] {processor.py:186} INFO - Started process (PID=565) to work on /opt/airflow/dags/etl_dag.py
[2025-07-26T09:15:44.189+0000] {processor.py:914} INFO - Processing file /opt/airflow/dags/etl_dag.py for tasks to queue
[2025-07-26T09:15:44.195+0000] {logging_mixin.py:190} INFO - [2025-07-26T09:15:44.194+0000] {dagbag.py:588} INFO - Filling up the DagBag from /opt/airflow/dags/etl_dag.py
[2025-07-26T09:15:44.253+0000] {processor.py:925} INFO - DAG(s) 'etl_postgres2' retrieved from /opt/airflow/dags/etl_dag.py
[2025-07-26T09:15:44.312+0000] {logging_mixin.py:190} INFO - [2025-07-26T09:15:44.311+0000] {dag.py:3239} INFO - Sync 1 DAGs
[2025-07-26T09:15:44.372+0000] {logging_mixin.py:190} INFO - [2025-07-26T09:15:44.371+0000] {dag.py:4180} INFO - Setting next_dagrun for etl_postgres2 to 2025-07-26 09:00:00+00:00, run_after=2025-07-26 10:00:00+00:00
[2025-07-26T09:15:44.405+0000] {processor.py:208} INFO - Processing /opt/airflow/dags/etl_dag.py took 0.231 seconds
[2025-07-26T09:16:14.762+0000] {processor.py:186} INFO - Started process (PID=593) to work on /opt/airflow/dags/etl_dag.py
[2025-07-26T09:16:14.763+0000] {processor.py:914} INFO - Processing file /opt/airflow/dags/etl_dag.py for tasks to queue
[2025-07-26T09:16:14.766+0000] {logging_mixin.py:190} INFO - [2025-07-26T09:16:14.766+0000] {dagbag.py:588} INFO - Filling up the DagBag from /opt/airflow/dags/etl_dag.py
[2025-07-26T09:16:14.805+0000] {processor.py:925} INFO - DAG(s) 'etl_postgres2' retrieved from /opt/airflow/dags/etl_dag.py
[2025-07-26T09:16:14.839+0000] {logging_mixin.py:190} INFO - [2025-07-26T09:16:14.839+0000] {dag.py:3239} INFO - Sync 1 DAGs
[2025-07-26T09:16:14.868+0000] {logging_mixin.py:190} INFO - [2025-07-26T09:16:14.868+0000] {dag.py:4180} INFO - Setting next_dagrun for etl_postgres2 to 2025-07-26 09:00:00+00:00, run_after=2025-07-26 10:00:00+00:00
[2025-07-26T09:16:14.890+0000] {processor.py:208} INFO - Processing /opt/airflow/dags/etl_dag.py took 0.135 seconds
[2025-07-26T09:16:45.232+0000] {processor.py:186} INFO - Started process (PID=616) to work on /opt/airflow/dags/etl_dag.py
[2025-07-26T09:16:45.233+0000] {processor.py:914} INFO - Processing file /opt/airflow/dags/etl_dag.py for tasks to queue
[2025-07-26T09:16:45.237+0000] {logging_mixin.py:190} INFO - [2025-07-26T09:16:45.237+0000] {dagbag.py:588} INFO - Filling up the DagBag from /opt/airflow/dags/etl_dag.py
[2025-07-26T09:16:45.279+0000] {processor.py:925} INFO - DAG(s) 'etl_postgres2' retrieved from /opt/airflow/dags/etl_dag.py
[2025-07-26T09:16:45.315+0000] {logging_mixin.py:190} INFO - [2025-07-26T09:16:45.314+0000] {dag.py:3239} INFO - Sync 1 DAGs
[2025-07-26T09:16:45.347+0000] {logging_mixin.py:190} INFO - [2025-07-26T09:16:45.347+0000] {dag.py:4180} INFO - Setting next_dagrun for etl_postgres2 to 2025-07-26 09:00:00+00:00, run_after=2025-07-26 10:00:00+00:00
[2025-07-26T09:16:45.374+0000] {processor.py:208} INFO - Processing /opt/airflow/dags/etl_dag.py took 0.152 seconds
[2025-07-26T09:17:15.714+0000] {processor.py:186} INFO - Started process (PID=639) to work on /opt/airflow/dags/etl_dag.py
[2025-07-26T09:17:15.716+0000] {processor.py:914} INFO - Processing file /opt/airflow/dags/etl_dag.py for tasks to queue
[2025-07-26T09:17:15.721+0000] {logging_mixin.py:190} INFO - [2025-07-26T09:17:15.721+0000] {dagbag.py:588} INFO - Filling up the DagBag from /opt/airflow/dags/etl_dag.py
[2025-07-26T09:17:15.779+0000] {processor.py:925} INFO - DAG(s) 'etl_postgres2' retrieved from /opt/airflow/dags/etl_dag.py
[2025-07-26T09:17:15.825+0000] {logging_mixin.py:190} INFO - [2025-07-26T09:17:15.824+0000] {dag.py:3239} INFO - Sync 1 DAGs
[2025-07-26T09:17:15.878+0000] {logging_mixin.py:190} INFO - [2025-07-26T09:17:15.877+0000] {dag.py:4180} INFO - Setting next_dagrun for etl_postgres2 to 2025-07-26 09:00:00+00:00, run_after=2025-07-26 10:00:00+00:00
[2025-07-26T09:17:15.929+0000] {processor.py:208} INFO - Processing /opt/airflow/dags/etl_dag.py took 0.224 seconds
[2025-07-26T09:17:46.247+0000] {processor.py:186} INFO - Started process (PID=662) to work on /opt/airflow/dags/etl_dag.py
[2025-07-26T09:17:46.249+0000] {processor.py:914} INFO - Processing file /opt/airflow/dags/etl_dag.py for tasks to queue
[2025-07-26T09:17:46.257+0000] {logging_mixin.py:190} INFO - [2025-07-26T09:17:46.256+0000] {dagbag.py:588} INFO - Filling up the DagBag from /opt/airflow/dags/etl_dag.py
[2025-07-26T09:17:46.337+0000] {processor.py:925} INFO - DAG(s) 'etl_postgres2' retrieved from /opt/airflow/dags/etl_dag.py
[2025-07-26T09:17:46.383+0000] {logging_mixin.py:190} INFO - [2025-07-26T09:17:46.383+0000] {dag.py:3239} INFO - Sync 1 DAGs
[2025-07-26T09:17:46.411+0000] {logging_mixin.py:190} INFO - [2025-07-26T09:17:46.411+0000] {dag.py:4180} INFO - Setting next_dagrun for etl_postgres2 to 2025-07-26 09:00:00+00:00, run_after=2025-07-26 10:00:00+00:00
[2025-07-26T09:17:46.435+0000] {processor.py:208} INFO - Processing /opt/airflow/dags/etl_dag.py took 0.196 seconds
[2025-07-26T09:18:16.768+0000] {processor.py:186} INFO - Started process (PID=685) to work on /opt/airflow/dags/etl_dag.py
[2025-07-26T09:18:16.771+0000] {processor.py:914} INFO - Processing file /opt/airflow/dags/etl_dag.py for tasks to queue
[2025-07-26T09:18:16.777+0000] {logging_mixin.py:190} INFO - [2025-07-26T09:18:16.776+0000] {dagbag.py:588} INFO - Filling up the DagBag from /opt/airflow/dags/etl_dag.py
[2025-07-26T09:18:16.840+0000] {processor.py:925} INFO - DAG(s) 'etl_postgres2' retrieved from /opt/airflow/dags/etl_dag.py
[2025-07-26T09:18:16.886+0000] {logging_mixin.py:190} INFO - [2025-07-26T09:18:16.886+0000] {dag.py:3239} INFO - Sync 1 DAGs
[2025-07-26T09:18:16.929+0000] {logging_mixin.py:190} INFO - [2025-07-26T09:18:16.929+0000] {dag.py:4180} INFO - Setting next_dagrun for etl_postgres2 to 2025-07-26 09:00:00+00:00, run_after=2025-07-26 10:00:00+00:00
[2025-07-26T09:18:16.959+0000] {processor.py:208} INFO - Processing /opt/airflow/dags/etl_dag.py took 0.204 seconds
[2025-07-26T09:18:47.306+0000] {processor.py:186} INFO - Started process (PID=708) to work on /opt/airflow/dags/etl_dag.py
[2025-07-26T09:18:47.308+0000] {processor.py:914} INFO - Processing file /opt/airflow/dags/etl_dag.py for tasks to queue
[2025-07-26T09:18:47.313+0000] {logging_mixin.py:190} INFO - [2025-07-26T09:18:47.312+0000] {dagbag.py:588} INFO - Filling up the DagBag from /opt/airflow/dags/etl_dag.py
[2025-07-26T09:18:47.373+0000] {processor.py:925} INFO - DAG(s) 'etl_postgres2' retrieved from /opt/airflow/dags/etl_dag.py
[2025-07-26T09:18:47.424+0000] {logging_mixin.py:190} INFO - [2025-07-26T09:18:47.424+0000] {dag.py:3239} INFO - Sync 1 DAGs
[2025-07-26T09:18:47.467+0000] {logging_mixin.py:190} INFO - [2025-07-26T09:18:47.467+0000] {dag.py:4180} INFO - Setting next_dagrun for etl_postgres2 to 2025-07-26 09:00:00+00:00, run_after=2025-07-26 10:00:00+00:00
[2025-07-26T09:18:47.490+0000] {processor.py:208} INFO - Processing /opt/airflow/dags/etl_dag.py took 0.195 seconds
[2025-07-26T09:19:17.794+0000] {processor.py:186} INFO - Started process (PID=731) to work on /opt/airflow/dags/etl_dag.py
[2025-07-26T09:19:17.795+0000] {processor.py:914} INFO - Processing file /opt/airflow/dags/etl_dag.py for tasks to queue
[2025-07-26T09:19:17.798+0000] {logging_mixin.py:190} INFO - [2025-07-26T09:19:17.798+0000] {dagbag.py:588} INFO - Filling up the DagBag from /opt/airflow/dags/etl_dag.py
[2025-07-26T09:19:17.843+0000] {processor.py:925} INFO - DAG(s) 'etl_postgres2' retrieved from /opt/airflow/dags/etl_dag.py
[2025-07-26T09:19:17.881+0000] {logging_mixin.py:190} INFO - [2025-07-26T09:19:17.881+0000] {dag.py:3239} INFO - Sync 1 DAGs
[2025-07-26T09:19:17.913+0000] {logging_mixin.py:190} INFO - [2025-07-26T09:19:17.913+0000] {dag.py:4180} INFO - Setting next_dagrun for etl_postgres2 to 2025-07-26 09:00:00+00:00, run_after=2025-07-26 10:00:00+00:00
[2025-07-26T09:19:17.936+0000] {processor.py:208} INFO - Processing /opt/airflow/dags/etl_dag.py took 0.149 seconds
[2025-07-26T09:19:48.254+0000] {processor.py:186} INFO - Started process (PID=754) to work on /opt/airflow/dags/etl_dag.py
[2025-07-26T09:19:48.255+0000] {processor.py:914} INFO - Processing file /opt/airflow/dags/etl_dag.py for tasks to queue
[2025-07-26T09:19:48.259+0000] {logging_mixin.py:190} INFO - [2025-07-26T09:19:48.258+0000] {dagbag.py:588} INFO - Filling up the DagBag from /opt/airflow/dags/etl_dag.py
[2025-07-26T09:19:48.301+0000] {processor.py:925} INFO - DAG(s) 'etl_postgres2' retrieved from /opt/airflow/dags/etl_dag.py
[2025-07-26T09:19:48.343+0000] {logging_mixin.py:190} INFO - [2025-07-26T09:19:48.342+0000] {dag.py:3239} INFO - Sync 1 DAGs
[2025-07-26T09:19:48.392+0000] {logging_mixin.py:190} INFO - [2025-07-26T09:19:48.392+0000] {dag.py:4180} INFO - Setting next_dagrun for etl_postgres2 to 2025-07-26 09:00:00+00:00, run_after=2025-07-26 10:00:00+00:00
[2025-07-26T09:19:48.429+0000] {processor.py:208} INFO - Processing /opt/airflow/dags/etl_dag.py took 0.181 seconds
[2025-07-26T09:20:18.779+0000] {processor.py:186} INFO - Started process (PID=777) to work on /opt/airflow/dags/etl_dag.py
[2025-07-26T09:20:18.781+0000] {processor.py:914} INFO - Processing file /opt/airflow/dags/etl_dag.py for tasks to queue
[2025-07-26T09:20:18.784+0000] {logging_mixin.py:190} INFO - [2025-07-26T09:20:18.784+0000] {dagbag.py:588} INFO - Filling up the DagBag from /opt/airflow/dags/etl_dag.py
[2025-07-26T09:20:18.838+0000] {processor.py:925} INFO - DAG(s) 'etl_postgres2' retrieved from /opt/airflow/dags/etl_dag.py
[2025-07-26T09:20:18.879+0000] {logging_mixin.py:190} INFO - [2025-07-26T09:20:18.879+0000] {dag.py:3239} INFO - Sync 1 DAGs
[2025-07-26T09:20:18.913+0000] {logging_mixin.py:190} INFO - [2025-07-26T09:20:18.913+0000] {dag.py:4180} INFO - Setting next_dagrun for etl_postgres2 to 2025-07-26 09:00:00+00:00, run_after=2025-07-26 10:00:00+00:00
[2025-07-26T09:20:18.946+0000] {processor.py:208} INFO - Processing /opt/airflow/dags/etl_dag.py took 0.177 seconds
[2025-07-26T09:20:49.325+0000] {processor.py:186} INFO - Started process (PID=812) to work on /opt/airflow/dags/etl_dag.py
[2025-07-26T09:20:49.327+0000] {processor.py:914} INFO - Processing file /opt/airflow/dags/etl_dag.py for tasks to queue
[2025-07-26T09:20:49.329+0000] {logging_mixin.py:190} INFO - [2025-07-26T09:20:49.329+0000] {dagbag.py:588} INFO - Filling up the DagBag from /opt/airflow/dags/etl_dag.py
[2025-07-26T09:20:49.366+0000] {processor.py:925} INFO - DAG(s) 'etl_postgres2' retrieved from /opt/airflow/dags/etl_dag.py
[2025-07-26T09:20:49.395+0000] {logging_mixin.py:190} INFO - [2025-07-26T09:20:49.394+0000] {dag.py:3239} INFO - Sync 1 DAGs
[2025-07-26T09:20:49.421+0000] {logging_mixin.py:190} INFO - [2025-07-26T09:20:49.421+0000] {dag.py:4180} INFO - Setting next_dagrun for etl_postgres2 to 2025-07-26 09:00:00+00:00, run_after=2025-07-26 10:00:00+00:00
[2025-07-26T09:20:49.445+0000] {processor.py:208} INFO - Processing /opt/airflow/dags/etl_dag.py took 0.126 seconds
[2025-07-26T09:21:19.788+0000] {processor.py:186} INFO - Started process (PID=847) to work on /opt/airflow/dags/etl_dag.py
[2025-07-26T09:21:19.790+0000] {processor.py:914} INFO - Processing file /opt/airflow/dags/etl_dag.py for tasks to queue
[2025-07-26T09:21:19.794+0000] {logging_mixin.py:190} INFO - [2025-07-26T09:21:19.794+0000] {dagbag.py:588} INFO - Filling up the DagBag from /opt/airflow/dags/etl_dag.py
[2025-07-26T09:21:19.835+0000] {processor.py:925} INFO - DAG(s) 'etl_postgres2' retrieved from /opt/airflow/dags/etl_dag.py
[2025-07-26T09:21:19.867+0000] {logging_mixin.py:190} INFO - [2025-07-26T09:21:19.867+0000] {dag.py:3239} INFO - Sync 1 DAGs
[2025-07-26T09:21:19.896+0000] {logging_mixin.py:190} INFO - [2025-07-26T09:21:19.896+0000] {dag.py:4180} INFO - Setting next_dagrun for etl_postgres2 to 2025-07-26 09:00:00+00:00, run_after=2025-07-26 10:00:00+00:00
[2025-07-26T09:21:19.929+0000] {processor.py:208} INFO - Processing /opt/airflow/dags/etl_dag.py took 0.149 seconds
[2025-07-26T09:21:50.301+0000] {processor.py:186} INFO - Started process (PID=870) to work on /opt/airflow/dags/etl_dag.py
[2025-07-26T09:21:50.302+0000] {processor.py:914} INFO - Processing file /opt/airflow/dags/etl_dag.py for tasks to queue
[2025-07-26T09:21:50.306+0000] {logging_mixin.py:190} INFO - [2025-07-26T09:21:50.305+0000] {dagbag.py:588} INFO - Filling up the DagBag from /opt/airflow/dags/etl_dag.py
[2025-07-26T09:21:50.348+0000] {processor.py:925} INFO - DAG(s) 'etl_postgres2' retrieved from /opt/airflow/dags/etl_dag.py
[2025-07-26T09:21:50.386+0000] {logging_mixin.py:190} INFO - [2025-07-26T09:21:50.386+0000] {dag.py:3239} INFO - Sync 1 DAGs
[2025-07-26T09:21:50.432+0000] {logging_mixin.py:190} INFO - [2025-07-26T09:21:50.432+0000] {dag.py:4180} INFO - Setting next_dagrun for etl_postgres2 to 2025-07-26 09:00:00+00:00, run_after=2025-07-26 10:00:00+00:00
[2025-07-26T09:21:50.478+0000] {processor.py:208} INFO - Processing /opt/airflow/dags/etl_dag.py took 0.186 seconds
[2025-07-26T09:22:20.801+0000] {processor.py:186} INFO - Started process (PID=893) to work on /opt/airflow/dags/etl_dag.py
[2025-07-26T09:22:20.803+0000] {processor.py:914} INFO - Processing file /opt/airflow/dags/etl_dag.py for tasks to queue
[2025-07-26T09:22:20.806+0000] {logging_mixin.py:190} INFO - [2025-07-26T09:22:20.806+0000] {dagbag.py:588} INFO - Filling up the DagBag from /opt/airflow/dags/etl_dag.py
[2025-07-26T09:22:20.841+0000] {processor.py:925} INFO - DAG(s) 'etl_postgres2' retrieved from /opt/airflow/dags/etl_dag.py
[2025-07-26T09:22:20.871+0000] {logging_mixin.py:190} INFO - [2025-07-26T09:22:20.871+0000] {dag.py:3239} INFO - Sync 1 DAGs
[2025-07-26T09:22:20.899+0000] {logging_mixin.py:190} INFO - [2025-07-26T09:22:20.899+0000] {dag.py:4180} INFO - Setting next_dagrun for etl_postgres2 to 2025-07-26 09:00:00+00:00, run_after=2025-07-26 10:00:00+00:00
[2025-07-26T09:22:20.923+0000] {processor.py:208} INFO - Processing /opt/airflow/dags/etl_dag.py took 0.131 seconds
[2025-07-26T09:22:51.276+0000] {processor.py:186} INFO - Started process (PID=916) to work on /opt/airflow/dags/etl_dag.py
[2025-07-26T09:22:51.278+0000] {processor.py:914} INFO - Processing file /opt/airflow/dags/etl_dag.py for tasks to queue
[2025-07-26T09:22:51.283+0000] {logging_mixin.py:190} INFO - [2025-07-26T09:22:51.282+0000] {dagbag.py:588} INFO - Filling up the DagBag from /opt/airflow/dags/etl_dag.py
[2025-07-26T09:22:51.343+0000] {processor.py:925} INFO - DAG(s) 'etl_postgres2' retrieved from /opt/airflow/dags/etl_dag.py
[2025-07-26T09:22:51.385+0000] {logging_mixin.py:190} INFO - [2025-07-26T09:22:51.384+0000] {dag.py:3239} INFO - Sync 1 DAGs
[2025-07-26T09:22:51.423+0000] {logging_mixin.py:190} INFO - [2025-07-26T09:22:51.423+0000] {dag.py:4180} INFO - Setting next_dagrun for etl_postgres2 to 2025-07-26 09:00:00+00:00, run_after=2025-07-26 10:00:00+00:00
[2025-07-26T09:22:51.451+0000] {processor.py:208} INFO - Processing /opt/airflow/dags/etl_dag.py took 0.184 seconds
[2025-07-26T09:23:21.795+0000] {processor.py:186} INFO - Started process (PID=939) to work on /opt/airflow/dags/etl_dag.py
[2025-07-26T09:23:21.796+0000] {processor.py:914} INFO - Processing file /opt/airflow/dags/etl_dag.py for tasks to queue
[2025-07-26T09:23:21.799+0000] {logging_mixin.py:190} INFO - [2025-07-26T09:23:21.799+0000] {dagbag.py:588} INFO - Filling up the DagBag from /opt/airflow/dags/etl_dag.py
[2025-07-26T09:23:21.844+0000] {processor.py:925} INFO - DAG(s) 'etl_postgres2' retrieved from /opt/airflow/dags/etl_dag.py
[2025-07-26T09:23:21.893+0000] {logging_mixin.py:190} INFO - [2025-07-26T09:23:21.893+0000] {dag.py:3239} INFO - Sync 1 DAGs
[2025-07-26T09:23:21.932+0000] {logging_mixin.py:190} INFO - [2025-07-26T09:23:21.932+0000] {dag.py:4180} INFO - Setting next_dagrun for etl_postgres2 to 2025-07-26 09:00:00+00:00, run_after=2025-07-26 10:00:00+00:00
[2025-07-26T09:23:21.963+0000] {processor.py:208} INFO - Processing /opt/airflow/dags/etl_dag.py took 0.175 seconds
[2025-07-26T09:23:52.291+0000] {processor.py:186} INFO - Started process (PID=962) to work on /opt/airflow/dags/etl_dag.py
[2025-07-26T09:23:52.293+0000] {processor.py:914} INFO - Processing file /opt/airflow/dags/etl_dag.py for tasks to queue
[2025-07-26T09:23:52.298+0000] {logging_mixin.py:190} INFO - [2025-07-26T09:23:52.297+0000] {dagbag.py:588} INFO - Filling up the DagBag from /opt/airflow/dags/etl_dag.py
[2025-07-26T09:23:52.352+0000] {processor.py:925} INFO - DAG(s) 'etl_postgres2' retrieved from /opt/airflow/dags/etl_dag.py
[2025-07-26T09:23:52.394+0000] {logging_mixin.py:190} INFO - [2025-07-26T09:23:52.394+0000] {dag.py:3239} INFO - Sync 1 DAGs
[2025-07-26T09:23:52.433+0000] {logging_mixin.py:190} INFO - [2025-07-26T09:23:52.433+0000] {dag.py:4180} INFO - Setting next_dagrun for etl_postgres2 to 2025-07-26 09:00:00+00:00, run_after=2025-07-26 10:00:00+00:00
[2025-07-26T09:23:52.460+0000] {processor.py:208} INFO - Processing /opt/airflow/dags/etl_dag.py took 0.180 seconds
[2025-07-26T09:24:22.785+0000] {processor.py:186} INFO - Started process (PID=978) to work on /opt/airflow/dags/etl_dag.py
[2025-07-26T09:24:22.788+0000] {processor.py:914} INFO - Processing file /opt/airflow/dags/etl_dag.py for tasks to queue
[2025-07-26T09:24:22.793+0000] {logging_mixin.py:190} INFO - [2025-07-26T09:24:22.793+0000] {dagbag.py:588} INFO - Filling up the DagBag from /opt/airflow/dags/etl_dag.py
[2025-07-26T09:24:22.866+0000] {processor.py:925} INFO - DAG(s) 'etl_postgres2' retrieved from /opt/airflow/dags/etl_dag.py
[2025-07-26T09:24:22.904+0000] {logging_mixin.py:190} INFO - [2025-07-26T09:24:22.904+0000] {dag.py:3239} INFO - Sync 1 DAGs
[2025-07-26T09:24:22.932+0000] {logging_mixin.py:190} INFO - [2025-07-26T09:24:22.932+0000] {dag.py:4180} INFO - Setting next_dagrun for etl_postgres2 to 2025-07-26 09:00:00+00:00, run_after=2025-07-26 10:00:00+00:00
[2025-07-26T09:24:22.959+0000] {processor.py:208} INFO - Processing /opt/airflow/dags/etl_dag.py took 0.187 seconds
[2025-07-26T09:24:53.350+0000] {processor.py:186} INFO - Started process (PID=1001) to work on /opt/airflow/dags/etl_dag.py
[2025-07-26T09:24:53.352+0000] {processor.py:914} INFO - Processing file /opt/airflow/dags/etl_dag.py for tasks to queue
[2025-07-26T09:24:53.357+0000] {logging_mixin.py:190} INFO - [2025-07-26T09:24:53.356+0000] {dagbag.py:588} INFO - Filling up the DagBag from /opt/airflow/dags/etl_dag.py
[2025-07-26T09:24:53.410+0000] {processor.py:925} INFO - DAG(s) 'etl_postgres2' retrieved from /opt/airflow/dags/etl_dag.py
[2025-07-26T09:24:53.449+0000] {logging_mixin.py:190} INFO - [2025-07-26T09:24:53.449+0000] {dag.py:3239} INFO - Sync 1 DAGs
[2025-07-26T09:24:53.484+0000] {logging_mixin.py:190} INFO - [2025-07-26T09:24:53.484+0000] {dag.py:4180} INFO - Setting next_dagrun for etl_postgres2 to 2025-07-26 09:00:00+00:00, run_after=2025-07-26 10:00:00+00:00
[2025-07-26T09:24:53.514+0000] {processor.py:208} INFO - Processing /opt/airflow/dags/etl_dag.py took 0.179 seconds
[2025-07-26T09:25:23.817+0000] {processor.py:186} INFO - Started process (PID=1024) to work on /opt/airflow/dags/etl_dag.py
[2025-07-26T09:25:23.819+0000] {processor.py:914} INFO - Processing file /opt/airflow/dags/etl_dag.py for tasks to queue
[2025-07-26T09:25:23.822+0000] {logging_mixin.py:190} INFO - [2025-07-26T09:25:23.822+0000] {dagbag.py:588} INFO - Filling up the DagBag from /opt/airflow/dags/etl_dag.py
[2025-07-26T09:25:23.858+0000] {processor.py:925} INFO - DAG(s) 'etl_postgres2' retrieved from /opt/airflow/dags/etl_dag.py
[2025-07-26T09:25:23.889+0000] {logging_mixin.py:190} INFO - [2025-07-26T09:25:23.889+0000] {dag.py:3239} INFO - Sync 1 DAGs
[2025-07-26T09:25:23.918+0000] {logging_mixin.py:190} INFO - [2025-07-26T09:25:23.918+0000] {dag.py:4180} INFO - Setting next_dagrun for etl_postgres2 to 2025-07-26 09:00:00+00:00, run_after=2025-07-26 10:00:00+00:00
[2025-07-26T09:25:23.943+0000] {processor.py:208} INFO - Processing /opt/airflow/dags/etl_dag.py took 0.133 seconds
[2025-07-26T09:25:54.328+0000] {processor.py:186} INFO - Started process (PID=1053) to work on /opt/airflow/dags/etl_dag.py
[2025-07-26T09:25:54.329+0000] {processor.py:914} INFO - Processing file /opt/airflow/dags/etl_dag.py for tasks to queue
[2025-07-26T09:25:54.332+0000] {logging_mixin.py:190} INFO - [2025-07-26T09:25:54.332+0000] {dagbag.py:588} INFO - Filling up the DagBag from /opt/airflow/dags/etl_dag.py
[2025-07-26T09:25:54.375+0000] {processor.py:925} INFO - DAG(s) 'etl_postgres2' retrieved from /opt/airflow/dags/etl_dag.py
[2025-07-26T09:25:54.407+0000] {logging_mixin.py:190} INFO - [2025-07-26T09:25:54.406+0000] {dag.py:3239} INFO - Sync 1 DAGs
[2025-07-26T09:25:54.438+0000] {logging_mixin.py:190} INFO - [2025-07-26T09:25:54.438+0000] {dag.py:4180} INFO - Setting next_dagrun for etl_postgres2 to 2025-07-26 09:00:00+00:00, run_after=2025-07-26 10:00:00+00:00
[2025-07-26T09:25:54.464+0000] {processor.py:208} INFO - Processing /opt/airflow/dags/etl_dag.py took 0.143 seconds
[2025-07-26T09:26:24.812+0000] {processor.py:186} INFO - Started process (PID=1088) to work on /opt/airflow/dags/etl_dag.py
[2025-07-26T09:26:24.814+0000] {processor.py:914} INFO - Processing file /opt/airflow/dags/etl_dag.py for tasks to queue
[2025-07-26T09:26:24.818+0000] {logging_mixin.py:190} INFO - [2025-07-26T09:26:24.817+0000] {dagbag.py:588} INFO - Filling up the DagBag from /opt/airflow/dags/etl_dag.py
[2025-07-26T09:26:24.869+0000] {processor.py:925} INFO - DAG(s) 'etl_postgres2' retrieved from /opt/airflow/dags/etl_dag.py
[2025-07-26T09:26:24.899+0000] {logging_mixin.py:190} INFO - [2025-07-26T09:26:24.899+0000] {dag.py:3239} INFO - Sync 1 DAGs
[2025-07-26T09:26:24.925+0000] {logging_mixin.py:190} INFO - [2025-07-26T09:26:24.925+0000] {dag.py:4180} INFO - Setting next_dagrun for etl_postgres2 to 2025-07-26 09:00:00+00:00, run_after=2025-07-26 10:00:00+00:00
[2025-07-26T09:26:24.951+0000] {processor.py:208} INFO - Processing /opt/airflow/dags/etl_dag.py took 0.146 seconds
[2025-07-26T09:26:55.268+0000] {processor.py:186} INFO - Started process (PID=1111) to work on /opt/airflow/dags/etl_dag.py
[2025-07-26T09:26:55.269+0000] {processor.py:914} INFO - Processing file /opt/airflow/dags/etl_dag.py for tasks to queue
[2025-07-26T09:26:55.271+0000] {logging_mixin.py:190} INFO - [2025-07-26T09:26:55.271+0000] {dagbag.py:588} INFO - Filling up the DagBag from /opt/airflow/dags/etl_dag.py
[2025-07-26T09:26:55.307+0000] {processor.py:925} INFO - DAG(s) 'etl_postgres2' retrieved from /opt/airflow/dags/etl_dag.py
[2025-07-26T09:26:55.335+0000] {logging_mixin.py:190} INFO - [2025-07-26T09:26:55.334+0000] {dag.py:3239} INFO - Sync 1 DAGs
[2025-07-26T09:26:55.360+0000] {logging_mixin.py:190} INFO - [2025-07-26T09:26:55.360+0000] {dag.py:4180} INFO - Setting next_dagrun for etl_postgres2 to 2025-07-26 09:00:00+00:00, run_after=2025-07-26 10:00:00+00:00
[2025-07-26T09:26:55.383+0000] {processor.py:208} INFO - Processing /opt/airflow/dags/etl_dag.py took 0.121 seconds
[2025-07-26T09:27:25.710+0000] {processor.py:186} INFO - Started process (PID=1134) to work on /opt/airflow/dags/etl_dag.py
[2025-07-26T09:27:25.712+0000] {processor.py:914} INFO - Processing file /opt/airflow/dags/etl_dag.py for tasks to queue
[2025-07-26T09:27:25.716+0000] {logging_mixin.py:190} INFO - [2025-07-26T09:27:25.715+0000] {dagbag.py:588} INFO - Filling up the DagBag from /opt/airflow/dags/etl_dag.py
[2025-07-26T09:27:25.767+0000] {processor.py:925} INFO - DAG(s) 'etl_postgres2' retrieved from /opt/airflow/dags/etl_dag.py
[2025-07-26T09:27:25.807+0000] {logging_mixin.py:190} INFO - [2025-07-26T09:27:25.806+0000] {dag.py:3239} INFO - Sync 1 DAGs
[2025-07-26T09:27:25.842+0000] {logging_mixin.py:190} INFO - [2025-07-26T09:27:25.842+0000] {dag.py:4180} INFO - Setting next_dagrun for etl_postgres2 to 2025-07-26 09:00:00+00:00, run_after=2025-07-26 10:00:00+00:00
[2025-07-26T09:27:25.866+0000] {processor.py:208} INFO - Processing /opt/airflow/dags/etl_dag.py took 0.166 seconds
[2025-07-26T09:27:56.201+0000] {processor.py:186} INFO - Started process (PID=1157) to work on /opt/airflow/dags/etl_dag.py
[2025-07-26T09:27:56.202+0000] {processor.py:914} INFO - Processing file /opt/airflow/dags/etl_dag.py for tasks to queue
[2025-07-26T09:27:56.206+0000] {logging_mixin.py:190} INFO - [2025-07-26T09:27:56.205+0000] {dagbag.py:588} INFO - Filling up the DagBag from /opt/airflow/dags/etl_dag.py
[2025-07-26T09:27:56.242+0000] {processor.py:925} INFO - DAG(s) 'etl_postgres2' retrieved from /opt/airflow/dags/etl_dag.py
[2025-07-26T09:27:56.275+0000] {logging_mixin.py:190} INFO - [2025-07-26T09:27:56.275+0000] {dag.py:3239} INFO - Sync 1 DAGs
[2025-07-26T09:27:56.304+0000] {logging_mixin.py:190} INFO - [2025-07-26T09:27:56.304+0000] {dag.py:4180} INFO - Setting next_dagrun for etl_postgres2 to 2025-07-26 09:00:00+00:00, run_after=2025-07-26 10:00:00+00:00
[2025-07-26T09:27:56.327+0000] {processor.py:208} INFO - Processing /opt/airflow/dags/etl_dag.py took 0.135 seconds
[2025-07-26T09:28:26.650+0000] {processor.py:186} INFO - Started process (PID=1180) to work on /opt/airflow/dags/etl_dag.py
[2025-07-26T09:28:26.652+0000] {processor.py:914} INFO - Processing file /opt/airflow/dags/etl_dag.py for tasks to queue
[2025-07-26T09:28:26.655+0000] {logging_mixin.py:190} INFO - [2025-07-26T09:28:26.655+0000] {dagbag.py:588} INFO - Filling up the DagBag from /opt/airflow/dags/etl_dag.py
[2025-07-26T09:28:26.691+0000] {processor.py:925} INFO - DAG(s) 'etl_postgres2' retrieved from /opt/airflow/dags/etl_dag.py
[2025-07-26T09:28:26.724+0000] {logging_mixin.py:190} INFO - [2025-07-26T09:28:26.724+0000] {dag.py:3239} INFO - Sync 1 DAGs
[2025-07-26T09:28:26.754+0000] {logging_mixin.py:190} INFO - [2025-07-26T09:28:26.754+0000] {dag.py:4180} INFO - Setting next_dagrun for etl_postgres2 to 2025-07-26 09:00:00+00:00, run_after=2025-07-26 10:00:00+00:00
[2025-07-26T09:28:26.779+0000] {processor.py:208} INFO - Processing /opt/airflow/dags/etl_dag.py took 0.135 seconds
[2025-07-26T09:28:57.098+0000] {processor.py:186} INFO - Started process (PID=1203) to work on /opt/airflow/dags/etl_dag.py
[2025-07-26T09:28:57.100+0000] {processor.py:914} INFO - Processing file /opt/airflow/dags/etl_dag.py for tasks to queue
[2025-07-26T09:28:57.105+0000] {logging_mixin.py:190} INFO - [2025-07-26T09:28:57.104+0000] {dagbag.py:588} INFO - Filling up the DagBag from /opt/airflow/dags/etl_dag.py
[2025-07-26T09:28:57.153+0000] {processor.py:925} INFO - DAG(s) 'etl_postgres2' retrieved from /opt/airflow/dags/etl_dag.py
[2025-07-26T09:28:57.201+0000] {logging_mixin.py:190} INFO - [2025-07-26T09:28:57.201+0000] {dag.py:3239} INFO - Sync 1 DAGs
[2025-07-26T09:28:57.238+0000] {logging_mixin.py:190} INFO - [2025-07-26T09:28:57.237+0000] {dag.py:4180} INFO - Setting next_dagrun for etl_postgres2 to 2025-07-26 09:00:00+00:00, run_after=2025-07-26 10:00:00+00:00
[2025-07-26T09:28:57.264+0000] {processor.py:208} INFO - Processing /opt/airflow/dags/etl_dag.py took 0.175 seconds
[2025-07-26T09:29:27.621+0000] {processor.py:186} INFO - Started process (PID=1226) to work on /opt/airflow/dags/etl_dag.py
[2025-07-26T09:29:27.623+0000] {processor.py:914} INFO - Processing file /opt/airflow/dags/etl_dag.py for tasks to queue
[2025-07-26T09:29:27.628+0000] {logging_mixin.py:190} INFO - [2025-07-26T09:29:27.627+0000] {dagbag.py:588} INFO - Filling up the DagBag from /opt/airflow/dags/etl_dag.py
[2025-07-26T09:29:27.680+0000] {processor.py:925} INFO - DAG(s) 'etl_postgres2' retrieved from /opt/airflow/dags/etl_dag.py
[2025-07-26T09:29:27.726+0000] {logging_mixin.py:190} INFO - [2025-07-26T09:29:27.726+0000] {dag.py:3239} INFO - Sync 1 DAGs
[2025-07-26T09:29:27.766+0000] {logging_mixin.py:190} INFO - [2025-07-26T09:29:27.765+0000] {dag.py:4180} INFO - Setting next_dagrun for etl_postgres2 to 2025-07-26 09:00:00+00:00, run_after=2025-07-26 10:00:00+00:00
[2025-07-26T09:29:27.796+0000] {processor.py:208} INFO - Processing /opt/airflow/dags/etl_dag.py took 0.185 seconds
[2025-07-26T09:29:58.100+0000] {processor.py:186} INFO - Started process (PID=1249) to work on /opt/airflow/dags/etl_dag.py
[2025-07-26T09:29:58.102+0000] {processor.py:914} INFO - Processing file /opt/airflow/dags/etl_dag.py for tasks to queue
[2025-07-26T09:29:58.106+0000] {logging_mixin.py:190} INFO - [2025-07-26T09:29:58.105+0000] {dagbag.py:588} INFO - Filling up the DagBag from /opt/airflow/dags/etl_dag.py
[2025-07-26T09:29:58.145+0000] {processor.py:925} INFO - DAG(s) 'etl_postgres2' retrieved from /opt/airflow/dags/etl_dag.py
[2025-07-26T09:29:58.177+0000] {logging_mixin.py:190} INFO - [2025-07-26T09:29:58.177+0000] {dag.py:3239} INFO - Sync 1 DAGs
[2025-07-26T09:29:58.211+0000] {logging_mixin.py:190} INFO - [2025-07-26T09:29:58.210+0000] {dag.py:4180} INFO - Setting next_dagrun for etl_postgres2 to 2025-07-26 09:00:00+00:00, run_after=2025-07-26 10:00:00+00:00
[2025-07-26T09:29:58.239+0000] {processor.py:208} INFO - Processing /opt/airflow/dags/etl_dag.py took 0.147 seconds
[2025-07-26T09:30:28.578+0000] {processor.py:186} INFO - Started process (PID=1272) to work on /opt/airflow/dags/etl_dag.py
[2025-07-26T09:30:28.579+0000] {processor.py:914} INFO - Processing file /opt/airflow/dags/etl_dag.py for tasks to queue
[2025-07-26T09:30:28.583+0000] {logging_mixin.py:190} INFO - [2025-07-26T09:30:28.583+0000] {dagbag.py:588} INFO - Filling up the DagBag from /opt/airflow/dags/etl_dag.py
[2025-07-26T09:30:28.637+0000] {processor.py:925} INFO - DAG(s) 'etl_postgres2' retrieved from /opt/airflow/dags/etl_dag.py
[2025-07-26T09:30:28.683+0000] {logging_mixin.py:190} INFO - [2025-07-26T09:30:28.683+0000] {dag.py:3239} INFO - Sync 1 DAGs
[2025-07-26T09:30:28.728+0000] {logging_mixin.py:190} INFO - [2025-07-26T09:30:28.727+0000] {dag.py:4180} INFO - Setting next_dagrun for etl_postgres2 to 2025-07-26 09:00:00+00:00, run_after=2025-07-26 10:00:00+00:00
[2025-07-26T09:30:28.763+0000] {processor.py:208} INFO - Processing /opt/airflow/dags/etl_dag.py took 0.194 seconds
[2025-07-26T09:30:59.156+0000] {processor.py:186} INFO - Started process (PID=1310) to work on /opt/airflow/dags/etl_dag.py
[2025-07-26T09:30:59.157+0000] {processor.py:914} INFO - Processing file /opt/airflow/dags/etl_dag.py for tasks to queue
[2025-07-26T09:30:59.159+0000] {logging_mixin.py:190} INFO - [2025-07-26T09:30:59.159+0000] {dagbag.py:588} INFO - Filling up the DagBag from /opt/airflow/dags/etl_dag.py
[2025-07-26T09:30:59.196+0000] {processor.py:925} INFO - DAG(s) 'etl_postgres2' retrieved from /opt/airflow/dags/etl_dag.py
[2025-07-26T09:30:59.234+0000] {logging_mixin.py:190} INFO - [2025-07-26T09:30:59.233+0000] {dag.py:3239} INFO - Sync 1 DAGs
[2025-07-26T09:30:59.260+0000] {logging_mixin.py:190} INFO - [2025-07-26T09:30:59.259+0000] {dag.py:4180} INFO - Setting next_dagrun for etl_postgres2 to 2025-07-26 09:00:00+00:00, run_after=2025-07-26 10:00:00+00:00
[2025-07-26T09:30:59.284+0000] {processor.py:208} INFO - Processing /opt/airflow/dags/etl_dag.py took 0.135 seconds
[2025-07-26T09:31:29.643+0000] {processor.py:186} INFO - Started process (PID=1332) to work on /opt/airflow/dags/etl_dag.py
[2025-07-26T09:31:29.646+0000] {processor.py:914} INFO - Processing file /opt/airflow/dags/etl_dag.py for tasks to queue
[2025-07-26T09:31:29.651+0000] {logging_mixin.py:190} INFO - [2025-07-26T09:31:29.650+0000] {dagbag.py:588} INFO - Filling up the DagBag from /opt/airflow/dags/etl_dag.py
[2025-07-26T09:31:29.715+0000] {processor.py:925} INFO - DAG(s) 'etl_postgres2' retrieved from /opt/airflow/dags/etl_dag.py
[2025-07-26T09:31:29.765+0000] {logging_mixin.py:190} INFO - [2025-07-26T09:31:29.765+0000] {dag.py:3239} INFO - Sync 1 DAGs
[2025-07-26T09:31:29.810+0000] {logging_mixin.py:190} INFO - [2025-07-26T09:31:29.810+0000] {dag.py:4180} INFO - Setting next_dagrun for etl_postgres2 to 2025-07-26 09:00:00+00:00, run_after=2025-07-26 10:00:00+00:00
[2025-07-26T09:31:29.845+0000] {processor.py:208} INFO - Processing /opt/airflow/dags/etl_dag.py took 0.213 seconds
[2025-07-26T09:32:00.176+0000] {processor.py:186} INFO - Started process (PID=1348) to work on /opt/airflow/dags/etl_dag.py
[2025-07-26T09:32:00.178+0000] {processor.py:914} INFO - Processing file /opt/airflow/dags/etl_dag.py for tasks to queue
[2025-07-26T09:32:00.183+0000] {logging_mixin.py:190} INFO - [2025-07-26T09:32:00.182+0000] {dagbag.py:588} INFO - Filling up the DagBag from /opt/airflow/dags/etl_dag.py
[2025-07-26T09:32:00.236+0000] {processor.py:925} INFO - DAG(s) 'etl_postgres2' retrieved from /opt/airflow/dags/etl_dag.py
[2025-07-26T09:32:00.288+0000] {logging_mixin.py:190} INFO - [2025-07-26T09:32:00.288+0000] {dag.py:3239} INFO - Sync 1 DAGs
[2025-07-26T09:32:00.332+0000] {logging_mixin.py:190} INFO - [2025-07-26T09:32:00.332+0000] {dag.py:4180} INFO - Setting next_dagrun for etl_postgres2 to 2025-07-26 09:00:00+00:00, run_after=2025-07-26 10:00:00+00:00
[2025-07-26T09:32:00.366+0000] {processor.py:208} INFO - Processing /opt/airflow/dags/etl_dag.py took 0.202 seconds
[2025-07-26T09:32:30.692+0000] {processor.py:186} INFO - Started process (PID=1371) to work on /opt/airflow/dags/etl_dag.py
[2025-07-26T09:32:30.694+0000] {processor.py:914} INFO - Processing file /opt/airflow/dags/etl_dag.py for tasks to queue
[2025-07-26T09:32:30.697+0000] {logging_mixin.py:190} INFO - [2025-07-26T09:32:30.697+0000] {dagbag.py:588} INFO - Filling up the DagBag from /opt/airflow/dags/etl_dag.py
[2025-07-26T09:32:30.735+0000] {processor.py:925} INFO - DAG(s) 'etl_postgres2' retrieved from /opt/airflow/dags/etl_dag.py
[2025-07-26T09:32:30.766+0000] {logging_mixin.py:190} INFO - [2025-07-26T09:32:30.766+0000] {dag.py:3239} INFO - Sync 1 DAGs
[2025-07-26T09:32:30.793+0000] {logging_mixin.py:190} INFO - [2025-07-26T09:32:30.793+0000] {dag.py:4180} INFO - Setting next_dagrun for etl_postgres2 to 2025-07-26 09:00:00+00:00, run_after=2025-07-26 10:00:00+00:00
[2025-07-26T09:32:30.818+0000] {processor.py:208} INFO - Processing /opt/airflow/dags/etl_dag.py took 0.134 seconds
[2025-07-26T09:33:01.136+0000] {processor.py:186} INFO - Started process (PID=1394) to work on /opt/airflow/dags/etl_dag.py
[2025-07-26T09:33:01.138+0000] {processor.py:914} INFO - Processing file /opt/airflow/dags/etl_dag.py for tasks to queue
[2025-07-26T09:33:01.141+0000] {logging_mixin.py:190} INFO - [2025-07-26T09:33:01.141+0000] {dagbag.py:588} INFO - Filling up the DagBag from /opt/airflow/dags/etl_dag.py
[2025-07-26T09:33:01.180+0000] {processor.py:925} INFO - DAG(s) 'etl_postgres2' retrieved from /opt/airflow/dags/etl_dag.py
[2025-07-26T09:33:01.210+0000] {logging_mixin.py:190} INFO - [2025-07-26T09:33:01.210+0000] {dag.py:3239} INFO - Sync 1 DAGs
[2025-07-26T09:33:01.239+0000] {logging_mixin.py:190} INFO - [2025-07-26T09:33:01.238+0000] {dag.py:4180} INFO - Setting next_dagrun for etl_postgres2 to 2025-07-26 09:00:00+00:00, run_after=2025-07-26 10:00:00+00:00
[2025-07-26T09:33:01.261+0000] {processor.py:208} INFO - Processing /opt/airflow/dags/etl_dag.py took 0.133 seconds
[2025-07-26T09:33:31.936+0000] {processor.py:186} INFO - Started process (PID=1417) to work on /opt/airflow/dags/etl_dag.py
[2025-07-26T09:33:31.940+0000] {processor.py:914} INFO - Processing file /opt/airflow/dags/etl_dag.py for tasks to queue
[2025-07-26T09:33:31.954+0000] {logging_mixin.py:190} INFO - [2025-07-26T09:33:31.952+0000] {dagbag.py:588} INFO - Filling up the DagBag from /opt/airflow/dags/etl_dag.py
[2025-07-26T09:33:32.099+0000] {processor.py:925} INFO - DAG(s) 'etl_postgres2' retrieved from /opt/airflow/dags/etl_dag.py
[2025-07-26T09:33:32.275+0000] {logging_mixin.py:190} INFO - [2025-07-26T09:33:32.274+0000] {dag.py:3239} INFO - Sync 1 DAGs
[2025-07-26T09:33:32.445+0000] {logging_mixin.py:190} INFO - [2025-07-26T09:33:32.435+0000] {dag.py:4180} INFO - Setting next_dagrun for etl_postgres2 to 2025-07-26 09:00:00+00:00, run_after=2025-07-26 10:00:00+00:00
[2025-07-26T09:33:32.549+0000] {processor.py:208} INFO - Processing /opt/airflow/dags/etl_dag.py took 0.643 seconds
[2025-07-26T09:34:02.700+0000] {processor.py:186} INFO - Started process (PID=1442) to work on /opt/airflow/dags/etl_dag.py
[2025-07-26T09:34:02.704+0000] {processor.py:914} INFO - Processing file /opt/airflow/dags/etl_dag.py for tasks to queue
[2025-07-26T09:34:02.712+0000] {logging_mixin.py:190} INFO - [2025-07-26T09:34:02.711+0000] {dagbag.py:588} INFO - Filling up the DagBag from /opt/airflow/dags/etl_dag.py
[2025-07-26T09:34:02.870+0000] {processor.py:925} INFO - DAG(s) 'etl_postgres2' retrieved from /opt/airflow/dags/etl_dag.py
[2025-07-26T09:34:02.974+0000] {logging_mixin.py:190} INFO - [2025-07-26T09:34:02.973+0000] {dag.py:3239} INFO - Sync 1 DAGs
[2025-07-26T09:34:03.080+0000] {logging_mixin.py:190} INFO - [2025-07-26T09:34:03.080+0000] {dag.py:4180} INFO - Setting next_dagrun for etl_postgres2 to 2025-07-26 09:00:00+00:00, run_after=2025-07-26 10:00:00+00:00
[2025-07-26T09:34:03.144+0000] {processor.py:208} INFO - Processing /opt/airflow/dags/etl_dag.py took 0.461 seconds
[2025-07-26T09:34:33.317+0000] {processor.py:186} INFO - Started process (PID=1465) to work on /opt/airflow/dags/etl_dag.py
[2025-07-26T09:34:33.319+0000] {processor.py:914} INFO - Processing file /opt/airflow/dags/etl_dag.py for tasks to queue
[2025-07-26T09:34:33.324+0000] {logging_mixin.py:190} INFO - [2025-07-26T09:34:33.323+0000] {dagbag.py:588} INFO - Filling up the DagBag from /opt/airflow/dags/etl_dag.py
[2025-07-26T09:34:33.411+0000] {processor.py:925} INFO - DAG(s) 'etl_postgres2' retrieved from /opt/airflow/dags/etl_dag.py
[2025-07-26T09:34:33.537+0000] {logging_mixin.py:190} INFO - [2025-07-26T09:34:33.536+0000] {dag.py:3239} INFO - Sync 1 DAGs
[2025-07-26T09:34:33.638+0000] {logging_mixin.py:190} INFO - [2025-07-26T09:34:33.638+0000] {dag.py:4180} INFO - Setting next_dagrun for etl_postgres2 to 2025-07-26 09:00:00+00:00, run_after=2025-07-26 10:00:00+00:00
[2025-07-26T09:34:33.698+0000] {processor.py:208} INFO - Processing /opt/airflow/dags/etl_dag.py took 0.390 seconds
[2025-07-26T09:35:04.737+0000] {processor.py:186} INFO - Started process (PID=1488) to work on /opt/airflow/dags/etl_dag.py
[2025-07-26T09:35:04.743+0000] {processor.py:914} INFO - Processing file /opt/airflow/dags/etl_dag.py for tasks to queue
[2025-07-26T09:35:04.752+0000] {logging_mixin.py:190} INFO - [2025-07-26T09:35:04.751+0000] {dagbag.py:588} INFO - Filling up the DagBag from /opt/airflow/dags/etl_dag.py
[2025-07-26T09:35:04.855+0000] {processor.py:925} INFO - DAG(s) 'etl_postgres2' retrieved from /opt/airflow/dags/etl_dag.py
[2025-07-26T09:35:04.914+0000] {logging_mixin.py:190} INFO - [2025-07-26T09:35:04.913+0000] {dag.py:3239} INFO - Sync 1 DAGs
[2025-07-26T09:35:04.958+0000] {logging_mixin.py:190} INFO - [2025-07-26T09:35:04.958+0000] {dag.py:4180} INFO - Setting next_dagrun for etl_postgres2 to 2025-07-26 09:00:00+00:00, run_after=2025-07-26 10:00:00+00:00
[2025-07-26T09:35:04.990+0000] {processor.py:208} INFO - Processing /opt/airflow/dags/etl_dag.py took 0.276 seconds
[2025-07-26T09:35:35.194+0000] {processor.py:186} INFO - Started process (PID=1511) to work on /opt/airflow/dags/etl_dag.py
[2025-07-26T09:35:35.197+0000] {processor.py:914} INFO - Processing file /opt/airflow/dags/etl_dag.py for tasks to queue
[2025-07-26T09:35:35.201+0000] {logging_mixin.py:190} INFO - [2025-07-26T09:35:35.201+0000] {dagbag.py:588} INFO - Filling up the DagBag from /opt/airflow/dags/etl_dag.py
[2025-07-26T09:35:35.257+0000] {processor.py:925} INFO - DAG(s) 'etl_postgres2' retrieved from /opt/airflow/dags/etl_dag.py
[2025-07-26T09:35:35.307+0000] {logging_mixin.py:190} INFO - [2025-07-26T09:35:35.307+0000] {dag.py:3239} INFO - Sync 1 DAGs
[2025-07-26T09:35:35.356+0000] {logging_mixin.py:190} INFO - [2025-07-26T09:35:35.356+0000] {dag.py:4180} INFO - Setting next_dagrun for etl_postgres2 to 2025-07-26 09:00:00+00:00, run_after=2025-07-26 10:00:00+00:00
[2025-07-26T09:35:35.404+0000] {processor.py:208} INFO - Processing /opt/airflow/dags/etl_dag.py took 0.220 seconds
[2025-07-26T09:36:05.614+0000] {processor.py:186} INFO - Started process (PID=1546) to work on /opt/airflow/dags/etl_dag.py
[2025-07-26T09:36:05.616+0000] {processor.py:914} INFO - Processing file /opt/airflow/dags/etl_dag.py for tasks to queue
[2025-07-26T09:36:05.621+0000] {logging_mixin.py:190} INFO - [2025-07-26T09:36:05.620+0000] {dagbag.py:588} INFO - Filling up the DagBag from /opt/airflow/dags/etl_dag.py
[2025-07-26T09:36:05.699+0000] {processor.py:925} INFO - DAG(s) 'etl_postgres2' retrieved from /opt/airflow/dags/etl_dag.py
[2025-07-26T09:36:05.768+0000] {logging_mixin.py:190} INFO - [2025-07-26T09:36:05.767+0000] {dag.py:3239} INFO - Sync 1 DAGs
[2025-07-26T09:36:05.854+0000] {logging_mixin.py:190} INFO - [2025-07-26T09:36:05.853+0000] {dag.py:4180} INFO - Setting next_dagrun for etl_postgres2 to 2025-07-26 09:00:00+00:00, run_after=2025-07-26 10:00:00+00:00
[2025-07-26T09:36:05.912+0000] {processor.py:208} INFO - Processing /opt/airflow/dags/etl_dag.py took 0.308 seconds
[2025-07-26T09:36:36.382+0000] {processor.py:186} INFO - Started process (PID=1568) to work on /opt/airflow/dags/etl_dag.py
[2025-07-26T09:36:36.384+0000] {processor.py:914} INFO - Processing file /opt/airflow/dags/etl_dag.py for tasks to queue
[2025-07-26T09:36:36.390+0000] {logging_mixin.py:190} INFO - [2025-07-26T09:36:36.389+0000] {dagbag.py:588} INFO - Filling up the DagBag from /opt/airflow/dags/etl_dag.py
[2025-07-26T09:36:36.463+0000] {processor.py:925} INFO - DAG(s) 'etl_postgres2' retrieved from /opt/airflow/dags/etl_dag.py
[2025-07-26T09:36:36.522+0000] {logging_mixin.py:190} INFO - [2025-07-26T09:36:36.521+0000] {dag.py:3239} INFO - Sync 1 DAGs
[2025-07-26T09:36:36.578+0000] {logging_mixin.py:190} INFO - [2025-07-26T09:36:36.577+0000] {dag.py:4180} INFO - Setting next_dagrun for etl_postgres2 to 2025-07-26 09:00:00+00:00, run_after=2025-07-26 10:00:00+00:00
[2025-07-26T09:36:36.618+0000] {processor.py:208} INFO - Processing /opt/airflow/dags/etl_dag.py took 0.251 seconds
[2025-07-26T09:37:07.203+0000] {processor.py:186} INFO - Started process (PID=1584) to work on /opt/airflow/dags/etl_dag.py
[2025-07-26T09:37:07.206+0000] {processor.py:914} INFO - Processing file /opt/airflow/dags/etl_dag.py for tasks to queue
[2025-07-26T09:37:07.211+0000] {logging_mixin.py:190} INFO - [2025-07-26T09:37:07.210+0000] {dagbag.py:588} INFO - Filling up the DagBag from /opt/airflow/dags/etl_dag.py
[2025-07-26T09:37:07.291+0000] {processor.py:925} INFO - DAG(s) 'etl_postgres2' retrieved from /opt/airflow/dags/etl_dag.py
[2025-07-26T09:37:07.361+0000] {logging_mixin.py:190} INFO - [2025-07-26T09:37:07.361+0000] {dag.py:3239} INFO - Sync 1 DAGs
[2025-07-26T09:37:07.418+0000] {logging_mixin.py:190} INFO - [2025-07-26T09:37:07.418+0000] {dag.py:4180} INFO - Setting next_dagrun for etl_postgres2 to 2025-07-26 09:00:00+00:00, run_after=2025-07-26 10:00:00+00:00
[2025-07-26T09:37:07.451+0000] {processor.py:208} INFO - Processing /opt/airflow/dags/etl_dag.py took 0.259 seconds
[2025-07-26T09:37:37.718+0000] {processor.py:186} INFO - Started process (PID=1612) to work on /opt/airflow/dags/etl_dag.py
[2025-07-26T09:37:37.720+0000] {processor.py:914} INFO - Processing file /opt/airflow/dags/etl_dag.py for tasks to queue
[2025-07-26T09:37:37.726+0000] {logging_mixin.py:190} INFO - [2025-07-26T09:37:37.725+0000] {dagbag.py:588} INFO - Filling up the DagBag from /opt/airflow/dags/etl_dag.py
[2025-07-26T09:37:37.788+0000] {processor.py:925} INFO - DAG(s) 'etl_postgres2' retrieved from /opt/airflow/dags/etl_dag.py
[2025-07-26T09:37:37.836+0000] {logging_mixin.py:190} INFO - [2025-07-26T09:37:37.836+0000] {dag.py:3239} INFO - Sync 1 DAGs
[2025-07-26T09:37:37.877+0000] {logging_mixin.py:190} INFO - [2025-07-26T09:37:37.876+0000] {dag.py:4180} INFO - Setting next_dagrun for etl_postgres2 to 2025-07-26 09:00:00+00:00, run_after=2025-07-26 10:00:00+00:00
[2025-07-26T09:37:37.909+0000] {processor.py:208} INFO - Processing /opt/airflow/dags/etl_dag.py took 0.203 seconds
[2025-07-26T09:38:08.523+0000] {processor.py:186} INFO - Started process (PID=1659) to work on /opt/airflow/dags/etl_dag.py
[2025-07-26T09:38:08.527+0000] {processor.py:914} INFO - Processing file /opt/airflow/dags/etl_dag.py for tasks to queue
[2025-07-26T09:38:08.540+0000] {logging_mixin.py:190} INFO - [2025-07-26T09:38:08.539+0000] {dagbag.py:588} INFO - Filling up the DagBag from /opt/airflow/dags/etl_dag.py
[2025-07-26T09:38:08.696+0000] {processor.py:925} INFO - DAG(s) 'etl_postgres2' retrieved from /opt/airflow/dags/etl_dag.py
[2025-07-26T09:38:08.794+0000] {logging_mixin.py:190} INFO - [2025-07-26T09:38:08.793+0000] {dag.py:3239} INFO - Sync 1 DAGs
[2025-07-26T09:38:08.861+0000] {logging_mixin.py:190} INFO - [2025-07-26T09:38:08.861+0000] {dag.py:4180} INFO - Setting next_dagrun for etl_postgres2 to 2025-07-26 09:00:00+00:00, run_after=2025-07-26 10:00:00+00:00
[2025-07-26T09:38:08.913+0000] {processor.py:208} INFO - Processing /opt/airflow/dags/etl_dag.py took 0.420 seconds
[2025-07-26T09:38:38.997+0000] {processor.py:186} INFO - Started process (PID=1685) to work on /opt/airflow/dags/etl_dag.py
[2025-07-26T09:38:38.999+0000] {processor.py:914} INFO - Processing file /opt/airflow/dags/etl_dag.py for tasks to queue
[2025-07-26T09:38:39.002+0000] {logging_mixin.py:190} INFO - [2025-07-26T09:38:39.002+0000] {dagbag.py:588} INFO - Filling up the DagBag from /opt/airflow/dags/etl_dag.py
[2025-07-26T09:38:39.050+0000] {processor.py:925} INFO - DAG(s) 'etl_postgres2' retrieved from /opt/airflow/dags/etl_dag.py
[2025-07-26T09:38:39.111+0000] {logging_mixin.py:190} INFO - [2025-07-26T09:38:39.110+0000] {dag.py:3239} INFO - Sync 1 DAGs
[2025-07-26T09:38:39.161+0000] {logging_mixin.py:190} INFO - [2025-07-26T09:38:39.160+0000] {dag.py:4180} INFO - Setting next_dagrun for etl_postgres2 to 2025-07-26 09:00:00+00:00, run_after=2025-07-26 10:00:00+00:00
[2025-07-26T09:38:39.202+0000] {processor.py:208} INFO - Processing /opt/airflow/dags/etl_dag.py took 0.214 seconds
[2025-07-26T09:39:09.661+0000] {processor.py:186} INFO - Started process (PID=1708) to work on /opt/airflow/dags/etl_dag.py
[2025-07-26T09:39:09.662+0000] {processor.py:914} INFO - Processing file /opt/airflow/dags/etl_dag.py for tasks to queue
[2025-07-26T09:39:09.665+0000] {logging_mixin.py:190} INFO - [2025-07-26T09:39:09.665+0000] {dagbag.py:588} INFO - Filling up the DagBag from /opt/airflow/dags/etl_dag.py
[2025-07-26T09:39:09.703+0000] {processor.py:925} INFO - DAG(s) 'etl_postgres2' retrieved from /opt/airflow/dags/etl_dag.py
[2025-07-26T09:39:09.736+0000] {logging_mixin.py:190} INFO - [2025-07-26T09:39:09.736+0000] {dag.py:3239} INFO - Sync 1 DAGs
[2025-07-26T09:39:09.768+0000] {logging_mixin.py:190} INFO - [2025-07-26T09:39:09.767+0000] {dag.py:4180} INFO - Setting next_dagrun for etl_postgres2 to 2025-07-26 09:00:00+00:00, run_after=2025-07-26 10:00:00+00:00
[2025-07-26T09:39:09.802+0000] {processor.py:208} INFO - Processing /opt/airflow/dags/etl_dag.py took 0.147 seconds
[2025-07-26T09:39:40.376+0000] {processor.py:186} INFO - Started process (PID=1731) to work on /opt/airflow/dags/etl_dag.py
[2025-07-26T09:39:40.378+0000] {processor.py:914} INFO - Processing file /opt/airflow/dags/etl_dag.py for tasks to queue
[2025-07-26T09:39:40.385+0000] {logging_mixin.py:190} INFO - [2025-07-26T09:39:40.384+0000] {dagbag.py:588} INFO - Filling up the DagBag from /opt/airflow/dags/etl_dag.py
[2025-07-26T09:39:40.455+0000] {processor.py:925} INFO - DAG(s) 'etl_postgres2' retrieved from /opt/airflow/dags/etl_dag.py
[2025-07-26T09:39:40.492+0000] {logging_mixin.py:190} INFO - [2025-07-26T09:39:40.491+0000] {dag.py:3239} INFO - Sync 1 DAGs
[2025-07-26T09:39:40.520+0000] {logging_mixin.py:190} INFO - [2025-07-26T09:39:40.520+0000] {dag.py:4180} INFO - Setting next_dagrun for etl_postgres2 to 2025-07-26 09:00:00+00:00, run_after=2025-07-26 10:00:00+00:00
[2025-07-26T09:39:40.546+0000] {processor.py:208} INFO - Processing /opt/airflow/dags/etl_dag.py took 0.181 seconds
[2025-07-26T09:40:11.112+0000] {processor.py:186} INFO - Started process (PID=1754) to work on /opt/airflow/dags/etl_dag.py
[2025-07-26T09:40:11.114+0000] {processor.py:914} INFO - Processing file /opt/airflow/dags/etl_dag.py for tasks to queue
[2025-07-26T09:40:11.118+0000] {logging_mixin.py:190} INFO - [2025-07-26T09:40:11.118+0000] {dagbag.py:588} INFO - Filling up the DagBag from /opt/airflow/dags/etl_dag.py
[2025-07-26T09:40:11.191+0000] {processor.py:925} INFO - DAG(s) 'etl_postgres2' retrieved from /opt/airflow/dags/etl_dag.py
[2025-07-26T09:40:11.265+0000] {logging_mixin.py:190} INFO - [2025-07-26T09:40:11.264+0000] {dag.py:3239} INFO - Sync 1 DAGs
[2025-07-26T09:40:11.324+0000] {logging_mixin.py:190} INFO - [2025-07-26T09:40:11.324+0000] {dag.py:4180} INFO - Setting next_dagrun for etl_postgres2 to 2025-07-26 09:00:00+00:00, run_after=2025-07-26 10:00:00+00:00
[2025-07-26T09:40:11.374+0000] {processor.py:208} INFO - Processing /opt/airflow/dags/etl_dag.py took 0.272 seconds
[2025-07-26T09:42:12.283+0000] {processor.py:186} INFO - Started process (PID=180) to work on /opt/airflow/dags/etl_dag.py
[2025-07-26T09:42:12.285+0000] {processor.py:914} INFO - Processing file /opt/airflow/dags/etl_dag.py for tasks to queue
[2025-07-26T09:42:12.289+0000] {logging_mixin.py:190} INFO - [2025-07-26T09:42:12.288+0000] {dagbag.py:588} INFO - Filling up the DagBag from /opt/airflow/dags/etl_dag.py
[2025-07-26T09:42:12.345+0000] {processor.py:925} INFO - DAG(s) 'etl_postgres2' retrieved from /opt/airflow/dags/etl_dag.py
[2025-07-26T09:42:12.553+0000] {logging_mixin.py:190} INFO - [2025-07-26T09:42:12.552+0000] {override.py:1911} INFO - Created Permission View: can read on DAG:etl_postgres2
[2025-07-26T09:42:12.567+0000] {logging_mixin.py:190} INFO - [2025-07-26T09:42:12.566+0000] {override.py:1911} INFO - Created Permission View: can delete on DAG:etl_postgres2
[2025-07-26T09:42:12.606+0000] {logging_mixin.py:190} INFO - [2025-07-26T09:42:12.605+0000] {override.py:1911} INFO - Created Permission View: can edit on DAG:etl_postgres2
[2025-07-26T09:42:12.613+0000] {logging_mixin.py:190} INFO - [2025-07-26T09:42:12.613+0000] {override.py:1911} INFO - Created Permission View: can read on DAG Run:etl_postgres2
[2025-07-26T09:42:12.619+0000] {logging_mixin.py:190} INFO - [2025-07-26T09:42:12.619+0000] {override.py:1911} INFO - Created Permission View: menu access on DAG Run:etl_postgres2
[2025-07-26T09:42:12.626+0000] {logging_mixin.py:190} INFO - [2025-07-26T09:42:12.625+0000] {override.py:1911} INFO - Created Permission View: can create on DAG Run:etl_postgres2
[2025-07-26T09:42:12.632+0000] {logging_mixin.py:190} INFO - [2025-07-26T09:42:12.632+0000] {override.py:1911} INFO - Created Permission View: can delete on DAG Run:etl_postgres2
[2025-07-26T09:42:12.633+0000] {logging_mixin.py:190} INFO - [2025-07-26T09:42:12.632+0000] {dag.py:3239} INFO - Sync 1 DAGs
[2025-07-26T09:42:12.645+0000] {logging_mixin.py:190} INFO - [2025-07-26T09:42:12.645+0000] {dag.py:3262} INFO - Creating ORM DAG for etl_postgres2
[2025-07-26T09:42:12.658+0000] {logging_mixin.py:190} INFO - [2025-07-26T09:42:12.658+0000] {dag.py:4180} INFO - Setting next_dagrun for etl_postgres2 to 2025-07-26 08:00:00+00:00, run_after=2025-07-26 09:00:00+00:00
[2025-07-26T09:42:13.324+0000] {processor.py:208} INFO - Processing /opt/airflow/dags/etl_dag.py took 1.048 seconds
[2025-07-26T09:42:43.616+0000] {processor.py:186} INFO - Started process (PID=203) to work on /opt/airflow/dags/etl_dag.py
[2025-07-26T09:42:43.617+0000] {processor.py:914} INFO - Processing file /opt/airflow/dags/etl_dag.py for tasks to queue
[2025-07-26T09:42:43.621+0000] {logging_mixin.py:190} INFO - [2025-07-26T09:42:43.620+0000] {dagbag.py:588} INFO - Filling up the DagBag from /opt/airflow/dags/etl_dag.py
[2025-07-26T09:42:43.666+0000] {processor.py:925} INFO - DAG(s) 'etl_postgres2' retrieved from /opt/airflow/dags/etl_dag.py
[2025-07-26T09:42:43.705+0000] {logging_mixin.py:190} INFO - [2025-07-26T09:42:43.705+0000] {dag.py:3239} INFO - Sync 1 DAGs
[2025-07-26T09:42:43.734+0000] {logging_mixin.py:190} INFO - [2025-07-26T09:42:43.733+0000] {dag.py:4180} INFO - Setting next_dagrun for etl_postgres2 to 2025-07-26 08:00:00+00:00, run_after=2025-07-26 09:00:00+00:00
[2025-07-26T09:42:43.770+0000] {processor.py:208} INFO - Processing /opt/airflow/dags/etl_dag.py took 0.160 seconds
[2025-07-26T09:43:14.072+0000] {processor.py:186} INFO - Started process (PID=226) to work on /opt/airflow/dags/etl_dag.py
[2025-07-26T09:43:14.073+0000] {processor.py:914} INFO - Processing file /opt/airflow/dags/etl_dag.py for tasks to queue
[2025-07-26T09:43:14.076+0000] {logging_mixin.py:190} INFO - [2025-07-26T09:43:14.076+0000] {dagbag.py:588} INFO - Filling up the DagBag from /opt/airflow/dags/etl_dag.py
[2025-07-26T09:43:14.117+0000] {processor.py:925} INFO - DAG(s) 'etl_postgres2' retrieved from /opt/airflow/dags/etl_dag.py
[2025-07-26T09:43:14.151+0000] {logging_mixin.py:190} INFO - [2025-07-26T09:43:14.150+0000] {dag.py:3239} INFO - Sync 1 DAGs
[2025-07-26T09:43:14.178+0000] {logging_mixin.py:190} INFO - [2025-07-26T09:43:14.178+0000] {dag.py:4180} INFO - Setting next_dagrun for etl_postgres2 to 2025-07-26 08:00:00+00:00, run_after=2025-07-26 09:00:00+00:00
[2025-07-26T09:43:14.200+0000] {processor.py:208} INFO - Processing /opt/airflow/dags/etl_dag.py took 0.135 seconds
[2025-07-26T09:43:44.656+0000] {processor.py:186} INFO - Started process (PID=249) to work on /opt/airflow/dags/etl_dag.py
[2025-07-26T09:43:44.658+0000] {processor.py:914} INFO - Processing file /opt/airflow/dags/etl_dag.py for tasks to queue
[2025-07-26T09:43:44.663+0000] {logging_mixin.py:190} INFO - [2025-07-26T09:43:44.662+0000] {dagbag.py:588} INFO - Filling up the DagBag from /opt/airflow/dags/etl_dag.py
[2025-07-26T09:43:44.732+0000] {processor.py:925} INFO - DAG(s) 'etl_postgres2' retrieved from /opt/airflow/dags/etl_dag.py
[2025-07-26T09:43:44.812+0000] {logging_mixin.py:190} INFO - [2025-07-26T09:43:44.811+0000] {dag.py:3239} INFO - Sync 1 DAGs
[2025-07-26T09:43:45.192+0000] {logging_mixin.py:190} INFO - [2025-07-26T09:43:45.192+0000] {dag.py:4180} INFO - Setting next_dagrun for etl_postgres2 to 2025-07-26 08:00:00+00:00, run_after=2025-07-26 09:00:00+00:00
[2025-07-26T09:43:45.220+0000] {processor.py:208} INFO - Processing /opt/airflow/dags/etl_dag.py took 0.575 seconds
[2025-07-26T09:44:15.819+0000] {processor.py:186} INFO - Started process (PID=296) to work on /opt/airflow/dags/etl_dag.py
[2025-07-26T09:44:15.821+0000] {processor.py:914} INFO - Processing file /opt/airflow/dags/etl_dag.py for tasks to queue
[2025-07-26T09:44:15.826+0000] {logging_mixin.py:190} INFO - [2025-07-26T09:44:15.825+0000] {dagbag.py:588} INFO - Filling up the DagBag from /opt/airflow/dags/etl_dag.py
[2025-07-26T09:44:15.882+0000] {processor.py:925} INFO - DAG(s) 'etl_postgres2' retrieved from /opt/airflow/dags/etl_dag.py
[2025-07-26T09:44:16.190+0000] {logging_mixin.py:190} INFO - [2025-07-26T09:44:16.189+0000] {dag.py:3239} INFO - Sync 1 DAGs
[2025-07-26T09:44:16.237+0000] {logging_mixin.py:190} INFO - [2025-07-26T09:44:16.236+0000] {dag.py:4180} INFO - Setting next_dagrun for etl_postgres2 to 2025-07-26 08:00:00+00:00, run_after=2025-07-26 09:00:00+00:00
[2025-07-26T09:44:16.271+0000] {processor.py:208} INFO - Processing /opt/airflow/dags/etl_dag.py took 0.461 seconds
[2025-07-26T09:44:47.003+0000] {processor.py:186} INFO - Started process (PID=319) to work on /opt/airflow/dags/etl_dag.py
[2025-07-26T09:44:47.006+0000] {processor.py:914} INFO - Processing file /opt/airflow/dags/etl_dag.py for tasks to queue
[2025-07-26T09:44:47.014+0000] {logging_mixin.py:190} INFO - [2025-07-26T09:44:47.013+0000] {dagbag.py:588} INFO - Filling up the DagBag from /opt/airflow/dags/etl_dag.py
[2025-07-26T09:44:47.097+0000] {processor.py:925} INFO - DAG(s) 'etl_postgres2' retrieved from /opt/airflow/dags/etl_dag.py
[2025-07-26T09:44:47.156+0000] {logging_mixin.py:190} INFO - [2025-07-26T09:44:47.156+0000] {dag.py:3239} INFO - Sync 1 DAGs
[2025-07-26T09:44:47.191+0000] {logging_mixin.py:190} INFO - [2025-07-26T09:44:47.191+0000] {dag.py:4180} INFO - Setting next_dagrun for etl_postgres2 to 2025-07-26 08:00:00+00:00, run_after=2025-07-26 09:00:00+00:00
[2025-07-26T09:44:47.215+0000] {processor.py:208} INFO - Processing /opt/airflow/dags/etl_dag.py took 0.227 seconds
[2025-07-26T09:45:17.609+0000] {processor.py:186} INFO - Started process (PID=341) to work on /opt/airflow/dags/etl_dag.py
[2025-07-26T09:45:17.611+0000] {processor.py:914} INFO - Processing file /opt/airflow/dags/etl_dag.py for tasks to queue
[2025-07-26T09:45:17.616+0000] {logging_mixin.py:190} INFO - [2025-07-26T09:45:17.616+0000] {dagbag.py:588} INFO - Filling up the DagBag from /opt/airflow/dags/etl_dag.py
[2025-07-26T09:45:17.704+0000] {processor.py:925} INFO - DAG(s) 'etl_postgres2' retrieved from /opt/airflow/dags/etl_dag.py
[2025-07-26T09:45:17.777+0000] {logging_mixin.py:190} INFO - [2025-07-26T09:45:17.777+0000] {dag.py:3239} INFO - Sync 1 DAGs
[2025-07-26T09:45:17.834+0000] {logging_mixin.py:190} INFO - [2025-07-26T09:45:17.833+0000] {dag.py:4180} INFO - Setting next_dagrun for etl_postgres2 to 2025-07-26 08:00:00+00:00, run_after=2025-07-26 09:00:00+00:00
[2025-07-26T09:45:17.874+0000] {processor.py:208} INFO - Processing /opt/airflow/dags/etl_dag.py took 0.276 seconds
[2025-07-26T09:45:48.343+0000] {processor.py:186} INFO - Started process (PID=357) to work on /opt/airflow/dags/etl_dag.py
[2025-07-26T09:45:48.345+0000] {processor.py:914} INFO - Processing file /opt/airflow/dags/etl_dag.py for tasks to queue
[2025-07-26T09:45:48.350+0000] {logging_mixin.py:190} INFO - [2025-07-26T09:45:48.349+0000] {dagbag.py:588} INFO - Filling up the DagBag from /opt/airflow/dags/etl_dag.py
[2025-07-26T09:45:48.418+0000] {processor.py:925} INFO - DAG(s) 'etl_postgres2' retrieved from /opt/airflow/dags/etl_dag.py
[2025-07-26T09:45:48.486+0000] {logging_mixin.py:190} INFO - [2025-07-26T09:45:48.486+0000] {dag.py:3239} INFO - Sync 1 DAGs
[2025-07-26T09:45:48.555+0000] {logging_mixin.py:190} INFO - [2025-07-26T09:45:48.555+0000] {dag.py:4180} INFO - Setting next_dagrun for etl_postgres2 to 2025-07-26 08:00:00+00:00, run_after=2025-07-26 09:00:00+00:00
[2025-07-26T09:45:48.601+0000] {processor.py:208} INFO - Processing /opt/airflow/dags/etl_dag.py took 0.267 seconds
[2025-07-26T09:46:19.099+0000] {processor.py:186} INFO - Started process (PID=380) to work on /opt/airflow/dags/etl_dag.py
[2025-07-26T09:46:19.101+0000] {processor.py:914} INFO - Processing file /opt/airflow/dags/etl_dag.py for tasks to queue
[2025-07-26T09:46:19.108+0000] {logging_mixin.py:190} INFO - [2025-07-26T09:46:19.107+0000] {dagbag.py:588} INFO - Filling up the DagBag from /opt/airflow/dags/etl_dag.py
[2025-07-26T09:46:19.159+0000] {processor.py:925} INFO - DAG(s) 'etl_postgres2' retrieved from /opt/airflow/dags/etl_dag.py
[2025-07-26T09:46:19.212+0000] {logging_mixin.py:190} INFO - [2025-07-26T09:46:19.211+0000] {dag.py:3239} INFO - Sync 1 DAGs
[2025-07-26T09:46:19.273+0000] {logging_mixin.py:190} INFO - [2025-07-26T09:46:19.272+0000] {dag.py:4180} INFO - Setting next_dagrun for etl_postgres2 to 2025-07-26 08:00:00+00:00, run_after=2025-07-26 09:00:00+00:00
[2025-07-26T09:46:19.320+0000] {processor.py:208} INFO - Processing /opt/airflow/dags/etl_dag.py took 0.235 seconds
[2025-07-26T09:46:49.741+0000] {processor.py:186} INFO - Started process (PID=403) to work on /opt/airflow/dags/etl_dag.py
[2025-07-26T09:46:49.743+0000] {processor.py:914} INFO - Processing file /opt/airflow/dags/etl_dag.py for tasks to queue
[2025-07-26T09:46:49.746+0000] {logging_mixin.py:190} INFO - [2025-07-26T09:46:49.745+0000] {dagbag.py:588} INFO - Filling up the DagBag from /opt/airflow/dags/etl_dag.py
[2025-07-26T09:46:49.793+0000] {processor.py:925} INFO - DAG(s) 'etl_postgres2' retrieved from /opt/airflow/dags/etl_dag.py
[2025-07-26T09:46:49.848+0000] {logging_mixin.py:190} INFO - [2025-07-26T09:46:49.848+0000] {dag.py:3239} INFO - Sync 1 DAGs
[2025-07-26T09:46:49.913+0000] {logging_mixin.py:190} INFO - [2025-07-26T09:46:49.912+0000] {dag.py:4180} INFO - Setting next_dagrun for etl_postgres2 to 2025-07-26 08:00:00+00:00, run_after=2025-07-26 09:00:00+00:00
[2025-07-26T09:46:49.948+0000] {processor.py:208} INFO - Processing /opt/airflow/dags/etl_dag.py took 0.215 seconds
[2025-07-26T09:47:20.491+0000] {processor.py:186} INFO - Started process (PID=426) to work on /opt/airflow/dags/etl_dag.py
[2025-07-26T09:47:20.493+0000] {processor.py:914} INFO - Processing file /opt/airflow/dags/etl_dag.py for tasks to queue
[2025-07-26T09:47:20.497+0000] {logging_mixin.py:190} INFO - [2025-07-26T09:47:20.497+0000] {dagbag.py:588} INFO - Filling up the DagBag from /opt/airflow/dags/etl_dag.py
[2025-07-26T09:47:20.555+0000] {processor.py:925} INFO - DAG(s) 'etl_postgres2' retrieved from /opt/airflow/dags/etl_dag.py
[2025-07-26T09:47:20.611+0000] {logging_mixin.py:190} INFO - [2025-07-26T09:47:20.611+0000] {dag.py:3239} INFO - Sync 1 DAGs
[2025-07-26T09:47:20.666+0000] {logging_mixin.py:190} INFO - [2025-07-26T09:47:20.666+0000] {dag.py:4180} INFO - Setting next_dagrun for etl_postgres2 to 2025-07-26 08:00:00+00:00, run_after=2025-07-26 09:00:00+00:00
[2025-07-26T09:47:20.701+0000] {processor.py:208} INFO - Processing /opt/airflow/dags/etl_dag.py took 0.220 seconds
[2025-07-26T09:47:49.846+0000] {processor.py:186} INFO - Started process (PID=451) to work on /opt/airflow/dags/etl_dag.py
[2025-07-26T09:47:49.848+0000] {processor.py:914} INFO - Processing file /opt/airflow/dags/etl_dag.py for tasks to queue
[2025-07-26T09:47:49.853+0000] {logging_mixin.py:190} INFO - [2025-07-26T09:47:49.852+0000] {dagbag.py:588} INFO - Filling up the DagBag from /opt/airflow/dags/etl_dag.py
[2025-07-26T09:47:49.943+0000] {processor.py:925} INFO - DAG(s) 'etl_postgres_test' retrieved from /opt/airflow/dags/etl_dag.py
[2025-07-26T09:47:50.203+0000] {logging_mixin.py:190} INFO - [2025-07-26T09:47:50.203+0000] {dag.py:3239} INFO - Sync 1 DAGs
[2025-07-26T09:47:50.252+0000] {logging_mixin.py:190} INFO - [2025-07-26T09:47:50.251+0000] {dag.py:4180} INFO - Setting next_dagrun for etl_postgres_test to 2025-07-26 09:00:00+00:00, run_after=2025-07-26 10:00:00+00:00
[2025-07-26T09:47:50.306+0000] {processor.py:208} INFO - Processing /opt/airflow/dags/etl_dag.py took 0.471 seconds
[2025-07-26T09:48:20.883+0000] {processor.py:186} INFO - Started process (PID=479) to work on /opt/airflow/dags/etl_dag.py
[2025-07-26T09:48:20.885+0000] {processor.py:914} INFO - Processing file /opt/airflow/dags/etl_dag.py for tasks to queue
[2025-07-26T09:48:20.890+0000] {logging_mixin.py:190} INFO - [2025-07-26T09:48:20.889+0000] {dagbag.py:588} INFO - Filling up the DagBag from /opt/airflow/dags/etl_dag.py
[2025-07-26T09:48:20.961+0000] {processor.py:925} INFO - DAG(s) 'etl_postgres_test' retrieved from /opt/airflow/dags/etl_dag.py
[2025-07-26T09:48:21.056+0000] {logging_mixin.py:190} INFO - [2025-07-26T09:48:21.055+0000] {dag.py:3239} INFO - Sync 1 DAGs
[2025-07-26T09:48:21.146+0000] {logging_mixin.py:190} INFO - [2025-07-26T09:48:21.145+0000] {dag.py:4180} INFO - Setting next_dagrun for etl_postgres_test to 2025-07-26 09:00:00+00:00, run_after=2025-07-26 10:00:00+00:00
[2025-07-26T09:48:21.192+0000] {processor.py:208} INFO - Processing /opt/airflow/dags/etl_dag.py took 0.323 seconds
[2025-07-26T09:48:51.403+0000] {processor.py:186} INFO - Started process (PID=526) to work on /opt/airflow/dags/etl_dag.py
[2025-07-26T09:48:51.405+0000] {processor.py:914} INFO - Processing file /opt/airflow/dags/etl_dag.py for tasks to queue
[2025-07-26T09:48:51.412+0000] {logging_mixin.py:190} INFO - [2025-07-26T09:48:51.410+0000] {dagbag.py:588} INFO - Filling up the DagBag from /opt/airflow/dags/etl_dag.py
[2025-07-26T09:48:51.483+0000] {processor.py:925} INFO - DAG(s) 'etl_postgres_test' retrieved from /opt/airflow/dags/etl_dag.py
[2025-07-26T09:48:51.557+0000] {logging_mixin.py:190} INFO - [2025-07-26T09:48:51.556+0000] {dag.py:3239} INFO - Sync 1 DAGs
[2025-07-26T09:48:51.607+0000] {logging_mixin.py:190} INFO - [2025-07-26T09:48:51.607+0000] {dag.py:4180} INFO - Setting next_dagrun for etl_postgres_test to 2025-07-26 09:00:00+00:00, run_after=2025-07-26 10:00:00+00:00
[2025-07-26T09:48:51.635+0000] {processor.py:208} INFO - Processing /opt/airflow/dags/etl_dag.py took 0.249 seconds
[2025-07-26T09:49:21.791+0000] {processor.py:186} INFO - Started process (PID=549) to work on /opt/airflow/dags/etl_dag.py
[2025-07-26T09:49:21.794+0000] {processor.py:914} INFO - Processing file /opt/airflow/dags/etl_dag.py for tasks to queue
[2025-07-26T09:49:21.798+0000] {logging_mixin.py:190} INFO - [2025-07-26T09:49:21.797+0000] {dagbag.py:588} INFO - Filling up the DagBag from /opt/airflow/dags/etl_dag.py
[2025-07-26T09:49:21.863+0000] {processor.py:925} INFO - DAG(s) 'etl_postgres_test' retrieved from /opt/airflow/dags/etl_dag.py
[2025-07-26T09:49:21.930+0000] {logging_mixin.py:190} INFO - [2025-07-26T09:49:21.929+0000] {dag.py:3239} INFO - Sync 1 DAGs
[2025-07-26T09:49:21.984+0000] {logging_mixin.py:190} INFO - [2025-07-26T09:49:21.984+0000] {dag.py:4180} INFO - Setting next_dagrun for etl_postgres_test to 2025-07-26 09:00:00+00:00, run_after=2025-07-26 10:00:00+00:00
[2025-07-26T09:49:22.024+0000] {processor.py:208} INFO - Processing /opt/airflow/dags/etl_dag.py took 0.247 seconds
[2025-07-26T09:49:52.483+0000] {processor.py:186} INFO - Started process (PID=572) to work on /opt/airflow/dags/etl_dag.py
[2025-07-26T09:49:52.487+0000] {processor.py:914} INFO - Processing file /opt/airflow/dags/etl_dag.py for tasks to queue
[2025-07-26T09:49:52.491+0000] {logging_mixin.py:190} INFO - [2025-07-26T09:49:52.490+0000] {dagbag.py:588} INFO - Filling up the DagBag from /opt/airflow/dags/etl_dag.py
[2025-07-26T09:49:52.557+0000] {processor.py:925} INFO - DAG(s) 'etl_postgres_test' retrieved from /opt/airflow/dags/etl_dag.py
[2025-07-26T09:49:52.613+0000] {logging_mixin.py:190} INFO - [2025-07-26T09:49:52.613+0000] {dag.py:3239} INFO - Sync 1 DAGs
[2025-07-26T09:49:52.672+0000] {logging_mixin.py:190} INFO - [2025-07-26T09:49:52.671+0000] {dag.py:4180} INFO - Setting next_dagrun for etl_postgres_test to 2025-07-26 09:00:00+00:00, run_after=2025-07-26 10:00:00+00:00
[2025-07-26T09:49:52.715+0000] {processor.py:208} INFO - Processing /opt/airflow/dags/etl_dag.py took 0.248 seconds
[2025-07-26T09:50:23.018+0000] {processor.py:186} INFO - Started process (PID=594) to work on /opt/airflow/dags/etl_dag.py
[2025-07-26T09:50:23.020+0000] {processor.py:914} INFO - Processing file /opt/airflow/dags/etl_dag.py for tasks to queue
[2025-07-26T09:50:23.023+0000] {logging_mixin.py:190} INFO - [2025-07-26T09:50:23.022+0000] {dagbag.py:588} INFO - Filling up the DagBag from /opt/airflow/dags/etl_dag.py
[2025-07-26T09:50:23.066+0000] {processor.py:925} INFO - DAG(s) 'etl_postgres_test' retrieved from /opt/airflow/dags/etl_dag.py
[2025-07-26T09:50:23.127+0000] {logging_mixin.py:190} INFO - [2025-07-26T09:50:23.126+0000] {dag.py:3239} INFO - Sync 1 DAGs
[2025-07-26T09:50:23.200+0000] {logging_mixin.py:190} INFO - [2025-07-26T09:50:23.199+0000] {dag.py:4180} INFO - Setting next_dagrun for etl_postgres_test to 2025-07-26 09:00:00+00:00, run_after=2025-07-26 10:00:00+00:00
[2025-07-26T09:50:23.246+0000] {processor.py:208} INFO - Processing /opt/airflow/dags/etl_dag.py took 0.239 seconds
[2025-07-26T09:50:53.552+0000] {processor.py:186} INFO - Started process (PID=610) to work on /opt/airflow/dags/etl_dag.py
[2025-07-26T09:50:53.555+0000] {processor.py:914} INFO - Processing file /opt/airflow/dags/etl_dag.py for tasks to queue
[2025-07-26T09:50:53.559+0000] {logging_mixin.py:190} INFO - [2025-07-26T09:50:53.558+0000] {dagbag.py:588} INFO - Filling up the DagBag from /opt/airflow/dags/etl_dag.py
[2025-07-26T09:50:53.634+0000] {processor.py:925} INFO - DAG(s) 'etl_postgres_test' retrieved from /opt/airflow/dags/etl_dag.py
[2025-07-26T09:50:53.710+0000] {logging_mixin.py:190} INFO - [2025-07-26T09:50:53.710+0000] {dag.py:3239} INFO - Sync 1 DAGs
[2025-07-26T09:50:53.767+0000] {logging_mixin.py:190} INFO - [2025-07-26T09:50:53.766+0000] {dag.py:4180} INFO - Setting next_dagrun for etl_postgres_test to 2025-07-26 09:00:00+00:00, run_after=2025-07-26 10:00:00+00:00
[2025-07-26T09:50:53.805+0000] {processor.py:208} INFO - Processing /opt/airflow/dags/etl_dag.py took 0.269 seconds
[2025-07-26T09:51:24.200+0000] {processor.py:186} INFO - Started process (PID=633) to work on /opt/airflow/dags/etl_dag.py
[2025-07-26T09:51:24.202+0000] {processor.py:914} INFO - Processing file /opt/airflow/dags/etl_dag.py for tasks to queue
[2025-07-26T09:51:24.204+0000] {logging_mixin.py:190} INFO - [2025-07-26T09:51:24.204+0000] {dagbag.py:588} INFO - Filling up the DagBag from /opt/airflow/dags/etl_dag.py
[2025-07-26T09:51:24.242+0000] {processor.py:925} INFO - DAG(s) 'etl_postgres_test' retrieved from /opt/airflow/dags/etl_dag.py
[2025-07-26T09:51:24.315+0000] {logging_mixin.py:190} INFO - [2025-07-26T09:51:24.314+0000] {dag.py:3239} INFO - Sync 1 DAGs
[2025-07-26T09:51:24.372+0000] {logging_mixin.py:190} INFO - [2025-07-26T09:51:24.372+0000] {dag.py:4180} INFO - Setting next_dagrun for etl_postgres_test to 2025-07-26 09:00:00+00:00, run_after=2025-07-26 10:00:00+00:00
[2025-07-26T09:51:24.403+0000] {processor.py:208} INFO - Processing /opt/airflow/dags/etl_dag.py took 0.210 seconds
[2025-07-26T09:51:55.063+0000] {processor.py:186} INFO - Started process (PID=670) to work on /opt/airflow/dags/etl_dag.py
[2025-07-26T09:51:55.066+0000] {processor.py:914} INFO - Processing file /opt/airflow/dags/etl_dag.py for tasks to queue
[2025-07-26T09:51:55.070+0000] {logging_mixin.py:190} INFO - [2025-07-26T09:51:55.069+0000] {dagbag.py:588} INFO - Filling up the DagBag from /opt/airflow/dags/etl_dag.py
[2025-07-26T09:51:55.162+0000] {processor.py:925} INFO - DAG(s) 'etl_postgres_test' retrieved from /opt/airflow/dags/etl_dag.py
[2025-07-26T09:51:55.194+0000] {logging_mixin.py:190} INFO - [2025-07-26T09:51:55.193+0000] {dag.py:3239} INFO - Sync 1 DAGs
[2025-07-26T09:51:55.258+0000] {logging_mixin.py:190} INFO - [2025-07-26T09:51:55.257+0000] {dag.py:4180} INFO - Setting next_dagrun for etl_postgres_test to 2025-07-26 09:00:00+00:00, run_after=2025-07-26 10:00:00+00:00
[2025-07-26T09:51:55.295+0000] {processor.py:208} INFO - Processing /opt/airflow/dags/etl_dag.py took 0.251 seconds
[2025-07-26T09:52:25.819+0000] {processor.py:186} INFO - Started process (PID=705) to work on /opt/airflow/dags/etl_dag.py
[2025-07-26T09:52:25.821+0000] {processor.py:914} INFO - Processing file /opt/airflow/dags/etl_dag.py for tasks to queue
[2025-07-26T09:52:25.824+0000] {logging_mixin.py:190} INFO - [2025-07-26T09:52:25.823+0000] {dagbag.py:588} INFO - Filling up the DagBag from /opt/airflow/dags/etl_dag.py
[2025-07-26T09:52:25.865+0000] {processor.py:925} INFO - DAG(s) 'etl_postgres_test' retrieved from /opt/airflow/dags/etl_dag.py
[2025-07-26T09:52:26.061+0000] {logging_mixin.py:190} INFO - [2025-07-26T09:52:26.061+0000] {dag.py:3239} INFO - Sync 1 DAGs
[2025-07-26T09:52:26.096+0000] {logging_mixin.py:190} INFO - [2025-07-26T09:52:26.095+0000] {dag.py:4180} INFO - Setting next_dagrun for etl_postgres_test to 2025-07-26 09:00:00+00:00, run_after=2025-07-26 10:00:00+00:00
[2025-07-26T09:52:26.131+0000] {processor.py:208} INFO - Processing /opt/airflow/dags/etl_dag.py took 0.322 seconds
[2025-07-26T09:52:56.364+0000] {processor.py:186} INFO - Started process (PID=728) to work on /opt/airflow/dags/etl_dag.py
[2025-07-26T09:52:56.366+0000] {processor.py:914} INFO - Processing file /opt/airflow/dags/etl_dag.py for tasks to queue
[2025-07-26T09:52:56.369+0000] {logging_mixin.py:190} INFO - [2025-07-26T09:52:56.369+0000] {dagbag.py:588} INFO - Filling up the DagBag from /opt/airflow/dags/etl_dag.py
[2025-07-26T09:52:56.424+0000] {processor.py:925} INFO - DAG(s) 'etl_postgres_test' retrieved from /opt/airflow/dags/etl_dag.py
[2025-07-26T09:52:56.480+0000] {logging_mixin.py:190} INFO - [2025-07-26T09:52:56.480+0000] {dag.py:3239} INFO - Sync 1 DAGs
[2025-07-26T09:52:56.537+0000] {logging_mixin.py:190} INFO - [2025-07-26T09:52:56.536+0000] {dag.py:4180} INFO - Setting next_dagrun for etl_postgres_test to 2025-07-26 09:00:00+00:00, run_after=2025-07-26 10:00:00+00:00
[2025-07-26T09:52:56.565+0000] {processor.py:208} INFO - Processing /opt/airflow/dags/etl_dag.py took 0.212 seconds
[2025-07-26T09:53:26.745+0000] {processor.py:186} INFO - Started process (PID=751) to work on /opt/airflow/dags/etl_dag.py
[2025-07-26T09:53:26.747+0000] {processor.py:914} INFO - Processing file /opt/airflow/dags/etl_dag.py for tasks to queue
[2025-07-26T09:53:26.749+0000] {logging_mixin.py:190} INFO - [2025-07-26T09:53:26.749+0000] {dagbag.py:588} INFO - Filling up the DagBag from /opt/airflow/dags/etl_dag.py
[2025-07-26T09:53:26.793+0000] {processor.py:925} INFO - DAG(s) 'etl_postgres_test' retrieved from /opt/airflow/dags/etl_dag.py
[2025-07-26T09:53:26.871+0000] {logging_mixin.py:190} INFO - [2025-07-26T09:53:26.870+0000] {dag.py:3239} INFO - Sync 1 DAGs
[2025-07-26T09:53:26.926+0000] {logging_mixin.py:190} INFO - [2025-07-26T09:53:26.926+0000] {dag.py:4180} INFO - Setting next_dagrun for etl_postgres_test to 2025-07-26 09:00:00+00:00, run_after=2025-07-26 10:00:00+00:00
[2025-07-26T09:53:26.959+0000] {processor.py:208} INFO - Processing /opt/airflow/dags/etl_dag.py took 0.224 seconds
[2025-07-26T09:53:57.500+0000] {processor.py:186} INFO - Started process (PID=798) to work on /opt/airflow/dags/etl_dag.py
[2025-07-26T09:53:57.502+0000] {processor.py:914} INFO - Processing file /opt/airflow/dags/etl_dag.py for tasks to queue
[2025-07-26T09:53:57.505+0000] {logging_mixin.py:190} INFO - [2025-07-26T09:53:57.505+0000] {dagbag.py:588} INFO - Filling up the DagBag from /opt/airflow/dags/etl_dag.py
[2025-07-26T09:53:57.551+0000] {processor.py:925} INFO - DAG(s) 'etl_postgres_test' retrieved from /opt/airflow/dags/etl_dag.py
[2025-07-26T09:53:57.600+0000] {logging_mixin.py:190} INFO - [2025-07-26T09:53:57.599+0000] {dag.py:3239} INFO - Sync 1 DAGs
[2025-07-26T09:53:57.645+0000] {logging_mixin.py:190} INFO - [2025-07-26T09:53:57.645+0000] {dag.py:4180} INFO - Setting next_dagrun for etl_postgres_test to 2025-07-26 09:00:00+00:00, run_after=2025-07-26 10:00:00+00:00
[2025-07-26T09:53:57.682+0000] {processor.py:208} INFO - Processing /opt/airflow/dags/etl_dag.py took 0.196 seconds
[2025-07-26T09:54:27.981+0000] {processor.py:186} INFO - Started process (PID=821) to work on /opt/airflow/dags/etl_dag.py
[2025-07-26T09:54:27.983+0000] {processor.py:914} INFO - Processing file /opt/airflow/dags/etl_dag.py for tasks to queue
[2025-07-26T09:54:27.985+0000] {logging_mixin.py:190} INFO - [2025-07-26T09:54:27.985+0000] {dagbag.py:588} INFO - Filling up the DagBag from /opt/airflow/dags/etl_dag.py
[2025-07-26T09:54:28.021+0000] {processor.py:925} INFO - DAG(s) 'etl_postgres_test' retrieved from /opt/airflow/dags/etl_dag.py
[2025-07-26T09:54:28.075+0000] {logging_mixin.py:190} INFO - [2025-07-26T09:54:28.075+0000] {dag.py:3239} INFO - Sync 1 DAGs
[2025-07-26T09:54:28.123+0000] {logging_mixin.py:190} INFO - [2025-07-26T09:54:28.123+0000] {dag.py:4180} INFO - Setting next_dagrun for etl_postgres_test to 2025-07-26 09:00:00+00:00, run_after=2025-07-26 10:00:00+00:00
[2025-07-26T09:54:28.159+0000] {processor.py:208} INFO - Processing /opt/airflow/dags/etl_dag.py took 0.187 seconds
[2025-07-26T09:54:58.786+0000] {processor.py:186} INFO - Started process (PID=852) to work on /opt/airflow/dags/etl_dag.py
[2025-07-26T09:54:58.788+0000] {processor.py:914} INFO - Processing file /opt/airflow/dags/etl_dag.py for tasks to queue
[2025-07-26T09:54:58.792+0000] {logging_mixin.py:190} INFO - [2025-07-26T09:54:58.791+0000] {dagbag.py:588} INFO - Filling up the DagBag from /opt/airflow/dags/etl_dag.py
[2025-07-26T09:54:58.846+0000] {processor.py:925} INFO - DAG(s) 'etl_postgres_test' retrieved from /opt/airflow/dags/etl_dag.py
[2025-07-26T09:54:58.870+0000] {logging_mixin.py:190} INFO - [2025-07-26T09:54:58.870+0000] {dag.py:3239} INFO - Sync 1 DAGs
[2025-07-26T09:54:58.930+0000] {logging_mixin.py:190} INFO - [2025-07-26T09:54:58.930+0000] {dag.py:4180} INFO - Setting next_dagrun for etl_postgres_test to 2025-07-26 09:00:00+00:00, run_after=2025-07-26 10:00:00+00:00
[2025-07-26T09:54:58.974+0000] {processor.py:208} INFO - Processing /opt/airflow/dags/etl_dag.py took 0.202 seconds
[2025-07-26T09:55:29.464+0000] {processor.py:186} INFO - Started process (PID=899) to work on /opt/airflow/dags/etl_dag.py
[2025-07-26T09:55:29.466+0000] {processor.py:914} INFO - Processing file /opt/airflow/dags/etl_dag.py for tasks to queue
[2025-07-26T09:55:29.468+0000] {logging_mixin.py:190} INFO - [2025-07-26T09:55:29.468+0000] {dagbag.py:588} INFO - Filling up the DagBag from /opt/airflow/dags/etl_dag.py
[2025-07-26T09:55:29.495+0000] {processor.py:925} INFO - DAG(s) 'etl_postgres_test' retrieved from /opt/airflow/dags/etl_dag.py
[2025-07-26T09:55:29.666+0000] {logging_mixin.py:190} INFO - [2025-07-26T09:55:29.666+0000] {dag.py:3239} INFO - Sync 1 DAGs
[2025-07-26T09:55:29.699+0000] {logging_mixin.py:190} INFO - [2025-07-26T09:55:29.698+0000] {dag.py:4180} INFO - Setting next_dagrun for etl_postgres_test to 2025-07-26 09:00:00+00:00, run_after=2025-07-26 10:00:00+00:00
[2025-07-26T09:55:29.728+0000] {processor.py:208} INFO - Processing /opt/airflow/dags/etl_dag.py took 0.272 seconds
