[2025-07-25T09:55:53.661+0000] {local_task_job_runner.py:123} INFO - ::group::Pre task execution logs
[2025-07-25T09:55:53.697+0000] {taskinstance.py:2613} INFO - Dependencies all met for dep_context=non-requeueable deps ti=<TaskInstance: etl_postgres2.stage_songs manual__2025-07-25T09:55:49.900953+00:00 [queued]>
[2025-07-25T09:55:53.714+0000] {taskinstance.py:2613} INFO - Dependencies all met for dep_context=requeueable deps ti=<TaskInstance: etl_postgres2.stage_songs manual__2025-07-25T09:55:49.900953+00:00 [queued]>
[2025-07-25T09:55:53.715+0000] {taskinstance.py:2866} INFO - Starting attempt 1 of 6
[2025-07-25T09:55:53.733+0000] {taskinstance.py:2889} INFO - Executing <Task(PythonOperator): stage_songs> on 2025-07-25 09:55:49.900953+00:00
[2025-07-25T09:55:53.746+0000] {logging_mixin.py:190} WARNING - /home/***/.local/lib/python3.12/site-packages/***/task/task_runner/standard_task_runner.py:70 DeprecationWarning: This process (pid=438) is multi-threaded, use of fork() may lead to deadlocks in the child.
[2025-07-25T09:55:53.747+0000] {standard_task_runner.py:72} INFO - Started process 441 to run task
[2025-07-25T09:55:53.745+0000] {standard_task_runner.py:104} INFO - Running: ['***', 'tasks', 'run', 'etl_postgres2', 'stage_songs', 'manual__2025-07-25T09:55:49.900953+00:00', '--job-id', '6', '--raw', '--subdir', 'DAGS_FOLDER/etl_dag.py', '--cfg-path', '/tmp/tmpwvr905sg']
[2025-07-25T09:55:53.750+0000] {standard_task_runner.py:105} INFO - Job 6: Subtask stage_songs
[2025-07-25T09:55:53.834+0000] {task_command.py:467} INFO - Running <TaskInstance: etl_postgres2.stage_songs manual__2025-07-25T09:55:49.900953+00:00 [running]> on host 72bd964f8e11
[2025-07-25T09:55:53.909+0000] {taskinstance.py:3132} INFO - Exporting env vars: AIRFLOW_CTX_DAG_OWNER='***' AIRFLOW_CTX_DAG_ID='etl_postgres2' AIRFLOW_CTX_TASK_ID='stage_songs' AIRFLOW_CTX_EXECUTION_DATE='2025-07-25T09:55:49.900953+00:00' AIRFLOW_CTX_TRY_NUMBER='1' AIRFLOW_CTX_DAG_RUN_ID='manual__2025-07-25T09:55:49.900953+00:00'
[2025-07-25T09:55:53.912+0000] {taskinstance.py:731} INFO - ::endgroup::
[2025-07-25T09:55:53.938+0000] {etl_dag.py:58} INFO - Staging songs data
[2025-07-25T09:55:53.941+0000] {etl_dag.py:130} INFO - Staging songs completed: 0 records loaded
[2025-07-25T09:55:53.942+0000] {python.py:240} INFO - Done. Returned value was: None
[2025-07-25T09:55:54.178+0000] {taskinstance.py:340} INFO - ::group::Post task execution logs
[2025-07-25T09:55:54.179+0000] {taskinstance.py:352} INFO - Marking task as SUCCESS. dag_id=etl_postgres2, task_id=stage_songs, run_id=manual__2025-07-25T09:55:49.900953+00:00, execution_date=20250725T095549, start_date=20250725T095553, end_date=20250725T095554
[2025-07-25T09:55:54.205+0000] {local_task_job_runner.py:266} INFO - Task exited with return code 0
[2025-07-25T09:55:54.251+0000] {taskinstance.py:3895} INFO - 1 downstream tasks scheduled from follow-on schedule check
[2025-07-25T09:55:54.255+0000] {local_task_job_runner.py:245} INFO - ::endgroup::
