[2025-07-26T09:10:50.391+0000] {local_task_job_runner.py:123} INFO - ::group::Pre task execution logs
[2025-07-26T09:10:50.461+0000] {taskinstance.py:2613} INFO - Dependencies all met for dep_context=non-requeueable deps ti=<TaskInstance: etl_postgres2.load_time_dim_table scheduled__2025-07-25T10:00:00+00:00 [queued]>
[2025-07-26T09:10:50.502+0000] {taskinstance.py:2613} INFO - Dependencies all met for dep_context=requeueable deps ti=<TaskInstance: etl_postgres2.load_time_dim_table scheduled__2025-07-25T10:00:00+00:00 [queued]>
[2025-07-26T09:10:50.504+0000] {taskinstance.py:2866} INFO - Starting attempt 1 of 6
[2025-07-26T09:10:50.573+0000] {taskinstance.py:2889} INFO - Executing <Task(PythonOperator): load_time_dim_table> on 2025-07-25 10:00:00+00:00
[2025-07-26T09:10:50.614+0000] {standard_task_runner.py:104} INFO - Running: ['***', 'tasks', 'run', 'etl_postgres2', 'load_time_dim_table', 'scheduled__2025-07-25T10:00:00+00:00', '--job-id', '150', '--raw', '--subdir', 'DAGS_FOLDER/etl_dag.py', '--cfg-path', '/tmp/tmp5wi_c_y_']
[2025-07-26T09:10:50.625+0000] {standard_task_runner.py:105} INFO - Job 150: Subtask load_time_dim_table
[2025-07-26T09:10:50.675+0000] {logging_mixin.py:190} WARNING - /home/***/.local/lib/python3.12/site-packages/***/task/task_runner/standard_task_runner.py:70 DeprecationWarning: This process (pid=294) is multi-threaded, use of fork() may lead to deadlocks in the child.
[2025-07-26T09:10:50.677+0000] {standard_task_runner.py:72} INFO - Started process 298 to run task
[2025-07-26T09:10:50.922+0000] {task_command.py:467} INFO - Running <TaskInstance: etl_postgres2.load_time_dim_table scheduled__2025-07-25T10:00:00+00:00 [running]> on host 72bd964f8e11
[2025-07-26T09:10:51.687+0000] {taskinstance.py:3132} INFO - Exporting env vars: AIRFLOW_CTX_DAG_OWNER='***' AIRFLOW_CTX_DAG_ID='etl_postgres2' AIRFLOW_CTX_TASK_ID='load_time_dim_table' AIRFLOW_CTX_EXECUTION_DATE='2025-07-25T10:00:00+00:00' AIRFLOW_CTX_TRY_NUMBER='1' AIRFLOW_CTX_DAG_RUN_ID='scheduled__2025-07-25T10:00:00+00:00'
[2025-07-26T09:10:51.694+0000] {taskinstance.py:731} INFO - ::endgroup::
[2025-07-26T09:10:51.756+0000] {etl_dag.py:436} INFO - Loading time dimension table
[2025-07-26T09:10:51.768+0000] {etl_dag.py:462} INFO - Inserted 0 records into time table
[2025-07-26T09:10:51.769+0000] {etl_dag.py:465} INFO - Time dimension table loaded successfully
[2025-07-26T09:10:51.778+0000] {python.py:240} INFO - Done. Returned value was: None
[2025-07-26T09:10:51.815+0000] {taskinstance.py:340} INFO - ::group::Post task execution logs
[2025-07-26T09:10:51.817+0000] {taskinstance.py:352} INFO - Marking task as SUCCESS. dag_id=etl_postgres2, task_id=load_time_dim_table, run_id=scheduled__2025-07-25T10:00:00+00:00, execution_date=20250725T100000, start_date=20250726T091050, end_date=20250726T091051
[2025-07-26T09:10:51.928+0000] {local_task_job_runner.py:266} INFO - Task exited with return code 0
[2025-07-26T09:10:52.027+0000] {taskinstance.py:3895} INFO - 0 downstream tasks scheduled from follow-on schedule check
[2025-07-26T09:10:52.038+0000] {local_task_job_runner.py:245} INFO - ::endgroup::
