[2025-07-25T09:55:56.687+0000] {local_task_job_runner.py:123} INFO - ::group::Pre task execution logs
[2025-07-25T09:55:56.731+0000] {taskinstance.py:2613} INFO - Dependencies all met for dep_context=non-requeueable deps ti=<TaskInstance: etl_postgres2.load_artist_dim_table manual__2025-07-25T09:55:49.900953+00:00 [queued]>
[2025-07-25T09:55:56.757+0000] {taskinstance.py:2613} INFO - Dependencies all met for dep_context=requeueable deps ti=<TaskInstance: etl_postgres2.load_artist_dim_table manual__2025-07-25T09:55:49.900953+00:00 [queued]>
[2025-07-25T09:55:56.759+0000] {taskinstance.py:2866} INFO - Starting attempt 1 of 6
[2025-07-25T09:55:56.786+0000] {taskinstance.py:2889} INFO - Executing <Task(PythonOperator): load_artist_dim_table> on 2025-07-25 09:55:49.900953+00:00
[2025-07-25T09:55:56.803+0000] {logging_mixin.py:190} WARNING - /home/***/.local/lib/python3.12/site-packages/***/task/task_runner/standard_task_runner.py:70 DeprecationWarning: This process (pid=449) is multi-threaded, use of fork() may lead to deadlocks in the child.
[2025-07-25T09:55:56.807+0000] {standard_task_runner.py:72} INFO - Started process 452 to run task
[2025-07-25T09:55:56.803+0000] {standard_task_runner.py:104} INFO - Running: ['***', 'tasks', 'run', 'etl_postgres2', 'load_artist_dim_table', 'manual__2025-07-25T09:55:49.900953+00:00', '--job-id', '10', '--raw', '--subdir', 'DAGS_FOLDER/etl_dag.py', '--cfg-path', '/tmp/tmpd5pmeks8']
[2025-07-25T09:55:56.812+0000] {standard_task_runner.py:105} INFO - Job 10: Subtask load_artist_dim_table
[2025-07-25T09:55:56.974+0000] {task_command.py:467} INFO - Running <TaskInstance: etl_postgres2.load_artist_dim_table manual__2025-07-25T09:55:49.900953+00:00 [running]> on host 72bd964f8e11
[2025-07-25T09:55:57.164+0000] {taskinstance.py:3132} INFO - Exporting env vars: AIRFLOW_CTX_DAG_OWNER='***' AIRFLOW_CTX_DAG_ID='etl_postgres2' AIRFLOW_CTX_TASK_ID='load_artist_dim_table' AIRFLOW_CTX_EXECUTION_DATE='2025-07-25T09:55:49.900953+00:00' AIRFLOW_CTX_TRY_NUMBER='1' AIRFLOW_CTX_DAG_RUN_ID='manual__2025-07-25T09:55:49.900953+00:00'
[2025-07-25T09:55:57.167+0000] {taskinstance.py:731} INFO - ::endgroup::
[2025-07-25T09:55:57.230+0000] {etl_dag.py:395} INFO - Loading artist dimension table
[2025-07-25T09:55:57.238+0000] {etl_dag.py:414} INFO - Inserted 0 records into artists table
[2025-07-25T09:55:57.239+0000] {etl_dag.py:417} INFO - Artist dimension table loaded successfully
[2025-07-25T09:55:57.241+0000] {python.py:240} INFO - Done. Returned value was: None
[2025-07-25T09:55:57.666+0000] {taskinstance.py:340} INFO - ::group::Post task execution logs
[2025-07-25T09:55:57.667+0000] {taskinstance.py:352} INFO - Marking task as SUCCESS. dag_id=etl_postgres2, task_id=load_artist_dim_table, run_id=manual__2025-07-25T09:55:49.900953+00:00, execution_date=20250725T095549, start_date=20250725T095556, end_date=20250725T095557
[2025-07-25T09:55:57.750+0000] {local_task_job_runner.py:266} INFO - Task exited with return code 0
[2025-07-25T09:55:57.776+0000] {local_task_job_runner.py:245} INFO - ::endgroup::
