[2025-07-22T08:33:09.024+0000] {local_task_job_runner.py:123} INFO - ::group::Pre task execution logs
[2025-07-22T08:33:09.108+0000] {taskinstance.py:2613} INFO - Dependencies all met for dep_context=non-requeueable deps ti=<TaskInstance: etl_postgres.stage_songs manual__2025-07-22T08:28:03.962483+00:00 [queued]>
[2025-07-22T08:33:09.187+0000] {taskinstance.py:2613} INFO - Dependencies all met for dep_context=requeueable deps ti=<TaskInstance: etl_postgres.stage_songs manual__2025-07-22T08:28:03.962483+00:00 [queued]>
[2025-07-22T08:33:09.196+0000] {taskinstance.py:2866} INFO - Starting attempt 2 of 6
[2025-07-22T08:33:09.272+0000] {taskinstance.py:2889} INFO - Executing <Task(PythonOperator): stage_songs> on 2025-07-22 08:28:03.962483+00:00
[2025-07-22T08:33:09.321+0000] {logging_mixin.py:190} WARNING - /home/***/.local/lib/python3.12/site-packages/***/task/task_runner/standard_task_runner.py:70 DeprecationWarning: This process (pid=1167) is multi-threaded, use of fork() may lead to deadlocks in the child.
[2025-07-22T08:33:09.327+0000] {standard_task_runner.py:72} INFO - Started process 1173 to run task
[2025-07-22T08:33:09.325+0000] {standard_task_runner.py:104} INFO - Running: ['***', 'tasks', 'run', 'etl_postgres', 'stage_songs', 'manual__2025-07-22T08:28:03.962483+00:00', '--job-id', '15', '--raw', '--subdir', 'DAGS_FOLDER/etl_dag.py', '--cfg-path', '/tmp/tmphkxxvrtj']
[2025-07-22T08:33:09.341+0000] {standard_task_runner.py:105} INFO - Job 15: Subtask stage_songs
[2025-07-22T08:33:09.693+0000] {task_command.py:467} INFO - Running <TaskInstance: etl_postgres.stage_songs manual__2025-07-22T08:28:03.962483+00:00 [running]> on host 2554a6bf6f10
[2025-07-22T08:33:10.027+0000] {taskinstance.py:3132} INFO - Exporting env vars: AIRFLOW_CTX_DAG_OWNER='***' AIRFLOW_CTX_DAG_ID='etl_postgres' AIRFLOW_CTX_TASK_ID='stage_songs' AIRFLOW_CTX_EXECUTION_DATE='2025-07-22T08:28:03.962483+00:00' AIRFLOW_CTX_TRY_NUMBER='2' AIRFLOW_CTX_DAG_RUN_ID='manual__2025-07-22T08:28:03.962483+00:00'
[2025-07-22T08:33:10.036+0000] {taskinstance.py:731} INFO - ::endgroup::
[2025-07-22T08:33:10.130+0000] {etl_dag.py:126} INFO - Staging songs data
[2025-07-22T08:33:10.135+0000] {etl_dag.py:145} INFO - Songs data staged successfully
[2025-07-22T08:33:10.139+0000] {python.py:240} INFO - Done. Returned value was: None
[2025-07-22T08:33:10.178+0000] {taskinstance.py:340} INFO - ::group::Post task execution logs
[2025-07-22T08:33:10.180+0000] {taskinstance.py:352} INFO - Marking task as SUCCESS. dag_id=etl_postgres, task_id=stage_songs, run_id=manual__2025-07-22T08:28:03.962483+00:00, execution_date=20250722T082803, start_date=20250722T083309, end_date=20250722T083310
[2025-07-22T08:33:10.289+0000] {local_task_job_runner.py:266} INFO - Task exited with return code 0
[2025-07-22T08:33:10.361+0000] {taskinstance.py:3895} INFO - 0 downstream tasks scheduled from follow-on schedule check
[2025-07-22T08:33:10.368+0000] {local_task_job_runner.py:245} INFO - ::endgroup::
