[2025-07-22T08:38:11.740+0000] {local_task_job_runner.py:123} INFO - ::group::Pre task execution logs
[2025-07-22T08:38:11.774+0000] {taskinstance.py:2613} INFO - Dependencies all met for dep_context=non-requeueable deps ti=<TaskInstance: etl_postgres.stage_events manual__2025-07-22T08:28:03.962483+00:00 [queued]>
[2025-07-22T08:38:11.795+0000] {taskinstance.py:2613} INFO - Dependencies all met for dep_context=requeueable deps ti=<TaskInstance: etl_postgres.stage_events manual__2025-07-22T08:28:03.962483+00:00 [queued]>
[2025-07-22T08:38:11.797+0000] {taskinstance.py:2866} INFO - Starting attempt 3 of 6
[2025-07-22T08:38:11.821+0000] {taskinstance.py:2889} INFO - Executing <Task(PythonOperator): stage_events> on 2025-07-22 08:28:03.962483+00:00
[2025-07-22T08:38:11.834+0000] {logging_mixin.py:190} WARNING - /home/***/.local/lib/python3.12/site-packages/***/task/task_runner/standard_task_runner.py:70 DeprecationWarning: This process (pid=1352) is multi-threaded, use of fork() may lead to deadlocks in the child.
[2025-07-22T08:38:11.833+0000] {standard_task_runner.py:104} INFO - Running: ['***', 'tasks', 'run', 'etl_postgres', 'stage_events', 'manual__2025-07-22T08:28:03.962483+00:00', '--job-id', '20', '--raw', '--subdir', 'DAGS_FOLDER/etl_dag.py', '--cfg-path', '/tmp/tmp_904oog1']
[2025-07-22T08:38:11.837+0000] {standard_task_runner.py:72} INFO - Started process 1353 to run task
[2025-07-22T08:38:11.837+0000] {standard_task_runner.py:105} INFO - Job 20: Subtask stage_events
[2025-07-22T08:38:11.929+0000] {task_command.py:467} INFO - Running <TaskInstance: etl_postgres.stage_events manual__2025-07-22T08:28:03.962483+00:00 [running]> on host 2554a6bf6f10
[2025-07-22T08:38:12.061+0000] {taskinstance.py:3132} INFO - Exporting env vars: AIRFLOW_CTX_DAG_OWNER='***' AIRFLOW_CTX_DAG_ID='etl_postgres' AIRFLOW_CTX_TASK_ID='stage_events' AIRFLOW_CTX_EXECUTION_DATE='2025-07-22T08:28:03.962483+00:00' AIRFLOW_CTX_TRY_NUMBER='3' AIRFLOW_CTX_DAG_RUN_ID='manual__2025-07-22T08:28:03.962483+00:00'
[2025-07-22T08:38:12.063+0000] {taskinstance.py:731} INFO - ::endgroup::
[2025-07-22T08:38:12.094+0000] {etl_dag.py:155} INFO - Staging events data
[2025-07-22T08:38:12.096+0000] {etl_dag.py:177} INFO - Events data staged successfully
[2025-07-22T08:38:12.097+0000] {python.py:240} INFO - Done. Returned value was: None
[2025-07-22T08:38:12.111+0000] {taskinstance.py:340} INFO - ::group::Post task execution logs
[2025-07-22T08:38:12.113+0000] {taskinstance.py:352} INFO - Marking task as SUCCESS. dag_id=etl_postgres, task_id=stage_events, run_id=manual__2025-07-22T08:28:03.962483+00:00, execution_date=20250722T082803, start_date=20250722T083811, end_date=20250722T083812
[2025-07-22T08:38:12.176+0000] {local_task_job_runner.py:266} INFO - Task exited with return code 0
[2025-07-22T08:38:12.225+0000] {taskinstance.py:3895} INFO - 1 downstream tasks scheduled from follow-on schedule check
[2025-07-22T08:38:12.229+0000] {local_task_job_runner.py:245} INFO - ::endgroup::
