[2025-07-25T02:00:04.653+0000] {local_task_job_runner.py:123} INFO - ::group::Pre task execution logs
[2025-07-25T02:00:04.694+0000] {taskinstance.py:2613} INFO - Dependencies all met for dep_context=non-requeueable deps ti=<TaskInstance: etl_postgres.stage_events scheduled__2025-07-25T01:00:00+00:00 [queued]>
[2025-07-25T02:00:04.717+0000] {taskinstance.py:2613} INFO - Dependencies all met for dep_context=requeueable deps ti=<TaskInstance: etl_postgres.stage_events scheduled__2025-07-25T01:00:00+00:00 [queued]>
[2025-07-25T02:00:04.725+0000] {taskinstance.py:2866} INFO - Starting attempt 1 of 6
[2025-07-25T02:00:04.750+0000] {taskinstance.py:2889} INFO - Executing <Task(PythonOperator): stage_events> on 2025-07-25 01:00:00+00:00
[2025-07-25T02:00:04.773+0000] {logging_mixin.py:190} WARNING - /home/***/.local/lib/python3.12/site-packages/***/task/task_runner/standard_task_runner.py:70 DeprecationWarning: This process (pid=899) is multi-threaded, use of fork() may lead to deadlocks in the child.
[2025-07-25T02:00:04.766+0000] {standard_task_runner.py:104} INFO - Running: ['***', 'tasks', 'run', 'etl_postgres', 'stage_events', 'scheduled__2025-07-25T01:00:00+00:00', '--job-id', '118', '--raw', '--subdir', 'DAGS_FOLDER/etl_dag.py', '--cfg-path', '/tmp/tmp5prwxxwc']
[2025-07-25T02:00:04.776+0000] {standard_task_runner.py:72} INFO - Started process 901 to run task
[2025-07-25T02:00:04.776+0000] {standard_task_runner.py:105} INFO - Job 118: Subtask stage_events
[2025-07-25T02:00:04.947+0000] {task_command.py:467} INFO - Running <TaskInstance: etl_postgres.stage_events scheduled__2025-07-25T01:00:00+00:00 [running]> on host 0c6a6447a272
[2025-07-25T02:00:05.431+0000] {taskinstance.py:3132} INFO - Exporting env vars: AIRFLOW_CTX_DAG_OWNER='***' AIRFLOW_CTX_DAG_ID='etl_postgres' AIRFLOW_CTX_TASK_ID='stage_events' AIRFLOW_CTX_EXECUTION_DATE='2025-07-25T01:00:00+00:00' AIRFLOW_CTX_TRY_NUMBER='1' AIRFLOW_CTX_DAG_RUN_ID='scheduled__2025-07-25T01:00:00+00:00'
[2025-07-25T02:00:05.433+0000] {taskinstance.py:731} INFO - ::endgroup::
[2025-07-25T02:00:05.468+0000] {etl_dag.py:166} INFO - Staging events data
[2025-07-25T02:00:05.469+0000] {etl_dag.py:191} INFO - loaded event files successfully
[2025-07-25T02:00:05.470+0000] {python.py:240} INFO - Done. Returned value was: None
[2025-07-25T02:00:05.490+0000] {taskinstance.py:340} INFO - ::group::Post task execution logs
[2025-07-25T02:00:05.492+0000] {taskinstance.py:352} INFO - Marking task as SUCCESS. dag_id=etl_postgres, task_id=stage_events, run_id=scheduled__2025-07-25T01:00:00+00:00, execution_date=20250725T010000, start_date=20250725T020004, end_date=20250725T020005
[2025-07-25T02:00:05.542+0000] {local_task_job_runner.py:266} INFO - Task exited with return code 0
[2025-07-25T02:00:05.576+0000] {taskinstance.py:3895} INFO - 0 downstream tasks scheduled from follow-on schedule check
[2025-07-25T02:00:05.579+0000] {local_task_job_runner.py:245} INFO - ::endgroup::
