[2025-07-25T10:00:07.213+0000] {local_task_job_runner.py:123} INFO - ::group::Pre task execution logs
[2025-07-25T10:00:07.276+0000] {taskinstance.py:2613} INFO - Dependencies all met for dep_context=non-requeueable deps ti=<TaskInstance: etl_postgres2.load_songplays_fact_table scheduled__2025-07-25T09:00:00+00:00 [queued]>
[2025-07-25T10:00:07.315+0000] {taskinstance.py:2613} INFO - Dependencies all met for dep_context=requeueable deps ti=<TaskInstance: etl_postgres2.load_songplays_fact_table scheduled__2025-07-25T09:00:00+00:00 [queued]>
[2025-07-25T10:00:07.322+0000] {taskinstance.py:2866} INFO - Starting attempt 1 of 6
[2025-07-25T10:00:07.359+0000] {taskinstance.py:2889} INFO - Executing <Task(PythonOperator): load_songplays_fact_table> on 2025-07-25 09:00:00+00:00
[2025-07-25T10:00:07.392+0000] {logging_mixin.py:190} WARNING - /home/***/.local/lib/python3.12/site-packages/***/task/task_runner/standard_task_runner.py:70 DeprecationWarning: This process (pid=763) is multi-threaded, use of fork() may lead to deadlocks in the child.
[2025-07-25T10:00:07.392+0000] {standard_task_runner.py:104} INFO - Running: ['***', 'tasks', 'run', 'etl_postgres2', 'load_songplays_fact_table', 'scheduled__2025-07-25T09:00:00+00:00', '--job-id', '57', '--raw', '--subdir', 'DAGS_FOLDER/etl_dag.py', '--cfg-path', '/tmp/tmp04ssi9rc']
[2025-07-25T10:00:07.406+0000] {standard_task_runner.py:105} INFO - Job 57: Subtask load_songplays_fact_table
[2025-07-25T10:00:07.402+0000] {standard_task_runner.py:72} INFO - Started process 776 to run task
[2025-07-25T10:00:07.650+0000] {task_command.py:467} INFO - Running <TaskInstance: etl_postgres2.load_songplays_fact_table scheduled__2025-07-25T09:00:00+00:00 [running]> on host 72bd964f8e11
[2025-07-25T10:00:08.025+0000] {taskinstance.py:3132} INFO - Exporting env vars: AIRFLOW_CTX_DAG_OWNER='***' AIRFLOW_CTX_DAG_ID='etl_postgres2' AIRFLOW_CTX_TASK_ID='load_songplays_fact_table' AIRFLOW_CTX_EXECUTION_DATE='2025-07-25T09:00:00+00:00' AIRFLOW_CTX_TRY_NUMBER='1' AIRFLOW_CTX_DAG_RUN_ID='scheduled__2025-07-25T09:00:00+00:00'
[2025-07-25T10:00:08.033+0000] {taskinstance.py:731} INFO - ::endgroup::
[2025-07-25T10:00:08.669+0000] {etl_dag.py:253} INFO - Loading songplays fact table
[2025-07-25T10:00:08.679+0000] {etl_dag.py:290} INFO - Inserted 0 records into songplays table
[2025-07-25T10:00:08.682+0000] {etl_dag.py:293} INFO - Songplays fact table loaded successfully
[2025-07-25T10:00:08.683+0000] {python.py:240} INFO - Done. Returned value was: None
[2025-07-25T10:00:08.711+0000] {taskinstance.py:340} INFO - ::group::Post task execution logs
[2025-07-25T10:00:08.720+0000] {taskinstance.py:352} INFO - Marking task as SUCCESS. dag_id=etl_postgres2, task_id=load_songplays_fact_table, run_id=scheduled__2025-07-25T09:00:00+00:00, execution_date=20250725T090000, start_date=20250725T100007, end_date=20250725T100008
[2025-07-25T10:00:08.838+0000] {local_task_job_runner.py:266} INFO - Task exited with return code 0
[2025-07-25T10:00:08.937+0000] {taskinstance.py:3895} INFO - 4 downstream tasks scheduled from follow-on schedule check
[2025-07-25T10:00:08.940+0000] {local_task_job_runner.py:245} INFO - ::endgroup::
