[2025-07-25T02:12:38.183+0000] {local_task_job_runner.py:123} INFO - ::group::Pre task execution logs
[2025-07-25T02:12:38.266+0000] {taskinstance.py:2613} INFO - Dependencies all met for dep_context=non-requeueable deps ti=<TaskInstance: etl_postgres.stage_songs manual__2025-07-25T02:12:33.272121+00:00 [queued]>
[2025-07-25T02:12:38.300+0000] {taskinstance.py:2613} INFO - Dependencies all met for dep_context=requeueable deps ti=<TaskInstance: etl_postgres.stage_songs manual__2025-07-25T02:12:33.272121+00:00 [queued]>
[2025-07-25T02:12:38.303+0000] {taskinstance.py:2866} INFO - Starting attempt 1 of 6
[2025-07-25T02:12:38.345+0000] {taskinstance.py:2889} INFO - Executing <Task(PythonOperator): stage_songs> on 2025-07-25 02:12:33.272121+00:00
[2025-07-25T02:12:38.364+0000] {logging_mixin.py:190} WARNING - /home/***/.local/lib/python3.12/site-packages/***/task/task_runner/standard_task_runner.py:70 DeprecationWarning: This process (pid=1406) is multi-threaded, use of fork() may lead to deadlocks in the child.
[2025-07-25T02:12:38.367+0000] {standard_task_runner.py:72} INFO - Started process 1410 to run task
[2025-07-25T02:12:38.363+0000] {standard_task_runner.py:104} INFO - Running: ['***', 'tasks', 'run', 'etl_postgres', 'stage_songs', 'manual__2025-07-25T02:12:33.272121+00:00', '--job-id', '137', '--raw', '--subdir', 'DAGS_FOLDER/etl_dag.py', '--cfg-path', '/tmp/tmpt480cftr']
[2025-07-25T02:12:38.369+0000] {standard_task_runner.py:105} INFO - Job 137: Subtask stage_songs
[2025-07-25T02:12:38.530+0000] {task_command.py:467} INFO - Running <TaskInstance: etl_postgres.stage_songs manual__2025-07-25T02:12:33.272121+00:00 [running]> on host 0c6a6447a272
[2025-07-25T02:12:39.523+0000] {taskinstance.py:3132} INFO - Exporting env vars: AIRFLOW_CTX_DAG_OWNER='***' AIRFLOW_CTX_DAG_ID='etl_postgres' AIRFLOW_CTX_TASK_ID='stage_songs' AIRFLOW_CTX_EXECUTION_DATE='2025-07-25T02:12:33.272121+00:00' AIRFLOW_CTX_TRY_NUMBER='1' AIRFLOW_CTX_DAG_RUN_ID='manual__2025-07-25T02:12:33.272121+00:00'
[2025-07-25T02:12:39.525+0000] {taskinstance.py:731} INFO - ::endgroup::
[2025-07-25T02:12:39.613+0000] {etl_dag.py:227} INFO - Staging songs data
[2025-07-25T02:12:39.617+0000] {etl_dag.py:286} INFO - Songs data staged successfully. Processed 0 files, 0 records
[2025-07-25T02:12:39.618+0000] {python.py:240} INFO - Done. Returned value was: None
[2025-07-25T02:12:39.650+0000] {taskinstance.py:340} INFO - ::group::Post task execution logs
[2025-07-25T02:12:39.660+0000] {taskinstance.py:352} INFO - Marking task as SUCCESS. dag_id=etl_postgres, task_id=stage_songs, run_id=manual__2025-07-25T02:12:33.272121+00:00, execution_date=20250725T021233, start_date=20250725T021238, end_date=20250725T021239
[2025-07-25T02:12:39.765+0000] {local_task_job_runner.py:266} INFO - Task exited with return code 0
[2025-07-25T02:12:39.868+0000] {taskinstance.py:3895} INFO - 0 downstream tasks scheduled from follow-on schedule check
[2025-07-25T02:12:39.872+0000] {local_task_job_runner.py:245} INFO - ::endgroup::
