[2025-07-25T01:41:52.031+0000] {local_task_job_runner.py:123} INFO - ::group::Pre task execution logs
[2025-07-25T01:41:52.128+0000] {taskinstance.py:2613} INFO - Dependencies all met for dep_context=non-requeueable deps ti=<TaskInstance: etl_postgres.stage_events scheduled__2025-07-25T00:00:00+00:00 [queued]>
[2025-07-25T01:41:52.220+0000] {taskinstance.py:2613} INFO - Dependencies all met for dep_context=requeueable deps ti=<TaskInstance: etl_postgres.stage_events scheduled__2025-07-25T00:00:00+00:00 [queued]>
[2025-07-25T01:41:52.222+0000] {taskinstance.py:2866} INFO - Starting attempt 1 of 6
[2025-07-25T01:41:52.321+0000] {taskinstance.py:2889} INFO - Executing <Task(PythonOperator): stage_events> on 2025-07-25 00:00:00+00:00
[2025-07-25T01:41:52.463+0000] {logging_mixin.py:190} WARNING - /home/***/.local/lib/python3.12/site-packages/***/task/task_runner/standard_task_runner.py:70 DeprecationWarning: This process (pid=202) is multi-threaded, use of fork() may lead to deadlocks in the child.
[2025-07-25T01:41:52.458+0000] {standard_task_runner.py:104} INFO - Running: ['***', 'tasks', 'run', 'etl_postgres', 'stage_events', 'scheduled__2025-07-25T00:00:00+00:00', '--job-id', '87', '--raw', '--subdir', 'DAGS_FOLDER/etl_dag.py', '--cfg-path', '/tmp/tmp3ru5x0aq']
[2025-07-25T01:41:52.589+0000] {standard_task_runner.py:72} INFO - Started process 208 to run task
[2025-07-25T01:41:52.595+0000] {standard_task_runner.py:105} INFO - Job 87: Subtask stage_events
[2025-07-25T01:41:53.045+0000] {task_command.py:467} INFO - Running <TaskInstance: etl_postgres.stage_events scheduled__2025-07-25T00:00:00+00:00 [running]> on host 0c6a6447a272
[2025-07-25T01:41:54.430+0000] {taskinstance.py:3132} INFO - Exporting env vars: AIRFLOW_CTX_DAG_OWNER='***' AIRFLOW_CTX_DAG_ID='etl_postgres' AIRFLOW_CTX_TASK_ID='stage_events' AIRFLOW_CTX_EXECUTION_DATE='2025-07-25T00:00:00+00:00' AIRFLOW_CTX_TRY_NUMBER='1' AIRFLOW_CTX_DAG_RUN_ID='scheduled__2025-07-25T00:00:00+00:00'
[2025-07-25T01:41:54.573+0000] {taskinstance.py:731} INFO - ::endgroup::
[2025-07-25T01:41:54.683+0000] {etl_dag.py:166} INFO - Staging events data
[2025-07-25T01:41:54.686+0000] {etl_dag.py:191} INFO - loaded event files successfully
[2025-07-25T01:41:54.688+0000] {python.py:240} INFO - Done. Returned value was: None
[2025-07-25T01:41:54.715+0000] {taskinstance.py:340} INFO - ::group::Post task execution logs
[2025-07-25T01:41:54.717+0000] {taskinstance.py:352} INFO - Marking task as SUCCESS. dag_id=etl_postgres, task_id=stage_events, run_id=scheduled__2025-07-25T00:00:00+00:00, execution_date=20250725T000000, start_date=20250725T014152, end_date=20250725T014154
[2025-07-25T01:41:54.900+0000] {local_task_job_runner.py:266} INFO - Task exited with return code 0
[2025-07-25T01:41:55.111+0000] {taskinstance.py:3895} INFO - 0 downstream tasks scheduled from follow-on schedule check
[2025-07-25T01:41:55.130+0000] {local_task_job_runner.py:245} INFO - ::endgroup::
