[2025-07-25T10:00:10.786+0000] {local_task_job_runner.py:123} INFO - ::group::Pre task execution logs
[2025-07-25T10:00:10.893+0000] {taskinstance.py:2613} INFO - Dependencies all met for dep_context=non-requeueable deps ti=<TaskInstance: etl_postgres2.load_artist_dim_table scheduled__2025-07-25T09:00:00+00:00 [queued]>
[2025-07-25T10:00:10.949+0000] {taskinstance.py:2613} INFO - Dependencies all met for dep_context=requeueable deps ti=<TaskInstance: etl_postgres2.load_artist_dim_table scheduled__2025-07-25T09:00:00+00:00 [queued]>
[2025-07-25T10:00:10.951+0000] {taskinstance.py:2866} INFO - Starting attempt 1 of 6
[2025-07-25T10:00:11.034+0000] {taskinstance.py:2889} INFO - Executing <Task(PythonOperator): load_artist_dim_table> on 2025-07-25 09:00:00+00:00
[2025-07-25T10:00:11.076+0000] {logging_mixin.py:190} WARNING - /home/***/.local/lib/python3.12/site-packages/***/task/task_runner/standard_task_runner.py:70 DeprecationWarning: This process (pid=780) is multi-threaded, use of fork() may lead to deadlocks in the child.
[2025-07-25T10:00:11.088+0000] {standard_task_runner.py:72} INFO - Started process 790 to run task
[2025-07-25T10:00:11.081+0000] {standard_task_runner.py:104} INFO - Running: ['***', 'tasks', 'run', 'etl_postgres2', 'load_artist_dim_table', 'scheduled__2025-07-25T09:00:00+00:00', '--job-id', '61', '--raw', '--subdir', 'DAGS_FOLDER/etl_dag.py', '--cfg-path', '/tmp/tmpho4gp4k6']
[2025-07-25T10:00:11.114+0000] {standard_task_runner.py:105} INFO - Job 61: Subtask load_artist_dim_table
[2025-07-25T10:00:11.406+0000] {task_command.py:467} INFO - Running <TaskInstance: etl_postgres2.load_artist_dim_table scheduled__2025-07-25T09:00:00+00:00 [running]> on host 72bd964f8e11
[2025-07-25T10:00:11.736+0000] {taskinstance.py:3132} INFO - Exporting env vars: AIRFLOW_CTX_DAG_OWNER='***' AIRFLOW_CTX_DAG_ID='etl_postgres2' AIRFLOW_CTX_TASK_ID='load_artist_dim_table' AIRFLOW_CTX_EXECUTION_DATE='2025-07-25T09:00:00+00:00' AIRFLOW_CTX_TRY_NUMBER='1' AIRFLOW_CTX_DAG_RUN_ID='scheduled__2025-07-25T09:00:00+00:00'
[2025-07-25T10:00:11.739+0000] {taskinstance.py:731} INFO - ::endgroup::
[2025-07-25T10:00:12.335+0000] {etl_dag.py:395} INFO - Loading artist dimension table
[2025-07-25T10:00:12.340+0000] {etl_dag.py:414} INFO - Inserted 0 records into artists table
[2025-07-25T10:00:12.341+0000] {etl_dag.py:417} INFO - Artist dimension table loaded successfully
[2025-07-25T10:00:12.342+0000] {python.py:240} INFO - Done. Returned value was: None
[2025-07-25T10:00:12.364+0000] {taskinstance.py:340} INFO - ::group::Post task execution logs
[2025-07-25T10:00:12.365+0000] {taskinstance.py:352} INFO - Marking task as SUCCESS. dag_id=etl_postgres2, task_id=load_artist_dim_table, run_id=scheduled__2025-07-25T09:00:00+00:00, execution_date=20250725T090000, start_date=20250725T100010, end_date=20250725T100012
[2025-07-25T10:00:12.456+0000] {local_task_job_runner.py:266} INFO - Task exited with return code 0
[2025-07-25T10:00:12.523+0000] {taskinstance.py:3895} INFO - 1 downstream tasks scheduled from follow-on schedule check
[2025-07-25T10:00:12.530+0000] {local_task_job_runner.py:245} INFO - ::endgroup::
