[2025-07-22T09:12:38.755+0000] {local_task_job_runner.py:123} INFO - ::group::Pre task execution logs
[2025-07-22T09:12:38.776+0000] {taskinstance.py:2613} INFO - Dependencies all met for dep_context=non-requeueable deps ti=<TaskInstance: etl_postgres.create_tables manual__2025-07-22T09:12:36.674628+00:00 [queued]>
[2025-07-22T09:12:38.789+0000] {taskinstance.py:2613} INFO - Dependencies all met for dep_context=requeueable deps ti=<TaskInstance: etl_postgres.create_tables manual__2025-07-22T09:12:36.674628+00:00 [queued]>
[2025-07-22T09:12:38.790+0000] {taskinstance.py:2866} INFO - Starting attempt 1 of 6
[2025-07-22T09:12:38.812+0000] {taskinstance.py:2889} INFO - Executing <Task(PostgresOperator): create_tables> on 2025-07-22 09:12:36.674628+00:00
[2025-07-22T09:12:38.821+0000] {logging_mixin.py:190} WARNING - /home/***/.local/lib/python3.12/site-packages/***/task/task_runner/standard_task_runner.py:70 DeprecationWarning: This process (pid=237) is multi-threaded, use of fork() may lead to deadlocks in the child.
[2025-07-22T09:12:38.823+0000] {standard_task_runner.py:72} INFO - Started process 239 to run task
[2025-07-22T09:12:38.821+0000] {standard_task_runner.py:104} INFO - Running: ['***', 'tasks', 'run', 'etl_postgres', 'create_tables', 'manual__2025-07-22T09:12:36.674628+00:00', '--job-id', '3', '--raw', '--subdir', 'DAGS_FOLDER/etl_dag.py', '--cfg-path', '/tmp/tmp64bw8gnm']
[2025-07-22T09:12:38.824+0000] {standard_task_runner.py:105} INFO - Job 3: Subtask create_tables
[2025-07-22T09:12:38.900+0000] {task_command.py:467} INFO - Running <TaskInstance: etl_postgres.create_tables manual__2025-07-22T09:12:36.674628+00:00 [running]> on host 8bfe7d387f3f
[2025-07-22T09:12:38.989+0000] {taskinstance.py:3132} INFO - Exporting env vars: AIRFLOW_CTX_DAG_OWNER='***' AIRFLOW_CTX_DAG_ID='etl_postgres' AIRFLOW_CTX_TASK_ID='create_tables' AIRFLOW_CTX_EXECUTION_DATE='2025-07-22T09:12:36.674628+00:00' AIRFLOW_CTX_TRY_NUMBER='1' AIRFLOW_CTX_DAG_RUN_ID='manual__2025-07-22T09:12:36.674628+00:00'
[2025-07-22T09:12:38.991+0000] {taskinstance.py:731} INFO - ::endgroup::
[2025-07-22T09:12:39.061+0000] {sql.py:278} INFO - Executing: CREATE TABLE public.artists (
	artistid varchar(256) NOT NULL,
	name varchar(256),
	location varchar(256),
	lattitude numeric(18,0),
	longitude numeric(18,0)
);

CREATE TABLE public.songplays (
	playid varchar(32) NOT NULL,
	start_time timestamp NOT NULL,
	userid int4 NOT NULL,
	"level" varchar(256),
	songid varchar(256),
	artistid varchar(256),
	sessionid int4,
	location varchar(256),
	user_agent varchar(256),
	CONSTRAINT songplays_pkey PRIMARY KEY (playid)
);

CREATE TABLE public.songs (
	songid varchar(256) NOT NULL,
	title varchar(256),
	artistid varchar(256),
	"year" int4,
	duration numeric(18,0),
	CONSTRAINT songs_pkey PRIMARY KEY (songid)
);

CREATE TABLE public.staging_events (
	artist varchar(256),
	auth varchar(256),
	firstname varchar(256),
	gender varchar(256),
	iteminsession int4,
	lastname varchar(256),
	length numeric(18,0),
	"level" varchar(256),
	location varchar(256),
	"method" varchar(256),
	page varchar(256),
	registration numeric(18,0),
	sessionid int4,
	song varchar(256),
	status int4,
	ts int8,
	useragent varchar(256),
	userid int4
);

CREATE TABLE public.staging_songs (
	num_songs int4,
	artist_id varchar(256),
	artist_name varchar(256),
	artist_latitude numeric(18,0),
	artist_longitude numeric(18,0),
	artist_location varchar(256),
	song_id varchar(256),
	title varchar(256),
	duration numeric(18,0),
	"year" int4
);

CREATE TABLE public."time" (
	start_time timestamp NOT NULL,
	"hour" int4,
	"day" int4,
	week int4,
	"month" varchar(256),
	"year" int4,
	weekday varchar(256),
	CONSTRAINT time_pkey PRIMARY KEY (start_time)
) ;

CREATE TABLE public.users (
	userid int4 NOT NULL,
	first_name varchar(256),
	last_name varchar(256),
	gender varchar(256),
	"level" varchar(256),
	CONSTRAINT users_pkey PRIMARY KEY (userid)
);
[2025-07-22T09:12:39.076+0000] {base.py:84} INFO - Retrieving connection 'postgres_default'
[2025-07-22T09:12:39.096+0000] {base.py:84} INFO - Retrieving connection 'postgres_default'
[2025-07-22T09:12:39.106+0000] {sql.py:544} INFO - Running statement: CREATE TABLE public.artists (
	artistid varchar(256) NOT NULL,
	name varchar(256),
	location varchar(256),
	lattitude numeric(18,0),
	longitude numeric(18,0)
);

CREATE TABLE public.songplays (
	playid varchar(32) NOT NULL,
	start_time timestamp NOT NULL,
	userid int4 NOT NULL,
	"level" varchar(256),
	songid varchar(256),
	artistid varchar(256),
	sessionid int4,
	location varchar(256),
	user_agent varchar(256),
	CONSTRAINT songplays_pkey PRIMARY KEY (playid)
);

CREATE TABLE public.songs (
	songid varchar(256) NOT NULL,
	title varchar(256),
	artistid varchar(256),
	"year" int4,
	duration numeric(18,0),
	CONSTRAINT songs_pkey PRIMARY KEY (songid)
);

CREATE TABLE public.staging_events (
	artist varchar(256),
	auth varchar(256),
	firstname varchar(256),
	gender varchar(256),
	iteminsession int4,
	lastname varchar(256),
	length numeric(18,0),
	"level" varchar(256),
	location varchar(256),
	"method" varchar(256),
	page varchar(256),
	registration numeric(18,0),
	sessionid int4,
	song varchar(256),
	status int4,
	ts int8,
	useragent varchar(256),
	userid int4
);

CREATE TABLE public.staging_songs (
	num_songs int4,
	artist_id varchar(256),
	artist_name varchar(256),
	artist_latitude numeric(18,0),
	artist_longitude numeric(18,0),
	artist_location varchar(256),
	song_id varchar(256),
	title varchar(256),
	duration numeric(18,0),
	"year" int4
);

CREATE TABLE public."time" (
	start_time timestamp NOT NULL,
	"hour" int4,
	"day" int4,
	week int4,
	"month" varchar(256),
	"year" int4,
	weekday varchar(256),
	CONSTRAINT time_pkey PRIMARY KEY (start_time)
) ;

CREATE TABLE public.users (
	userid int4 NOT NULL,
	first_name varchar(256),
	last_name varchar(256),
	gender varchar(256),
	"level" varchar(256),
	CONSTRAINT users_pkey PRIMARY KEY (userid)
);, parameters: None
[2025-07-22T09:12:39.163+0000] {taskinstance.py:340} INFO - ::group::Post task execution logs
[2025-07-22T09:12:39.164+0000] {taskinstance.py:352} INFO - Marking task as SUCCESS. dag_id=etl_postgres, task_id=create_tables, run_id=manual__2025-07-22T09:12:36.674628+00:00, execution_date=20250722T091236, start_date=20250722T091238, end_date=20250722T091239
[2025-07-22T09:12:39.241+0000] {local_task_job_runner.py:266} INFO - Task exited with return code 0
[2025-07-22T09:12:39.292+0000] {taskinstance.py:3895} INFO - 2 downstream tasks scheduled from follow-on schedule check
[2025-07-22T09:12:39.295+0000] {local_task_job_runner.py:245} INFO - ::endgroup::
