[2025-07-25T01:42:11.690+0000] {local_task_job_runner.py:123} INFO - ::group::Pre task execution logs
[2025-07-25T01:42:11.812+0000] {taskinstance.py:2613} INFO - Dependencies all met for dep_context=non-requeueable deps ti=<TaskInstance: etl_postgres.load_artist_dim_table scheduled__2025-07-25T00:00:00+00:00 [queued]>
[2025-07-25T01:42:11.872+0000] {taskinstance.py:2613} INFO - Dependencies all met for dep_context=requeueable deps ti=<TaskInstance: etl_postgres.load_artist_dim_table scheduled__2025-07-25T00:00:00+00:00 [queued]>
[2025-07-25T01:42:12.083+0000] {taskinstance.py:2866} INFO - Starting attempt 1 of 6
[2025-07-25T01:42:12.399+0000] {taskinstance.py:2889} INFO - Executing <Task(PythonOperator): load_artist_dim_table> on 2025-07-25 00:00:00+00:00
[2025-07-25T01:42:12.567+0000] {logging_mixin.py:190} WARNING - /home/***/.local/lib/python3.12/site-packages/***/task/task_runner/standard_task_runner.py:70 DeprecationWarning: This process (pid=228) is multi-threaded, use of fork() may lead to deadlocks in the child.
[2025-07-25T01:42:12.568+0000] {standard_task_runner.py:104} INFO - Running: ['***', 'tasks', 'run', 'etl_postgres', 'load_artist_dim_table', 'scheduled__2025-07-25T00:00:00+00:00', '--job-id', '95', '--raw', '--subdir', 'DAGS_FOLDER/etl_dag.py', '--cfg-path', '/tmp/tmpvi_rlz4y']
[2025-07-25T01:42:12.597+0000] {standard_task_runner.py:72} INFO - Started process 234 to run task
[2025-07-25T01:42:12.619+0000] {standard_task_runner.py:105} INFO - Job 95: Subtask load_artist_dim_table
[2025-07-25T01:42:13.406+0000] {task_command.py:467} INFO - Running <TaskInstance: etl_postgres.load_artist_dim_table scheduled__2025-07-25T00:00:00+00:00 [running]> on host 0c6a6447a272
[2025-07-25T01:42:14.563+0000] {taskinstance.py:3132} INFO - Exporting env vars: AIRFLOW_CTX_DAG_OWNER='***' AIRFLOW_CTX_DAG_ID='etl_postgres' AIRFLOW_CTX_TASK_ID='load_artist_dim_table' AIRFLOW_CTX_EXECUTION_DATE='2025-07-25T00:00:00+00:00' AIRFLOW_CTX_TRY_NUMBER='1' AIRFLOW_CTX_DAG_RUN_ID='scheduled__2025-07-25T00:00:00+00:00'
[2025-07-25T01:42:14.600+0000] {taskinstance.py:731} INFO - ::endgroup::
[2025-07-25T01:42:14.677+0000] {etl_dag.py:91} INFO - Loading artist dimension table
[2025-07-25T01:42:14.743+0000] {etl_dag.py:94} INFO - Artist dimension table loaded successfully
[2025-07-25T01:42:14.875+0000] {python.py:240} INFO - Done. Returned value was: None
[2025-07-25T01:42:15.093+0000] {taskinstance.py:340} INFO - ::group::Post task execution logs
[2025-07-25T01:42:15.181+0000] {taskinstance.py:352} INFO - Marking task as SUCCESS. dag_id=etl_postgres, task_id=load_artist_dim_table, run_id=scheduled__2025-07-25T00:00:00+00:00, execution_date=20250725T000000, start_date=20250725T014211, end_date=20250725T014215
[2025-07-25T01:42:15.349+0000] {local_task_job_runner.py:266} INFO - Task exited with return code 0
[2025-07-25T01:42:15.434+0000] {taskinstance.py:3895} INFO - 0 downstream tasks scheduled from follow-on schedule check
[2025-07-25T01:42:15.439+0000] {local_task_job_runner.py:245} INFO - ::endgroup::
