[2025-07-26T09:10:47.736+0000] {local_task_job_runner.py:123} INFO - ::group::Pre task execution logs
[2025-07-26T09:10:47.828+0000] {taskinstance.py:2613} INFO - Dependencies all met for dep_context=non-requeueable deps ti=<TaskInstance: etl_postgres2.load_songplays_fact_table scheduled__2025-07-26T08:00:00+00:00 [queued]>
[2025-07-26T09:10:47.854+0000] {taskinstance.py:2613} INFO - Dependencies all met for dep_context=requeueable deps ti=<TaskInstance: etl_postgres2.load_songplays_fact_table scheduled__2025-07-26T08:00:00+00:00 [queued]>
[2025-07-26T09:10:47.857+0000] {taskinstance.py:2866} INFO - Starting attempt 1 of 6
[2025-07-26T09:10:47.962+0000] {taskinstance.py:2889} INFO - Executing <Task(PythonOperator): load_songplays_fact_table> on 2025-07-26 08:00:00+00:00
[2025-07-26T09:10:47.994+0000] {logging_mixin.py:190} WARNING - /home/***/.local/lib/python3.12/site-packages/***/task/task_runner/standard_task_runner.py:70 DeprecationWarning: This process (pid=261) is multi-threaded, use of fork() may lead to deadlocks in the child.
[2025-07-26T09:10:47.986+0000] {standard_task_runner.py:104} INFO - Running: ['***', 'tasks', 'run', 'etl_postgres2', 'load_songplays_fact_table', 'scheduled__2025-07-26T08:00:00+00:00', '--job-id', '147', '--raw', '--subdir', 'DAGS_FOLDER/etl_dag.py', '--cfg-path', '/tmp/tmp__bfrb3v']
[2025-07-26T09:10:47.998+0000] {standard_task_runner.py:72} INFO - Started process 283 to run task
[2025-07-26T09:10:47.999+0000] {standard_task_runner.py:105} INFO - Job 147: Subtask load_songplays_fact_table
[2025-07-26T09:10:48.301+0000] {task_command.py:467} INFO - Running <TaskInstance: etl_postgres2.load_songplays_fact_table scheduled__2025-07-26T08:00:00+00:00 [running]> on host 72bd964f8e11
[2025-07-26T09:10:49.141+0000] {taskinstance.py:3132} INFO - Exporting env vars: AIRFLOW_CTX_DAG_OWNER='***' AIRFLOW_CTX_DAG_ID='etl_postgres2' AIRFLOW_CTX_TASK_ID='load_songplays_fact_table' AIRFLOW_CTX_EXECUTION_DATE='2025-07-26T08:00:00+00:00' AIRFLOW_CTX_TRY_NUMBER='1' AIRFLOW_CTX_DAG_RUN_ID='scheduled__2025-07-26T08:00:00+00:00'
[2025-07-26T09:10:49.146+0000] {taskinstance.py:731} INFO - ::endgroup::
[2025-07-26T09:10:49.222+0000] {etl_dag.py:253} INFO - Loading songplays fact table
[2025-07-26T09:10:49.231+0000] {etl_dag.py:290} INFO - Inserted 0 records into songplays table
[2025-07-26T09:10:49.234+0000] {etl_dag.py:293} INFO - Songplays fact table loaded successfully
[2025-07-26T09:10:49.242+0000] {python.py:240} INFO - Done. Returned value was: None
[2025-07-26T09:10:49.271+0000] {taskinstance.py:340} INFO - ::group::Post task execution logs
[2025-07-26T09:10:49.275+0000] {taskinstance.py:352} INFO - Marking task as SUCCESS. dag_id=etl_postgres2, task_id=load_songplays_fact_table, run_id=scheduled__2025-07-26T08:00:00+00:00, execution_date=20250726T080000, start_date=20250726T091047, end_date=20250726T091049
[2025-07-26T09:10:49.352+0000] {local_task_job_runner.py:266} INFO - Task exited with return code 0
[2025-07-26T09:10:49.375+0000] {local_task_job_runner.py:245} INFO - ::endgroup::
