[2025-07-25T01:42:04.466+0000] {local_task_job_runner.py:123} INFO - ::group::Pre task execution logs
[2025-07-25T01:42:04.905+0000] {taskinstance.py:2613} INFO - Dependencies all met for dep_context=non-requeueable deps ti=<TaskInstance: etl_postgres.load_user_dim_table scheduled__2025-07-22T10:00:00+00:00 [queued]>
[2025-07-25T01:42:04.958+0000] {taskinstance.py:2613} INFO - Dependencies all met for dep_context=requeueable deps ti=<TaskInstance: etl_postgres.load_user_dim_table scheduled__2025-07-22T10:00:00+00:00 [queued]>
[2025-07-25T01:42:04.960+0000] {taskinstance.py:2866} INFO - Starting attempt 1 of 6
[2025-07-25T01:42:05.144+0000] {taskinstance.py:2889} INFO - Executing <Task(PythonOperator): load_user_dim_table> on 2025-07-22 10:00:00+00:00
[2025-07-25T01:42:05.169+0000] {logging_mixin.py:190} WARNING - /home/***/.local/lib/python3.12/site-packages/***/task/task_runner/standard_task_runner.py:70 DeprecationWarning: This process (pid=217) is multi-threaded, use of fork() may lead to deadlocks in the child.
[2025-07-25T01:42:05.220+0000] {standard_task_runner.py:72} INFO - Started process 231 to run task
[2025-07-25T01:42:05.199+0000] {standard_task_runner.py:104} INFO - Running: ['***', 'tasks', 'run', 'etl_postgres', 'load_user_dim_table', 'scheduled__2025-07-22T10:00:00+00:00', '--job-id', '93', '--raw', '--subdir', 'DAGS_FOLDER/etl_dag.py', '--cfg-path', '/tmp/tmp28p9x_z0']
[2025-07-25T01:42:05.247+0000] {standard_task_runner.py:105} INFO - Job 93: Subtask load_user_dim_table
[2025-07-25T01:42:06.362+0000] {task_command.py:467} INFO - Running <TaskInstance: etl_postgres.load_user_dim_table scheduled__2025-07-22T10:00:00+00:00 [running]> on host 0c6a6447a272
[2025-07-25T01:42:08.818+0000] {taskinstance.py:3132} INFO - Exporting env vars: AIRFLOW_CTX_DAG_OWNER='***' AIRFLOW_CTX_DAG_ID='etl_postgres' AIRFLOW_CTX_TASK_ID='load_user_dim_table' AIRFLOW_CTX_EXECUTION_DATE='2025-07-22T10:00:00+00:00' AIRFLOW_CTX_TRY_NUMBER='1' AIRFLOW_CTX_DAG_RUN_ID='scheduled__2025-07-22T10:00:00+00:00'
[2025-07-25T01:42:09.000+0000] {taskinstance.py:731} INFO - ::endgroup::
[2025-07-25T01:42:10.358+0000] {etl_dag.py:63} INFO - Loading user dimension table
[2025-07-25T01:42:10.651+0000] {etl_dag.py:66} INFO - User dimension table loaded successfully
[2025-07-25T01:42:10.730+0000] {python.py:240} INFO - Done. Returned value was: None
[2025-07-25T01:42:10.909+0000] {taskinstance.py:340} INFO - ::group::Post task execution logs
[2025-07-25T01:42:11.039+0000] {taskinstance.py:352} INFO - Marking task as SUCCESS. dag_id=etl_postgres, task_id=load_user_dim_table, run_id=scheduled__2025-07-22T10:00:00+00:00, execution_date=20250722T100000, start_date=20250725T014204, end_date=20250725T014211
[2025-07-25T01:42:11.258+0000] {local_task_job_runner.py:266} INFO - Task exited with return code 0
[2025-07-25T01:42:11.413+0000] {taskinstance.py:3895} INFO - 0 downstream tasks scheduled from follow-on schedule check
[2025-07-25T01:42:11.792+0000] {local_task_job_runner.py:245} INFO - ::endgroup::
