[2025-07-25T09:58:30.713+0000] {local_task_job_runner.py:123} INFO - ::group::Pre task execution logs
[2025-07-25T09:58:30.769+0000] {taskinstance.py:2613} INFO - Dependencies all met for dep_context=non-requeueable deps ti=<TaskInstance: etl_postgres2.load_artist_dim_table scheduled__2025-07-25T08:00:00+00:00 [queued]>
[2025-07-25T09:58:30.798+0000] {taskinstance.py:2613} INFO - Dependencies all met for dep_context=requeueable deps ti=<TaskInstance: etl_postgres2.load_artist_dim_table scheduled__2025-07-25T08:00:00+00:00 [queued]>
[2025-07-25T09:58:30.800+0000] {taskinstance.py:2866} INFO - Starting attempt 1 of 6
[2025-07-25T09:58:30.848+0000] {taskinstance.py:2889} INFO - Executing <Task(PythonOperator): load_artist_dim_table> on 2025-07-25 08:00:00+00:00
[2025-07-25T09:58:30.879+0000] {logging_mixin.py:190} WARNING - /home/***/.local/lib/python3.12/site-packages/***/task/task_runner/standard_task_runner.py:70 DeprecationWarning: This process (pid=604) is multi-threaded, use of fork() may lead to deadlocks in the child.
[2025-07-25T09:58:30.872+0000] {standard_task_runner.py:104} INFO - Running: ['***', 'tasks', 'run', 'etl_postgres2', 'load_artist_dim_table', 'scheduled__2025-07-25T08:00:00+00:00', '--job-id', '28', '--raw', '--subdir', 'DAGS_FOLDER/etl_dag.py', '--cfg-path', '/tmp/tmpho4n9ad5']
[2025-07-25T09:58:30.883+0000] {standard_task_runner.py:72} INFO - Started process 617 to run task
[2025-07-25T09:58:30.884+0000] {standard_task_runner.py:105} INFO - Job 28: Subtask load_artist_dim_table
[2025-07-25T09:58:31.089+0000] {task_command.py:467} INFO - Running <TaskInstance: etl_postgres2.load_artist_dim_table scheduled__2025-07-25T08:00:00+00:00 [running]> on host 72bd964f8e11
[2025-07-25T09:58:31.348+0000] {taskinstance.py:3132} INFO - Exporting env vars: AIRFLOW_CTX_DAG_OWNER='***' AIRFLOW_CTX_DAG_ID='etl_postgres2' AIRFLOW_CTX_TASK_ID='load_artist_dim_table' AIRFLOW_CTX_EXECUTION_DATE='2025-07-25T08:00:00+00:00' AIRFLOW_CTX_TRY_NUMBER='1' AIRFLOW_CTX_DAG_RUN_ID='scheduled__2025-07-25T08:00:00+00:00'
[2025-07-25T09:58:31.350+0000] {taskinstance.py:731} INFO - ::endgroup::
[2025-07-25T09:58:32.259+0000] {etl_dag.py:395} INFO - Loading artist dimension table
[2025-07-25T09:58:32.273+0000] {etl_dag.py:414} INFO - Inserted 0 records into artists table
[2025-07-25T09:58:32.277+0000] {etl_dag.py:417} INFO - Artist dimension table loaded successfully
[2025-07-25T09:58:32.285+0000] {python.py:240} INFO - Done. Returned value was: None
[2025-07-25T09:58:32.331+0000] {taskinstance.py:340} INFO - ::group::Post task execution logs
[2025-07-25T09:58:32.333+0000] {taskinstance.py:352} INFO - Marking task as SUCCESS. dag_id=etl_postgres2, task_id=load_artist_dim_table, run_id=scheduled__2025-07-25T08:00:00+00:00, execution_date=20250725T080000, start_date=20250725T095830, end_date=20250725T095832
[2025-07-25T09:58:32.445+0000] {local_task_job_runner.py:266} INFO - Task exited with return code 0
[2025-07-25T09:58:32.499+0000] {taskinstance.py:3895} INFO - 0 downstream tasks scheduled from follow-on schedule check
[2025-07-25T09:58:32.504+0000] {local_task_job_runner.py:245} INFO - ::endgroup::
