[2025-07-25T09:58:26.839+0000] {local_task_job_runner.py:123} INFO - ::group::Pre task execution logs
[2025-07-25T09:58:26.866+0000] {taskinstance.py:2613} INFO - Dependencies all met for dep_context=non-requeueable deps ti=<TaskInstance: etl_postgres2.stage_events scheduled__2025-07-25T08:00:00+00:00 [queued]>
[2025-07-25T09:58:26.885+0000] {taskinstance.py:2613} INFO - Dependencies all met for dep_context=requeueable deps ti=<TaskInstance: etl_postgres2.stage_events scheduled__2025-07-25T08:00:00+00:00 [queued]>
[2025-07-25T09:58:26.886+0000] {taskinstance.py:2866} INFO - Starting attempt 1 of 6
[2025-07-25T09:58:26.907+0000] {taskinstance.py:2889} INFO - Executing <Task(PythonOperator): stage_events> on 2025-07-25 08:00:00+00:00
[2025-07-25T09:58:26.921+0000] {standard_task_runner.py:104} INFO - Running: ['***', 'tasks', 'run', 'etl_postgres2', 'stage_events', 'scheduled__2025-07-25T08:00:00+00:00', '--job-id', '18', '--raw', '--subdir', 'DAGS_FOLDER/etl_dag.py', '--cfg-path', '/tmp/tmpnv9_lar1']
[2025-07-25T09:58:26.922+0000] {logging_mixin.py:190} WARNING - /home/***/.local/lib/python3.12/site-packages/***/task/task_runner/standard_task_runner.py:70 DeprecationWarning: This process (pid=581) is multi-threaded, use of fork() may lead to deadlocks in the child.
[2025-07-25T09:58:26.925+0000] {standard_task_runner.py:105} INFO - Job 18: Subtask stage_events
[2025-07-25T09:58:26.926+0000] {standard_task_runner.py:72} INFO - Started process 584 to run task
[2025-07-25T09:58:27.021+0000] {task_command.py:467} INFO - Running <TaskInstance: etl_postgres2.stage_events scheduled__2025-07-25T08:00:00+00:00 [running]> on host 72bd964f8e11
[2025-07-25T09:58:27.151+0000] {taskinstance.py:3132} INFO - Exporting env vars: AIRFLOW_CTX_DAG_OWNER='***' AIRFLOW_CTX_DAG_ID='etl_postgres2' AIRFLOW_CTX_TASK_ID='stage_events' AIRFLOW_CTX_EXECUTION_DATE='2025-07-25T08:00:00+00:00' AIRFLOW_CTX_TRY_NUMBER='1' AIRFLOW_CTX_DAG_RUN_ID='scheduled__2025-07-25T08:00:00+00:00'
[2025-07-25T09:58:27.153+0000] {taskinstance.py:731} INFO - ::endgroup::
[2025-07-25T09:58:27.497+0000] {etl_dag.py:149} INFO - Staging events data
[2025-07-25T09:58:27.502+0000] {etl_dag.py:234} INFO - Staging events completed: 0 records loaded
[2025-07-25T09:58:27.504+0000] {python.py:240} INFO - Done. Returned value was: None
[2025-07-25T09:58:27.525+0000] {taskinstance.py:340} INFO - ::group::Post task execution logs
[2025-07-25T09:58:27.526+0000] {taskinstance.py:352} INFO - Marking task as SUCCESS. dag_id=etl_postgres2, task_id=stage_events, run_id=scheduled__2025-07-25T08:00:00+00:00, execution_date=20250725T080000, start_date=20250725T095826, end_date=20250725T095827
[2025-07-25T09:58:27.589+0000] {local_task_job_runner.py:266} INFO - Task exited with return code 0
[2025-07-25T09:58:27.677+0000] {taskinstance.py:3895} INFO - 1 downstream tasks scheduled from follow-on schedule check
[2025-07-25T09:58:27.681+0000] {local_task_job_runner.py:245} INFO - ::endgroup::
