[2025-07-22T09:52:48.121+0000] {local_task_job_runner.py:123} INFO - ::group::Pre task execution logs
[2025-07-22T09:52:48.166+0000] {taskinstance.py:2613} INFO - Dependencies all met for dep_context=non-requeueable deps ti=<TaskInstance: etl_postgres.stage_songs manual__2025-07-22T09:44:34.337847+00:00 [queued]>
[2025-07-22T09:52:48.184+0000] {taskinstance.py:2613} INFO - Dependencies all met for dep_context=requeueable deps ti=<TaskInstance: etl_postgres.stage_songs manual__2025-07-22T09:44:34.337847+00:00 [queued]>
[2025-07-22T09:52:48.186+0000] {taskinstance.py:2866} INFO - Starting attempt 1 of 6
[2025-07-22T09:52:48.214+0000] {taskinstance.py:2889} INFO - Executing <Task(PythonOperator): stage_songs> on 2025-07-22 09:44:34.337847+00:00
[2025-07-22T09:52:48.229+0000] {logging_mixin.py:190} WARNING - /home/***/.local/lib/python3.12/site-packages/***/task/task_runner/standard_task_runner.py:70 DeprecationWarning: This process (pid=530) is multi-threaded, use of fork() may lead to deadlocks in the child.
[2025-07-22T09:52:48.232+0000] {standard_task_runner.py:72} INFO - Started process 531 to run task
[2025-07-22T09:52:48.229+0000] {standard_task_runner.py:104} INFO - Running: ['***', 'tasks', 'run', 'etl_postgres', 'stage_songs', 'manual__2025-07-22T09:44:34.337847+00:00', '--job-id', '22', '--raw', '--subdir', 'DAGS_FOLDER/etl_dag.py', '--cfg-path', '/tmp/tmp1xu1uldp']
[2025-07-22T09:52:48.234+0000] {standard_task_runner.py:105} INFO - Job 22: Subtask stage_songs
[2025-07-22T09:52:48.332+0000] {task_command.py:467} INFO - Running <TaskInstance: etl_postgres.stage_songs manual__2025-07-22T09:44:34.337847+00:00 [running]> on host 0c6a6447a272
[2025-07-22T09:52:48.452+0000] {taskinstance.py:3132} INFO - Exporting env vars: AIRFLOW_CTX_DAG_OWNER='***' AIRFLOW_CTX_DAG_ID='etl_postgres' AIRFLOW_CTX_TASK_ID='stage_songs' AIRFLOW_CTX_EXECUTION_DATE='2025-07-22T09:44:34.337847+00:00' AIRFLOW_CTX_TRY_NUMBER='1' AIRFLOW_CTX_DAG_RUN_ID='manual__2025-07-22T09:44:34.337847+00:00'
[2025-07-22T09:52:48.454+0000] {taskinstance.py:731} INFO - ::endgroup::
[2025-07-22T09:52:48.506+0000] {etl_dag.py:134} INFO - Staging songs data
[2025-07-22T09:52:48.508+0000] {etl_dag.py:153} INFO - Songs data staged successfully
[2025-07-22T09:52:48.509+0000] {python.py:240} INFO - Done. Returned value was: None
[2025-07-22T09:52:48.829+0000] {taskinstance.py:340} INFO - ::group::Post task execution logs
[2025-07-22T09:52:48.830+0000] {taskinstance.py:352} INFO - Marking task as SUCCESS. dag_id=etl_postgres, task_id=stage_songs, run_id=manual__2025-07-22T09:44:34.337847+00:00, execution_date=20250722T094434, start_date=20250722T095248, end_date=20250722T095248
[2025-07-22T09:52:48.892+0000] {local_task_job_runner.py:266} INFO - Task exited with return code 0
[2025-07-22T09:52:48.948+0000] {taskinstance.py:3895} INFO - 0 downstream tasks scheduled from follow-on schedule check
[2025-07-22T09:52:48.954+0000] {local_task_job_runner.py:245} INFO - ::endgroup::
