[2025-07-26T09:10:50.547+0000] {local_task_job_runner.py:123} INFO - ::group::Pre task execution logs
[2025-07-26T09:10:50.641+0000] {taskinstance.py:2613} INFO - Dependencies all met for dep_context=non-requeueable deps ti=<TaskInstance: etl_postgres2.load_artist_dim_table scheduled__2025-07-25T10:00:00+00:00 [queued]>
[2025-07-26T09:10:50.704+0000] {taskinstance.py:2613} INFO - Dependencies all met for dep_context=requeueable deps ti=<TaskInstance: etl_postgres2.load_artist_dim_table scheduled__2025-07-25T10:00:00+00:00 [queued]>
[2025-07-26T09:10:50.706+0000] {taskinstance.py:2866} INFO - Starting attempt 1 of 6
[2025-07-26T09:10:50.809+0000] {taskinstance.py:2889} INFO - Executing <Task(PythonOperator): load_artist_dim_table> on 2025-07-25 10:00:00+00:00
[2025-07-26T09:10:50.854+0000] {logging_mixin.py:190} WARNING - /home/***/.local/lib/python3.12/site-packages/***/task/task_runner/standard_task_runner.py:70 DeprecationWarning: This process (pid=288) is multi-threaded, use of fork() may lead to deadlocks in the child.
[2025-07-26T09:10:50.862+0000] {standard_task_runner.py:72} INFO - Started process 312 to run task
[2025-07-26T09:10:50.848+0000] {standard_task_runner.py:104} INFO - Running: ['***', 'tasks', 'run', 'etl_postgres2', 'load_artist_dim_table', 'scheduled__2025-07-25T10:00:00+00:00', '--job-id', '154', '--raw', '--subdir', 'DAGS_FOLDER/etl_dag.py', '--cfg-path', '/tmp/tmpkevtsacw']
[2025-07-26T09:10:50.868+0000] {standard_task_runner.py:105} INFO - Job 154: Subtask load_artist_dim_table
[2025-07-26T09:10:51.155+0000] {task_command.py:467} INFO - Running <TaskInstance: etl_postgres2.load_artist_dim_table scheduled__2025-07-25T10:00:00+00:00 [running]> on host 72bd964f8e11
[2025-07-26T09:10:52.226+0000] {taskinstance.py:3132} INFO - Exporting env vars: AIRFLOW_CTX_DAG_OWNER='***' AIRFLOW_CTX_DAG_ID='etl_postgres2' AIRFLOW_CTX_TASK_ID='load_artist_dim_table' AIRFLOW_CTX_EXECUTION_DATE='2025-07-25T10:00:00+00:00' AIRFLOW_CTX_TRY_NUMBER='1' AIRFLOW_CTX_DAG_RUN_ID='scheduled__2025-07-25T10:00:00+00:00'
[2025-07-26T09:10:52.230+0000] {taskinstance.py:731} INFO - ::endgroup::
[2025-07-26T09:10:52.288+0000] {etl_dag.py:395} INFO - Loading artist dimension table
[2025-07-26T09:10:52.293+0000] {etl_dag.py:414} INFO - Inserted 0 records into artists table
[2025-07-26T09:10:52.301+0000] {etl_dag.py:417} INFO - Artist dimension table loaded successfully
[2025-07-26T09:10:52.304+0000] {python.py:240} INFO - Done. Returned value was: None
[2025-07-26T09:10:52.363+0000] {taskinstance.py:340} INFO - ::group::Post task execution logs
[2025-07-26T09:10:52.365+0000] {taskinstance.py:352} INFO - Marking task as SUCCESS. dag_id=etl_postgres2, task_id=load_artist_dim_table, run_id=scheduled__2025-07-25T10:00:00+00:00, execution_date=20250725T100000, start_date=20250726T091050, end_date=20250726T091052
[2025-07-26T09:10:52.439+0000] {local_task_job_runner.py:266} INFO - Task exited with return code 0
[2025-07-26T09:10:52.463+0000] {local_task_job_runner.py:245} INFO - ::endgroup::
