[2025-07-25T01:41:51.360+0000] {local_task_job_runner.py:123} INFO - ::group::Pre task execution logs
[2025-07-25T01:41:51.577+0000] {taskinstance.py:2613} INFO - Dependencies all met for dep_context=non-requeueable deps ti=<TaskInstance: etl_postgres.stage_songs scheduled__2025-07-22T10:00:00+00:00 [queued]>
[2025-07-25T01:41:51.629+0000] {taskinstance.py:2613} INFO - Dependencies all met for dep_context=requeueable deps ti=<TaskInstance: etl_postgres.stage_songs scheduled__2025-07-22T10:00:00+00:00 [queued]>
[2025-07-25T01:41:51.643+0000] {taskinstance.py:2866} INFO - Starting attempt 1 of 6
[2025-07-25T01:41:51.815+0000] {taskinstance.py:2889} INFO - Executing <Task(PythonOperator): stage_songs> on 2025-07-22 10:00:00+00:00
[2025-07-25T01:41:51.878+0000] {logging_mixin.py:190} WARNING - /home/***/.local/lib/python3.12/site-packages/***/task/task_runner/standard_task_runner.py:70 DeprecationWarning: This process (pid=199) is multi-threaded, use of fork() may lead to deadlocks in the child.
[2025-07-25T01:41:51.940+0000] {standard_task_runner.py:72} INFO - Started process 203 to run task
[2025-07-25T01:41:51.948+0000] {standard_task_runner.py:104} INFO - Running: ['***', 'tasks', 'run', 'etl_postgres', 'stage_songs', 'scheduled__2025-07-22T10:00:00+00:00', '--job-id', '85', '--raw', '--subdir', 'DAGS_FOLDER/etl_dag.py', '--cfg-path', '/tmp/tmp5w7zl6_q']
[2025-07-25T01:41:52.005+0000] {standard_task_runner.py:105} INFO - Job 85: Subtask stage_songs
[2025-07-25T01:41:52.273+0000] {task_command.py:467} INFO - Running <TaskInstance: etl_postgres.stage_songs scheduled__2025-07-22T10:00:00+00:00 [running]> on host 0c6a6447a272
[2025-07-25T01:41:54.284+0000] {taskinstance.py:3132} INFO - Exporting env vars: AIRFLOW_CTX_DAG_OWNER='***' AIRFLOW_CTX_DAG_ID='etl_postgres' AIRFLOW_CTX_TASK_ID='stage_songs' AIRFLOW_CTX_EXECUTION_DATE='2025-07-22T10:00:00+00:00' AIRFLOW_CTX_TRY_NUMBER='1' AIRFLOW_CTX_DAG_RUN_ID='scheduled__2025-07-22T10:00:00+00:00'
[2025-07-25T01:41:54.289+0000] {taskinstance.py:731} INFO - ::endgroup::
[2025-07-25T01:41:54.591+0000] {etl_dag.py:134} INFO - Staging songs data
[2025-07-25T01:41:54.594+0000] {etl_dag.py:156} INFO - Songs data staged successfully
[2025-07-25T01:41:54.606+0000] {python.py:240} INFO - Done. Returned value was: None
[2025-07-25T01:41:54.660+0000] {taskinstance.py:340} INFO - ::group::Post task execution logs
[2025-07-25T01:41:54.663+0000] {taskinstance.py:352} INFO - Marking task as SUCCESS. dag_id=etl_postgres, task_id=stage_songs, run_id=scheduled__2025-07-22T10:00:00+00:00, execution_date=20250722T100000, start_date=20250725T014151, end_date=20250725T014154
[2025-07-25T01:41:54.897+0000] {local_task_job_runner.py:266} INFO - Task exited with return code 0
[2025-07-25T01:41:54.998+0000] {taskinstance.py:3895} INFO - 0 downstream tasks scheduled from follow-on schedule check
[2025-07-25T01:41:55.033+0000] {local_task_job_runner.py:245} INFO - ::endgroup::
