[2025-07-22T10:10:11.341+0000] {local_task_job_runner.py:123} INFO - ::group::Pre task execution logs
[2025-07-22T10:10:11.376+0000] {taskinstance.py:2613} INFO - Dependencies all met for dep_context=non-requeueable deps ti=<TaskInstance: etl_postgres.load_artist_dim_table scheduled__2025-07-22T09:00:00+00:00 [queued]>
[2025-07-22T10:10:11.397+0000] {taskinstance.py:2613} INFO - Dependencies all met for dep_context=requeueable deps ti=<TaskInstance: etl_postgres.load_artist_dim_table scheduled__2025-07-22T09:00:00+00:00 [queued]>
[2025-07-22T10:10:11.398+0000] {taskinstance.py:2866} INFO - Starting attempt 1 of 6
[2025-07-22T10:10:11.423+0000] {taskinstance.py:2889} INFO - Executing <Task(PythonOperator): load_artist_dim_table> on 2025-07-22 09:00:00+00:00
[2025-07-22T10:10:11.442+0000] {logging_mixin.py:190} WARNING - /home/***/.local/lib/python3.12/site-packages/***/task/task_runner/standard_task_runner.py:70 DeprecationWarning: This process (pid=1194) is multi-threaded, use of fork() may lead to deadlocks in the child.
[2025-07-22T10:10:11.446+0000] {standard_task_runner.py:72} INFO - Started process 1199 to run task
[2025-07-22T10:10:11.441+0000] {standard_task_runner.py:104} INFO - Running: ['***', 'tasks', 'run', 'etl_postgres', 'load_artist_dim_table', 'scheduled__2025-07-22T09:00:00+00:00', '--job-id', '50', '--raw', '--subdir', 'DAGS_FOLDER/etl_dag.py', '--cfg-path', '/tmp/tmpdflwa_4o']
[2025-07-22T10:10:11.449+0000] {standard_task_runner.py:105} INFO - Job 50: Subtask load_artist_dim_table
[2025-07-22T10:10:11.603+0000] {task_command.py:467} INFO - Running <TaskInstance: etl_postgres.load_artist_dim_table scheduled__2025-07-22T09:00:00+00:00 [running]> on host 0c6a6447a272
[2025-07-22T10:10:11.889+0000] {taskinstance.py:3132} INFO - Exporting env vars: AIRFLOW_CTX_DAG_OWNER='***' AIRFLOW_CTX_DAG_ID='etl_postgres' AIRFLOW_CTX_TASK_ID='load_artist_dim_table' AIRFLOW_CTX_EXECUTION_DATE='2025-07-22T09:00:00+00:00' AIRFLOW_CTX_TRY_NUMBER='1' AIRFLOW_CTX_DAG_RUN_ID='scheduled__2025-07-22T09:00:00+00:00'
[2025-07-22T10:10:11.893+0000] {taskinstance.py:731} INFO - ::endgroup::
[2025-07-22T10:10:12.487+0000] {etl_dag.py:91} INFO - Loading artist dimension table
[2025-07-22T10:10:12.490+0000] {etl_dag.py:94} INFO - Artist dimension table loaded successfully
[2025-07-22T10:10:12.491+0000] {python.py:240} INFO - Done. Returned value was: None
[2025-07-22T10:10:12.509+0000] {taskinstance.py:340} INFO - ::group::Post task execution logs
[2025-07-22T10:10:12.511+0000] {taskinstance.py:352} INFO - Marking task as SUCCESS. dag_id=etl_postgres, task_id=load_artist_dim_table, run_id=scheduled__2025-07-22T09:00:00+00:00, execution_date=20250722T090000, start_date=20250722T101011, end_date=20250722T101012
[2025-07-22T10:10:12.553+0000] {local_task_job_runner.py:266} INFO - Task exited with return code 0
[2025-07-22T10:10:12.620+0000] {taskinstance.py:3895} INFO - 1 downstream tasks scheduled from follow-on schedule check
[2025-07-22T10:10:12.623+0000] {local_task_job_runner.py:245} INFO - ::endgroup::
